<?xml version="1.0" encoding="utf-8"?><testsuites name="pytest tests"><testsuite name="pytest" errors="0" failures="154" skipped="0" tests="442" time="188.370" timestamp="2026-02-18T11:14:02.805157+01:00" hostname="MacBook-Pro-3.fritz.box"><testcase classname="renderers.run_test" name="test[plb_embed_legend_rgba_plb_embed_legend_rgba_png]" time="0.417" /><testcase classname="renderers.run_test" name="test[plb_embed_legend_rgba_plb_embed_legend_rgba_cairo_png]" time="0.453"><failure message="AssertionError: (&quot;results don't match&quot;, '/Users/gfabbian/projects/MapServer/msautotest/renderers/plb_embed_legend_rgba.map', 'plb_embed_legend_rgba.cairo.png')">map = '/Users/gfabbian/projects/MapServer/msautotest/renderers/plb_embed_legend_rgba.map'
out_file = 'plb_embed_legend_rgba.cairo.png'
command = '[MAP2IMG] -m [MAPFILE] -i cairopng -o [RESULT]\n'
extra_args = &lt;_pytest.config.Config object at 0x10e133cb0&gt;

    @pytest.mark.parametrize(
        "map,out_file,command",
        mstestlib.get_pytests(os.path.dirname(os.path.abspath(__file__))),
    )
    def test(map, out_file, command, extra_args):
&gt;       mstestlib.run_pytest(map, out_file, command, extra_args)

run_test.py:46: 
_ _ _ _ _ _ _ _ _ _ _ _ _ _ _ _ _ _ _ _ _ _ _ _ _ _ _ _ _ _ _ _ _ _ 

map = '/Users/gfabbian/projects/MapServer/msautotest/renderers/plb_embed_legend_rgba.map'
out_file = 'plb_embed_legend_rgba.cairo.png'
command = '[MAP2IMG] -m [MAPFILE] -i cairopng -o [RESULT]\n'
extra_args = &lt;_pytest.config.Config object at 0x10e133cb0&gt;

    def run_pytest(map, out_file, command, extra_args):
    
        os.chdir(os.path.dirname(map))
    
        ret, msg = _run(map, out_file, command, extra_args)
&gt;       assert ret, msg
               ^^^
E       AssertionError: ("results don't match", '/Users/gfabbian/projects/MapServer/msautotest/renderers/plb_embed_legend_rgba.map', 'plb_embed_legend_rgba.cairo.png')

../pymod/mstestlib.py:882: AssertionError</failure></testcase><testcase classname="renderers.run_test" name="test[embed_legend_tr_embed_legend_tr_png]" time="0.434" /><testcase classname="renderers.run_test" name="test[embed_legend_tr_embed_legend_tr_cairo_png]" time="0.537"><failure message="AssertionError: (&quot;results don't match&quot;, '/Users/gfabbian/projects/MapServer/msautotest/renderers/embed_legend_tr.map', 'embed_legend_tr.cairo.png')">map = '/Users/gfabbian/projects/MapServer/msautotest/renderers/embed_legend_tr.map'
out_file = 'embed_legend_tr.cairo.png'
command = '[MAP2IMG] -m [MAPFILE] -i cairopng -o [RESULT]\n'
extra_args = &lt;_pytest.config.Config object at 0x10e133cb0&gt;

    @pytest.mark.parametrize(
        "map,out_file,command",
        mstestlib.get_pytests(os.path.dirname(os.path.abspath(__file__))),
    )
    def test(map, out_file, command, extra_args):
&gt;       mstestlib.run_pytest(map, out_file, command, extra_args)

run_test.py:46: 
_ _ _ _ _ _ _ _ _ _ _ _ _ _ _ _ _ _ _ _ _ _ _ _ _ _ _ _ _ _ _ _ _ _ 

map = '/Users/gfabbian/projects/MapServer/msautotest/renderers/embed_legend_tr.map'
out_file = 'embed_legend_tr.cairo.png'
command = '[MAP2IMG] -m [MAPFILE] -i cairopng -o [RESULT]\n'
extra_args = &lt;_pytest.config.Config object at 0x10e133cb0&gt;

    def run_pytest(map, out_file, command, extra_args):
    
        os.chdir(os.path.dirname(map))
    
        ret, msg = _run(map, out_file, command, extra_args)
&gt;       assert ret, msg
               ^^^
E       AssertionError: ("results don't match", '/Users/gfabbian/projects/MapServer/msautotest/renderers/embed_legend_tr.map', 'embed_legend_tr.cairo.png')

../pymod/mstestlib.py:882: AssertionError</failure></testcase><testcase classname="renderers.run_test" name="test[rgb_overlay_res_to8bit_rgb_overlay_res_to8bit_png]" time="0.468"><failure message="AssertionError: (&quot;results don't match&quot;, '/Users/gfabbian/projects/MapServer/msautotest/renderers/rgb_overlay_res_to8bit.map', 'rgb_overlay_res_to8bit.png')">map = '/Users/gfabbian/projects/MapServer/msautotest/renderers/rgb_overlay_res_to8bit.map'
out_file = 'rgb_overlay_res_to8bit.png'
command = '[MAP2IMG] -m [MAPFILE] -i png -o [RESULT]\n'
extra_args = &lt;_pytest.config.Config object at 0x10e133cb0&gt;

    @pytest.mark.parametrize(
        "map,out_file,command",
        mstestlib.get_pytests(os.path.dirname(os.path.abspath(__file__))),
    )
    def test(map, out_file, command, extra_args):
&gt;       mstestlib.run_pytest(map, out_file, command, extra_args)

run_test.py:46: 
_ _ _ _ _ _ _ _ _ _ _ _ _ _ _ _ _ _ _ _ _ _ _ _ _ _ _ _ _ _ _ _ _ _ 

map = '/Users/gfabbian/projects/MapServer/msautotest/renderers/rgb_overlay_res_to8bit.map'
out_file = 'rgb_overlay_res_to8bit.png'
command = '[MAP2IMG] -m [MAPFILE] -i png -o [RESULT]\n'
extra_args = &lt;_pytest.config.Config object at 0x10e133cb0&gt;

    def run_pytest(map, out_file, command, extra_args):
    
        os.chdir(os.path.dirname(map))
    
        ret, msg = _run(map, out_file, command, extra_args)
&gt;       assert ret, msg
               ^^^
E       AssertionError: ("results don't match", '/Users/gfabbian/projects/MapServer/msautotest/renderers/rgb_overlay_res_to8bit.map', 'rgb_overlay_res_to8bit.png')

../pymod/mstestlib.py:882: AssertionError</failure></testcase><testcase classname="renderers.run_test" name="test[rgb_overlay_res_to8bit_rgb_overlay_res_to8bit_pdf]" time="0.443"><failure message="AssertionError: (&quot;results don't match&quot;, '/Users/gfabbian/projects/MapServer/msautotest/renderers/rgb_overlay_res_to8bit.map', 'rgb_overlay_res_to8bit.pdf')">map = '/Users/gfabbian/projects/MapServer/msautotest/renderers/rgb_overlay_res_to8bit.map'
out_file = 'rgb_overlay_res_to8bit.pdf'
command = '[MAP2IMG] -m [MAPFILE] -i pdf -o [RESULT]\n'
extra_args = &lt;_pytest.config.Config object at 0x10e133cb0&gt;

    @pytest.mark.parametrize(
        "map,out_file,command",
        mstestlib.get_pytests(os.path.dirname(os.path.abspath(__file__))),
    )
    def test(map, out_file, command, extra_args):
&gt;       mstestlib.run_pytest(map, out_file, command, extra_args)

run_test.py:46: 
_ _ _ _ _ _ _ _ _ _ _ _ _ _ _ _ _ _ _ _ _ _ _ _ _ _ _ _ _ _ _ _ _ _ 

map = '/Users/gfabbian/projects/MapServer/msautotest/renderers/rgb_overlay_res_to8bit.map'
out_file = 'rgb_overlay_res_to8bit.pdf'
command = '[MAP2IMG] -m [MAPFILE] -i pdf -o [RESULT]\n'
extra_args = &lt;_pytest.config.Config object at 0x10e133cb0&gt;

    def run_pytest(map, out_file, command, extra_args):
    
        os.chdir(os.path.dirname(map))
    
        ret, msg = _run(map, out_file, command, extra_args)
&gt;       assert ret, msg
               ^^^
E       AssertionError: ("results don't match", '/Users/gfabbian/projects/MapServer/msautotest/renderers/rgb_overlay_res_to8bit.map', 'rgb_overlay_res_to8bit.pdf')

../pymod/mstestlib.py:882: AssertionError</failure></testcase><testcase classname="renderers.run_test" name="test[rgb_overlay_res_to8bit_rgb_overlay_res_to8bit_svg]" time="0.437"><failure message="AssertionError: (&quot;results don't match&quot;, '/Users/gfabbian/projects/MapServer/msautotest/renderers/rgb_overlay_res_to8bit.map', 'rgb_overlay_res_to8bit.svg')">map = '/Users/gfabbian/projects/MapServer/msautotest/renderers/rgb_overlay_res_to8bit.map'
out_file = 'rgb_overlay_res_to8bit.svg'
command = '[MAP2IMG] -m [MAPFILE] -i svg -o [RESULT]\n'
extra_args = &lt;_pytest.config.Config object at 0x10e133cb0&gt;

    @pytest.mark.parametrize(
        "map,out_file,command",
        mstestlib.get_pytests(os.path.dirname(os.path.abspath(__file__))),
    )
    def test(map, out_file, command, extra_args):
&gt;       mstestlib.run_pytest(map, out_file, command, extra_args)

run_test.py:46: 
_ _ _ _ _ _ _ _ _ _ _ _ _ _ _ _ _ _ _ _ _ _ _ _ _ _ _ _ _ _ _ _ _ _ 

map = '/Users/gfabbian/projects/MapServer/msautotest/renderers/rgb_overlay_res_to8bit.map'
out_file = 'rgb_overlay_res_to8bit.svg'
command = '[MAP2IMG] -m [MAPFILE] -i svg -o [RESULT]\n'
extra_args = &lt;_pytest.config.Config object at 0x10e133cb0&gt;

    def run_pytest(map, out_file, command, extra_args):
    
        os.chdir(os.path.dirname(map))
    
        ret, msg = _run(map, out_file, command, extra_args)
&gt;       assert ret, msg
               ^^^
E       AssertionError: ("results don't match", '/Users/gfabbian/projects/MapServer/msautotest/renderers/rgb_overlay_res_to8bit.map', 'rgb_overlay_res_to8bit.svg')

../pymod/mstestlib.py:882: AssertionError</failure></testcase><testcase classname="renderers.run_test" name="test[rgb_overlay_res_to8bit_rgb_overlay_res_to8bit_cairo_png]" time="0.418"><failure message="AssertionError: (&quot;results don't match&quot;, '/Users/gfabbian/projects/MapServer/msautotest/renderers/rgb_overlay_res_to8bit.map', 'rgb_overlay_res_to8bit.cairo.png')">map = '/Users/gfabbian/projects/MapServer/msautotest/renderers/rgb_overlay_res_to8bit.map'
out_file = 'rgb_overlay_res_to8bit.cairo.png'
command = '[MAP2IMG] -m [MAPFILE] -i cairopng -o [RESULT]\n'
extra_args = &lt;_pytest.config.Config object at 0x10e133cb0&gt;

    @pytest.mark.parametrize(
        "map,out_file,command",
        mstestlib.get_pytests(os.path.dirname(os.path.abspath(__file__))),
    )
    def test(map, out_file, command, extra_args):
&gt;       mstestlib.run_pytest(map, out_file, command, extra_args)

run_test.py:46: 
_ _ _ _ _ _ _ _ _ _ _ _ _ _ _ _ _ _ _ _ _ _ _ _ _ _ _ _ _ _ _ _ _ _ 

map = '/Users/gfabbian/projects/MapServer/msautotest/renderers/rgb_overlay_res_to8bit.map'
out_file = 'rgb_overlay_res_to8bit.cairo.png'
command = '[MAP2IMG] -m [MAPFILE] -i cairopng -o [RESULT]\n'
extra_args = &lt;_pytest.config.Config object at 0x10e133cb0&gt;

    def run_pytest(map, out_file, command, extra_args):
    
        os.chdir(os.path.dirname(map))
    
        ret, msg = _run(map, out_file, command, extra_args)
&gt;       assert ret, msg
               ^^^
E       AssertionError: ("results don't match", '/Users/gfabbian/projects/MapServer/msautotest/renderers/rgb_overlay_res_to8bit.map', 'rgb_overlay_res_to8bit.cairo.png')

../pymod/mstestlib.py:882: AssertionError</failure></testcase><testcase classname="renderers.run_test" name="test[mask_mask_png]" time="0.415" /><testcase classname="renderers.run_test" name="test[mask_mask_cairo_png]" time="0.498" /><testcase classname="renderers.run_test" name="test[polyline_no_clip_polyline_no_clip_png]" time="0.429" /><testcase classname="renderers.run_test" name="test[wmsclient_wmsclient_png]" time="1.843" /><testcase classname="renderers.run_test" name="test[wmsclient_wmsclient_pdf]" time="1.617" /><testcase classname="renderers.run_test" name="test[wmsclient_wmsclient_svg]" time="1.688" /><testcase classname="renderers.run_test" name="test[wmsclient_wmsclient_cairo_png]" time="1.656" /><testcase classname="renderers.run_test" name="test[nodata_8bit_nodata_8bit_png]" time="0.403"><failure message="AssertionError: (&quot;results don't match&quot;, '/Users/gfabbian/projects/MapServer/msautotest/renderers/nodata_8bit.map', 'nodata_8bit.png')">map = '/Users/gfabbian/projects/MapServer/msautotest/renderers/nodata_8bit.map'
out_file = 'nodata_8bit.png'
command = '[MAP2IMG] -m [MAPFILE] -i png -o [RESULT]\n'
extra_args = &lt;_pytest.config.Config object at 0x10e133cb0&gt;

    @pytest.mark.parametrize(
        "map,out_file,command",
        mstestlib.get_pytests(os.path.dirname(os.path.abspath(__file__))),
    )
    def test(map, out_file, command, extra_args):
&gt;       mstestlib.run_pytest(map, out_file, command, extra_args)

run_test.py:46: 
_ _ _ _ _ _ _ _ _ _ _ _ _ _ _ _ _ _ _ _ _ _ _ _ _ _ _ _ _ _ _ _ _ _ 

map = '/Users/gfabbian/projects/MapServer/msautotest/renderers/nodata_8bit.map'
out_file = 'nodata_8bit.png'
command = '[MAP2IMG] -m [MAPFILE] -i png -o [RESULT]\n'
extra_args = &lt;_pytest.config.Config object at 0x10e133cb0&gt;

    def run_pytest(map, out_file, command, extra_args):
    
        os.chdir(os.path.dirname(map))
    
        ret, msg = _run(map, out_file, command, extra_args)
&gt;       assert ret, msg
               ^^^
E       AssertionError: ("results don't match", '/Users/gfabbian/projects/MapServer/msautotest/renderers/nodata_8bit.map', 'nodata_8bit.png')

../pymod/mstestlib.py:882: AssertionError</failure></testcase><testcase classname="renderers.run_test" name="test[nodata_8bit_nodata_8bit_pdf]" time="0.392"><failure message="AssertionError: (&quot;results don't match&quot;, '/Users/gfabbian/projects/MapServer/msautotest/renderers/nodata_8bit.map', 'nodata_8bit.pdf')">map = '/Users/gfabbian/projects/MapServer/msautotest/renderers/nodata_8bit.map'
out_file = 'nodata_8bit.pdf'
command = '[MAP2IMG] -m [MAPFILE] -i pdf -o [RESULT]\n'
extra_args = &lt;_pytest.config.Config object at 0x10e133cb0&gt;

    @pytest.mark.parametrize(
        "map,out_file,command",
        mstestlib.get_pytests(os.path.dirname(os.path.abspath(__file__))),
    )
    def test(map, out_file, command, extra_args):
&gt;       mstestlib.run_pytest(map, out_file, command, extra_args)

run_test.py:46: 
_ _ _ _ _ _ _ _ _ _ _ _ _ _ _ _ _ _ _ _ _ _ _ _ _ _ _ _ _ _ _ _ _ _ 

map = '/Users/gfabbian/projects/MapServer/msautotest/renderers/nodata_8bit.map'
out_file = 'nodata_8bit.pdf'
command = '[MAP2IMG] -m [MAPFILE] -i pdf -o [RESULT]\n'
extra_args = &lt;_pytest.config.Config object at 0x10e133cb0&gt;

    def run_pytest(map, out_file, command, extra_args):
    
        os.chdir(os.path.dirname(map))
    
        ret, msg = _run(map, out_file, command, extra_args)
&gt;       assert ret, msg
               ^^^
E       AssertionError: ("results don't match", '/Users/gfabbian/projects/MapServer/msautotest/renderers/nodata_8bit.map', 'nodata_8bit.pdf')

../pymod/mstestlib.py:882: AssertionError</failure></testcase><testcase classname="renderers.run_test" name="test[nodata_8bit_nodata_8bit_svg]" time="0.397"><failure message="AssertionError: (&quot;results don't match&quot;, '/Users/gfabbian/projects/MapServer/msautotest/renderers/nodata_8bit.map', 'nodata_8bit.svg')">map = '/Users/gfabbian/projects/MapServer/msautotest/renderers/nodata_8bit.map'
out_file = 'nodata_8bit.svg'
command = '[MAP2IMG] -m [MAPFILE] -i svg -o [RESULT]\n'
extra_args = &lt;_pytest.config.Config object at 0x10e133cb0&gt;

    @pytest.mark.parametrize(
        "map,out_file,command",
        mstestlib.get_pytests(os.path.dirname(os.path.abspath(__file__))),
    )
    def test(map, out_file, command, extra_args):
&gt;       mstestlib.run_pytest(map, out_file, command, extra_args)

run_test.py:46: 
_ _ _ _ _ _ _ _ _ _ _ _ _ _ _ _ _ _ _ _ _ _ _ _ _ _ _ _ _ _ _ _ _ _ 

map = '/Users/gfabbian/projects/MapServer/msautotest/renderers/nodata_8bit.map'
out_file = 'nodata_8bit.svg'
command = '[MAP2IMG] -m [MAPFILE] -i svg -o [RESULT]\n'
extra_args = &lt;_pytest.config.Config object at 0x10e133cb0&gt;

    def run_pytest(map, out_file, command, extra_args):
    
        os.chdir(os.path.dirname(map))
    
        ret, msg = _run(map, out_file, command, extra_args)
&gt;       assert ret, msg
               ^^^
E       AssertionError: ("results don't match", '/Users/gfabbian/projects/MapServer/msautotest/renderers/nodata_8bit.map', 'nodata_8bit.svg')

../pymod/mstestlib.py:882: AssertionError</failure></testcase><testcase classname="renderers.run_test" name="test[nodata_8bit_nodata_8bit_cairo_png]" time="0.395"><failure message="AssertionError: (&quot;results don't match&quot;, '/Users/gfabbian/projects/MapServer/msautotest/renderers/nodata_8bit.map', 'nodata_8bit.cairo.png')">map = '/Users/gfabbian/projects/MapServer/msautotest/renderers/nodata_8bit.map'
out_file = 'nodata_8bit.cairo.png'
command = '[MAP2IMG] -m [MAPFILE] -i cairopng -o [RESULT]\n'
extra_args = &lt;_pytest.config.Config object at 0x10e133cb0&gt;

    @pytest.mark.parametrize(
        "map,out_file,command",
        mstestlib.get_pytests(os.path.dirname(os.path.abspath(__file__))),
    )
    def test(map, out_file, command, extra_args):
&gt;       mstestlib.run_pytest(map, out_file, command, extra_args)

run_test.py:46: 
_ _ _ _ _ _ _ _ _ _ _ _ _ _ _ _ _ _ _ _ _ _ _ _ _ _ _ _ _ _ _ _ _ _ 

map = '/Users/gfabbian/projects/MapServer/msautotest/renderers/nodata_8bit.map'
out_file = 'nodata_8bit.cairo.png'
command = '[MAP2IMG] -m [MAPFILE] -i cairopng -o [RESULT]\n'
extra_args = &lt;_pytest.config.Config object at 0x10e133cb0&gt;

    def run_pytest(map, out_file, command, extra_args):
    
        os.chdir(os.path.dirname(map))
    
        ret, msg = _run(map, out_file, command, extra_args)
&gt;       assert ret, msg
               ^^^
E       AssertionError: ("results don't match", '/Users/gfabbian/projects/MapServer/msautotest/renderers/nodata_8bit.map', 'nodata_8bit.cairo.png')

../pymod/mstestlib.py:882: AssertionError</failure></testcase><testcase classname="renderers.run_test" name="test[embed_sb_rgba_offset_embed_sb_rgba_offset_png]" time="0.385" /><testcase classname="renderers.run_test" name="test[embed_sb_rgba_offset_embed_sb_rgba_offset_cairo_png]" time="0.538"><failure message="AssertionError: (&quot;results don't match&quot;, '/Users/gfabbian/projects/MapServer/msautotest/renderers/embed_sb_rgba_offset.map', 'embed_sb_rgba_offset.cairo.png')">map = '/Users/gfabbian/projects/MapServer/msautotest/renderers/embed_sb_rgba_offset.map'
out_file = 'embed_sb_rgba_offset.cairo.png'
command = '[MAP2IMG] -m [MAPFILE] -i cairopng -o [RESULT]\n'
extra_args = &lt;_pytest.config.Config object at 0x10e133cb0&gt;

    @pytest.mark.parametrize(
        "map,out_file,command",
        mstestlib.get_pytests(os.path.dirname(os.path.abspath(__file__))),
    )
    def test(map, out_file, command, extra_args):
&gt;       mstestlib.run_pytest(map, out_file, command, extra_args)

run_test.py:46: 
_ _ _ _ _ _ _ _ _ _ _ _ _ _ _ _ _ _ _ _ _ _ _ _ _ _ _ _ _ _ _ _ _ _ 

map = '/Users/gfabbian/projects/MapServer/msautotest/renderers/embed_sb_rgba_offset.map'
out_file = 'embed_sb_rgba_offset.cairo.png'
command = '[MAP2IMG] -m [MAPFILE] -i cairopng -o [RESULT]\n'
extra_args = &lt;_pytest.config.Config object at 0x10e133cb0&gt;

    def run_pytest(map, out_file, command, extra_args):
    
        os.chdir(os.path.dirname(map))
    
        ret, msg = _run(map, out_file, command, extra_args)
&gt;       assert ret, msg
               ^^^
E       AssertionError: ("results don't match", '/Users/gfabbian/projects/MapServer/msautotest/renderers/embed_sb_rgba_offset.map', 'embed_sb_rgba_offset.cairo.png')

../pymod/mstestlib.py:882: AssertionError</failure></testcase><testcase classname="renderers.run_test" name="test[polygon-hex-alpha_polygon-hex-alpha_png]" time="0.391" /><testcase classname="renderers.run_test" name="test[line_aliased_line_aliased_png]" time="0.382" /><testcase classname="renderers.run_test" name="test[embed_legend_rgba_embed_legend_rgba_png]" time="0.374" /><testcase classname="renderers.run_test" name="test[embed_legend_rgba_embed_legend_rgba_cairo_png]" time="0.376"><failure message="AssertionError: (&quot;results don't match&quot;, '/Users/gfabbian/projects/MapServer/msautotest/renderers/embed_legend_rgba.map', 'embed_legend_rgba.cairo.png')">map = '/Users/gfabbian/projects/MapServer/msautotest/renderers/embed_legend_rgba.map'
out_file = 'embed_legend_rgba.cairo.png'
command = '[MAP2IMG] -m [MAPFILE] -i cairopng -o [RESULT]\n'
extra_args = &lt;_pytest.config.Config object at 0x10e133cb0&gt;

    @pytest.mark.parametrize(
        "map,out_file,command",
        mstestlib.get_pytests(os.path.dirname(os.path.abspath(__file__))),
    )
    def test(map, out_file, command, extra_args):
&gt;       mstestlib.run_pytest(map, out_file, command, extra_args)

run_test.py:46: 
_ _ _ _ _ _ _ _ _ _ _ _ _ _ _ _ _ _ _ _ _ _ _ _ _ _ _ _ _ _ _ _ _ _ 

map = '/Users/gfabbian/projects/MapServer/msautotest/renderers/embed_legend_rgba.map'
out_file = 'embed_legend_rgba.cairo.png'
command = '[MAP2IMG] -m [MAPFILE] -i cairopng -o [RESULT]\n'
extra_args = &lt;_pytest.config.Config object at 0x10e133cb0&gt;

    def run_pytest(map, out_file, command, extra_args):
    
        os.chdir(os.path.dirname(map))
    
        ret, msg = _run(map, out_file, command, extra_args)
&gt;       assert ret, msg
               ^^^
E       AssertionError: ("results don't match", '/Users/gfabbian/projects/MapServer/msautotest/renderers/embed_legend_rgba.map', 'embed_legend_rgba.cairo.png')

../pymod/mstestlib.py:882: AssertionError</failure></testcase><testcase classname="renderers.run_test" name="test[plb_embed_legend_plb_embed_legend_png]" time="0.403" /><testcase classname="renderers.run_test" name="test[plb_embed_legend_plb_embed_legend_cairo_png]" time="0.499"><failure message="AssertionError: (&quot;results don't match&quot;, '/Users/gfabbian/projects/MapServer/msautotest/renderers/plb_embed_legend.map', 'plb_embed_legend.cairo.png')">map = '/Users/gfabbian/projects/MapServer/msautotest/renderers/plb_embed_legend.map'
out_file = 'plb_embed_legend.cairo.png'
command = '[MAP2IMG] -m [MAPFILE] -i cairopng -o [RESULT]\n'
extra_args = &lt;_pytest.config.Config object at 0x10e133cb0&gt;

    @pytest.mark.parametrize(
        "map,out_file,command",
        mstestlib.get_pytests(os.path.dirname(os.path.abspath(__file__))),
    )
    def test(map, out_file, command, extra_args):
&gt;       mstestlib.run_pytest(map, out_file, command, extra_args)

run_test.py:46: 
_ _ _ _ _ _ _ _ _ _ _ _ _ _ _ _ _ _ _ _ _ _ _ _ _ _ _ _ _ _ _ _ _ _ 

map = '/Users/gfabbian/projects/MapServer/msautotest/renderers/plb_embed_legend.map'
out_file = 'plb_embed_legend.cairo.png'
command = '[MAP2IMG] -m [MAPFILE] -i cairopng -o [RESULT]\n'
extra_args = &lt;_pytest.config.Config object at 0x10e133cb0&gt;

    def run_pytest(map, out_file, command, extra_args):
    
        os.chdir(os.path.dirname(map))
    
        ret, msg = _run(map, out_file, command, extra_args)
&gt;       assert ret, msg
               ^^^
E       AssertionError: ("results don't match", '/Users/gfabbian/projects/MapServer/msautotest/renderers/plb_embed_legend.map', 'plb_embed_legend.cairo.png')

../pymod/mstestlib.py:882: AssertionError</failure></testcase><testcase classname="renderers.run_test" name="test[rasterlabel_rasterlabel_png]" time="0.444" /><testcase classname="renderers.run_test" name="test[rgb_overlay_res_to8bit_dithered_rgb_overlay_res_to8bit_dithered_png]" time="0.442"><failure message="AssertionError: (&quot;results don't match&quot;, '/Users/gfabbian/projects/MapServer/msautotest/renderers/rgb_overlay_res_to8bit_dithered.map', 'rgb_overlay_res_to8bit_dithered.png')">map = '/Users/gfabbian/projects/MapServer/msautotest/renderers/rgb_overlay_res_to8bit_dithered.map'
out_file = 'rgb_overlay_res_to8bit_dithered.png'
command = '[MAP2IMG] -m [MAPFILE] -i png -o [RESULT]\n'
extra_args = &lt;_pytest.config.Config object at 0x10e133cb0&gt;

    @pytest.mark.parametrize(
        "map,out_file,command",
        mstestlib.get_pytests(os.path.dirname(os.path.abspath(__file__))),
    )
    def test(map, out_file, command, extra_args):
&gt;       mstestlib.run_pytest(map, out_file, command, extra_args)

run_test.py:46: 
_ _ _ _ _ _ _ _ _ _ _ _ _ _ _ _ _ _ _ _ _ _ _ _ _ _ _ _ _ _ _ _ _ _ 

map = '/Users/gfabbian/projects/MapServer/msautotest/renderers/rgb_overlay_res_to8bit_dithered.map'
out_file = 'rgb_overlay_res_to8bit_dithered.png'
command = '[MAP2IMG] -m [MAPFILE] -i png -o [RESULT]\n'
extra_args = &lt;_pytest.config.Config object at 0x10e133cb0&gt;

    def run_pytest(map, out_file, command, extra_args):
    
        os.chdir(os.path.dirname(map))
    
        ret, msg = _run(map, out_file, command, extra_args)
&gt;       assert ret, msg
               ^^^
E       AssertionError: ("results don't match", '/Users/gfabbian/projects/MapServer/msautotest/renderers/rgb_overlay_res_to8bit_dithered.map', 'rgb_overlay_res_to8bit_dithered.png')

../pymod/mstestlib.py:882: AssertionError</failure></testcase><testcase classname="renderers.run_test" name="test[rgb_overlay_res_to8bit_dithered_rgb_overlay_res_to8bit_dithered_pdf]" time="0.437"><failure message="AssertionError: (&quot;results don't match&quot;, '/Users/gfabbian/projects/MapServer/msautotest/renderers/rgb_overlay_res_to8bit_dithered.map', 'rgb_overlay_res_to8bit_dithered.pdf')">map = '/Users/gfabbian/projects/MapServer/msautotest/renderers/rgb_overlay_res_to8bit_dithered.map'
out_file = 'rgb_overlay_res_to8bit_dithered.pdf'
command = '[MAP2IMG] -m [MAPFILE] -i pdf -o [RESULT]\n'
extra_args = &lt;_pytest.config.Config object at 0x10e133cb0&gt;

    @pytest.mark.parametrize(
        "map,out_file,command",
        mstestlib.get_pytests(os.path.dirname(os.path.abspath(__file__))),
    )
    def test(map, out_file, command, extra_args):
&gt;       mstestlib.run_pytest(map, out_file, command, extra_args)

run_test.py:46: 
_ _ _ _ _ _ _ _ _ _ _ _ _ _ _ _ _ _ _ _ _ _ _ _ _ _ _ _ _ _ _ _ _ _ 

map = '/Users/gfabbian/projects/MapServer/msautotest/renderers/rgb_overlay_res_to8bit_dithered.map'
out_file = 'rgb_overlay_res_to8bit_dithered.pdf'
command = '[MAP2IMG] -m [MAPFILE] -i pdf -o [RESULT]\n'
extra_args = &lt;_pytest.config.Config object at 0x10e133cb0&gt;

    def run_pytest(map, out_file, command, extra_args):
    
        os.chdir(os.path.dirname(map))
    
        ret, msg = _run(map, out_file, command, extra_args)
&gt;       assert ret, msg
               ^^^
E       AssertionError: ("results don't match", '/Users/gfabbian/projects/MapServer/msautotest/renderers/rgb_overlay_res_to8bit_dithered.map', 'rgb_overlay_res_to8bit_dithered.pdf')

../pymod/mstestlib.py:882: AssertionError</failure></testcase><testcase classname="renderers.run_test" name="test[rgb_overlay_res_to8bit_dithered_rgb_overlay_res_to8bit_dithered_svg]" time="0.416"><failure message="AssertionError: (&quot;results don't match&quot;, '/Users/gfabbian/projects/MapServer/msautotest/renderers/rgb_overlay_res_to8bit_dithered.map', 'rgb_overlay_res_to8bit_dithered.svg')">map = '/Users/gfabbian/projects/MapServer/msautotest/renderers/rgb_overlay_res_to8bit_dithered.map'
out_file = 'rgb_overlay_res_to8bit_dithered.svg'
command = '[MAP2IMG] -m [MAPFILE] -i svg -o [RESULT]\n'
extra_args = &lt;_pytest.config.Config object at 0x10e133cb0&gt;

    @pytest.mark.parametrize(
        "map,out_file,command",
        mstestlib.get_pytests(os.path.dirname(os.path.abspath(__file__))),
    )
    def test(map, out_file, command, extra_args):
&gt;       mstestlib.run_pytest(map, out_file, command, extra_args)

run_test.py:46: 
_ _ _ _ _ _ _ _ _ _ _ _ _ _ _ _ _ _ _ _ _ _ _ _ _ _ _ _ _ _ _ _ _ _ 

map = '/Users/gfabbian/projects/MapServer/msautotest/renderers/rgb_overlay_res_to8bit_dithered.map'
out_file = 'rgb_overlay_res_to8bit_dithered.svg'
command = '[MAP2IMG] -m [MAPFILE] -i svg -o [RESULT]\n'
extra_args = &lt;_pytest.config.Config object at 0x10e133cb0&gt;

    def run_pytest(map, out_file, command, extra_args):
    
        os.chdir(os.path.dirname(map))
    
        ret, msg = _run(map, out_file, command, extra_args)
&gt;       assert ret, msg
               ^^^
E       AssertionError: ("results don't match", '/Users/gfabbian/projects/MapServer/msautotest/renderers/rgb_overlay_res_to8bit_dithered.map', 'rgb_overlay_res_to8bit_dithered.svg')

../pymod/mstestlib.py:882: AssertionError</failure></testcase><testcase classname="renderers.run_test" name="test[rgb_overlay_res_to8bit_dithered_rgb_overlay_res_to8bit_dithered_cairo_png]" time="0.421"><failure message="AssertionError: (&quot;results don't match&quot;, '/Users/gfabbian/projects/MapServer/msautotest/renderers/rgb_overlay_res_to8bit_dithered.map', 'rgb_overlay_res_to8bit_dithered.cairo.png')">map = '/Users/gfabbian/projects/MapServer/msautotest/renderers/rgb_overlay_res_to8bit_dithered.map'
out_file = 'rgb_overlay_res_to8bit_dithered.cairo.png'
command = '[MAP2IMG] -m [MAPFILE] -i cairopng -o [RESULT]\n'
extra_args = &lt;_pytest.config.Config object at 0x10e133cb0&gt;

    @pytest.mark.parametrize(
        "map,out_file,command",
        mstestlib.get_pytests(os.path.dirname(os.path.abspath(__file__))),
    )
    def test(map, out_file, command, extra_args):
&gt;       mstestlib.run_pytest(map, out_file, command, extra_args)

run_test.py:46: 
_ _ _ _ _ _ _ _ _ _ _ _ _ _ _ _ _ _ _ _ _ _ _ _ _ _ _ _ _ _ _ _ _ _ 

map = '/Users/gfabbian/projects/MapServer/msautotest/renderers/rgb_overlay_res_to8bit_dithered.map'
out_file = 'rgb_overlay_res_to8bit_dithered.cairo.png'
command = '[MAP2IMG] -m [MAPFILE] -i cairopng -o [RESULT]\n'
extra_args = &lt;_pytest.config.Config object at 0x10e133cb0&gt;

    def run_pytest(map, out_file, command, extra_args):
    
        os.chdir(os.path.dirname(map))
    
        ret, msg = _run(map, out_file, command, extra_args)
&gt;       assert ret, msg
               ^^^
E       AssertionError: ("results don't match", '/Users/gfabbian/projects/MapServer/msautotest/renderers/rgb_overlay_res_to8bit_dithered.map', 'rgb_overlay_res_to8bit_dithered.cairo.png')

../pymod/mstestlib.py:882: AssertionError</failure></testcase><testcase classname="renderers.run_test" name="test[line_label_auto_line_label_auto_png]" time="0.381" /><testcase classname="renderers.run_test" name="test[line_label_auto_line_label_auto_pdf]" time="0.391"><failure message="AssertionError: (&quot;results don't match&quot;, '/Users/gfabbian/projects/MapServer/msautotest/renderers/line_label_auto.map', 'line_label_auto.pdf')">map = '/Users/gfabbian/projects/MapServer/msautotest/renderers/line_label_auto.map'
out_file = 'line_label_auto.pdf'
command = '[MAP2IMG] -m [MAPFILE] -i pdf -o [RESULT]\n'
extra_args = &lt;_pytest.config.Config object at 0x10e133cb0&gt;

    @pytest.mark.parametrize(
        "map,out_file,command",
        mstestlib.get_pytests(os.path.dirname(os.path.abspath(__file__))),
    )
    def test(map, out_file, command, extra_args):
&gt;       mstestlib.run_pytest(map, out_file, command, extra_args)

run_test.py:46: 
_ _ _ _ _ _ _ _ _ _ _ _ _ _ _ _ _ _ _ _ _ _ _ _ _ _ _ _ _ _ _ _ _ _ 

map = '/Users/gfabbian/projects/MapServer/msautotest/renderers/line_label_auto.map'
out_file = 'line_label_auto.pdf'
command = '[MAP2IMG] -m [MAPFILE] -i pdf -o [RESULT]\n'
extra_args = &lt;_pytest.config.Config object at 0x10e133cb0&gt;

    def run_pytest(map, out_file, command, extra_args):
    
        os.chdir(os.path.dirname(map))
    
        ret, msg = _run(map, out_file, command, extra_args)
&gt;       assert ret, msg
               ^^^
E       AssertionError: ("results don't match", '/Users/gfabbian/projects/MapServer/msautotest/renderers/line_label_auto.map', 'line_label_auto.pdf')

../pymod/mstestlib.py:882: AssertionError</failure></testcase><testcase classname="renderers.run_test" name="test[line_label_auto_line_label_auto_svg]" time="0.383"><failure message="AssertionError: (&quot;results don't match&quot;, '/Users/gfabbian/projects/MapServer/msautotest/renderers/line_label_auto.map', 'line_label_auto.svg')">map = '/Users/gfabbian/projects/MapServer/msautotest/renderers/line_label_auto.map'
out_file = 'line_label_auto.svg'
command = '[MAP2IMG] -m [MAPFILE] -i svg -o [RESULT]\n'
extra_args = &lt;_pytest.config.Config object at 0x10e133cb0&gt;

    @pytest.mark.parametrize(
        "map,out_file,command",
        mstestlib.get_pytests(os.path.dirname(os.path.abspath(__file__))),
    )
    def test(map, out_file, command, extra_args):
&gt;       mstestlib.run_pytest(map, out_file, command, extra_args)

run_test.py:46: 
_ _ _ _ _ _ _ _ _ _ _ _ _ _ _ _ _ _ _ _ _ _ _ _ _ _ _ _ _ _ _ _ _ _ 

map = '/Users/gfabbian/projects/MapServer/msautotest/renderers/line_label_auto.map'
out_file = 'line_label_auto.svg'
command = '[MAP2IMG] -m [MAPFILE] -i svg -o [RESULT]\n'
extra_args = &lt;_pytest.config.Config object at 0x10e133cb0&gt;

    def run_pytest(map, out_file, command, extra_args):
    
        os.chdir(os.path.dirname(map))
    
        ret, msg = _run(map, out_file, command, extra_args)
&gt;       assert ret, msg
               ^^^
E       AssertionError: ("results don't match", '/Users/gfabbian/projects/MapServer/msautotest/renderers/line_label_auto.map', 'line_label_auto.svg')

../pymod/mstestlib.py:882: AssertionError</failure></testcase><testcase classname="renderers.run_test" name="test[line_label_auto_line_label_auto_json]" time="0.393" /><testcase classname="renderers.run_test" name="test[line_label_auto_line_label_auto_cairo_png]" time="0.398"><failure message="AssertionError: (&quot;results don't match&quot;, '/Users/gfabbian/projects/MapServer/msautotest/renderers/line_label_auto.map', 'line_label_auto.cairo.png')">map = '/Users/gfabbian/projects/MapServer/msautotest/renderers/line_label_auto.map'
out_file = 'line_label_auto.cairo.png'
command = '[MAP2IMG] -m [MAPFILE] -i cairopng -o [RESULT]\n'
extra_args = &lt;_pytest.config.Config object at 0x10e133cb0&gt;

    @pytest.mark.parametrize(
        "map,out_file,command",
        mstestlib.get_pytests(os.path.dirname(os.path.abspath(__file__))),
    )
    def test(map, out_file, command, extra_args):
&gt;       mstestlib.run_pytest(map, out_file, command, extra_args)

run_test.py:46: 
_ _ _ _ _ _ _ _ _ _ _ _ _ _ _ _ _ _ _ _ _ _ _ _ _ _ _ _ _ _ _ _ _ _ 

map = '/Users/gfabbian/projects/MapServer/msautotest/renderers/line_label_auto.map'
out_file = 'line_label_auto.cairo.png'
command = '[MAP2IMG] -m [MAPFILE] -i cairopng -o [RESULT]\n'
extra_args = &lt;_pytest.config.Config object at 0x10e133cb0&gt;

    def run_pytest(map, out_file, command, extra_args):
    
        os.chdir(os.path.dirname(map))
    
        ret, msg = _run(map, out_file, command, extra_args)
&gt;       assert ret, msg
               ^^^
E       AssertionError: ("results don't match", '/Users/gfabbian/projects/MapServer/msautotest/renderers/line_label_auto.map', 'line_label_auto.cairo.png')

../pymod/mstestlib.py:882: AssertionError</failure></testcase><testcase classname="renderers.run_test" name="test[poly-label-multiline-pos-auto_poly-label-multiline-pos-auto_png]" time="0.375" /><testcase classname="renderers.run_test" name="test[poly-label-multiline-pos-auto_poly-label-multiline-pos-auto_pdf]" time="0.387"><failure message="AssertionError: (&quot;results don't match&quot;, '/Users/gfabbian/projects/MapServer/msautotest/renderers/poly-label-multiline-pos-auto.map', 'poly-label-multiline-pos-auto.pdf')">map = '/Users/gfabbian/projects/MapServer/msautotest/renderers/poly-label-multiline-pos-auto.map'
out_file = 'poly-label-multiline-pos-auto.pdf'
command = '[MAP2IMG] -m [MAPFILE] -i pdf -o [RESULT]\n'
extra_args = &lt;_pytest.config.Config object at 0x10e133cb0&gt;

    @pytest.mark.parametrize(
        "map,out_file,command",
        mstestlib.get_pytests(os.path.dirname(os.path.abspath(__file__))),
    )
    def test(map, out_file, command, extra_args):
&gt;       mstestlib.run_pytest(map, out_file, command, extra_args)

run_test.py:46: 
_ _ _ _ _ _ _ _ _ _ _ _ _ _ _ _ _ _ _ _ _ _ _ _ _ _ _ _ _ _ _ _ _ _ 

map = '/Users/gfabbian/projects/MapServer/msautotest/renderers/poly-label-multiline-pos-auto.map'
out_file = 'poly-label-multiline-pos-auto.pdf'
command = '[MAP2IMG] -m [MAPFILE] -i pdf -o [RESULT]\n'
extra_args = &lt;_pytest.config.Config object at 0x10e133cb0&gt;

    def run_pytest(map, out_file, command, extra_args):
    
        os.chdir(os.path.dirname(map))
    
        ret, msg = _run(map, out_file, command, extra_args)
&gt;       assert ret, msg
               ^^^
E       AssertionError: ("results don't match", '/Users/gfabbian/projects/MapServer/msautotest/renderers/poly-label-multiline-pos-auto.map', 'poly-label-multiline-pos-auto.pdf')

../pymod/mstestlib.py:882: AssertionError</failure></testcase><testcase classname="renderers.run_test" name="test[poly-label-multiline-pos-auto_poly-label-multiline-pos-auto_svg]" time="0.403" /><testcase classname="renderers.run_test" name="test[poly-label-multiline-pos-auto_poly-label-multiline-pos-auto_cairo_png]" time="0.374" /><testcase classname="renderers.run_test" name="test[labels-bitmap-multiline_labels-bitmap-multiline_png]" time="0.465" /><testcase classname="renderers.run_test" name="test[font-fail_font-fail-key_txt]" time="0.450" /><testcase classname="renderers.run_test" name="test[font-fail_font-fail-file_txt]" time="0.389" /><testcase classname="renderers.run_test" name="test[font-fail_font-fail-missing-glyph_png]" time="0.863" /><testcase classname="renderers.run_test" name="test[marker_pixmap_marker_pixmap_png]" time="0.454" /><testcase classname="renderers.run_test" name="test[marker_pixmap_marker_pixmap_pdf]" time="0.410"><failure message="AssertionError: (&quot;results don't match&quot;, '/Users/gfabbian/projects/MapServer/msautotest/renderers/marker_pixmap.map', 'marker_pixmap.pdf')">map = '/Users/gfabbian/projects/MapServer/msautotest/renderers/marker_pixmap.map'
out_file = 'marker_pixmap.pdf'
command = '[MAP2IMG] -m [MAPFILE] -i pdf -o [RESULT]\n'
extra_args = &lt;_pytest.config.Config object at 0x10e133cb0&gt;

    @pytest.mark.parametrize(
        "map,out_file,command",
        mstestlib.get_pytests(os.path.dirname(os.path.abspath(__file__))),
    )
    def test(map, out_file, command, extra_args):
&gt;       mstestlib.run_pytest(map, out_file, command, extra_args)

run_test.py:46: 
_ _ _ _ _ _ _ _ _ _ _ _ _ _ _ _ _ _ _ _ _ _ _ _ _ _ _ _ _ _ _ _ _ _ 

map = '/Users/gfabbian/projects/MapServer/msautotest/renderers/marker_pixmap.map'
out_file = 'marker_pixmap.pdf'
command = '[MAP2IMG] -m [MAPFILE] -i pdf -o [RESULT]\n'
extra_args = &lt;_pytest.config.Config object at 0x10e133cb0&gt;

    def run_pytest(map, out_file, command, extra_args):
    
        os.chdir(os.path.dirname(map))
    
        ret, msg = _run(map, out_file, command, extra_args)
&gt;       assert ret, msg
               ^^^
E       AssertionError: ("results don't match", '/Users/gfabbian/projects/MapServer/msautotest/renderers/marker_pixmap.map', 'marker_pixmap.pdf')

../pymod/mstestlib.py:882: AssertionError</failure></testcase><testcase classname="renderers.run_test" name="test[marker_pixmap_marker_pixmap_svg]" time="0.422" /><testcase classname="renderers.run_test" name="test[marker_pixmap_marker_pixmap_cairo_png]" time="0.378" /><testcase classname="renderers.run_test" name="test[uvraster_reproj_expr_on_lon_lat_uvraster_reproj_expr_on_lon_lat_png]" time="0.440" /><testcase classname="renderers.run_test" name="test[geomtransform-vertex_geomtransform-vertex_png]" time="0.388" /><testcase classname="renderers.run_test" name="test[geomtransform-vertex_geomtransform-vertex_pdf]" time="0.393"><failure message="AssertionError: (&quot;results don't match&quot;, '/Users/gfabbian/projects/MapServer/msautotest/renderers/geomtransform-vertex.map', 'geomtransform-vertex.pdf')">map = '/Users/gfabbian/projects/MapServer/msautotest/renderers/geomtransform-vertex.map'
out_file = 'geomtransform-vertex.pdf'
command = '[MAP2IMG] -m [MAPFILE] -i pdf -l "centroid vertex1" -o [RESULT]\n'
extra_args = &lt;_pytest.config.Config object at 0x10e133cb0&gt;

    @pytest.mark.parametrize(
        "map,out_file,command",
        mstestlib.get_pytests(os.path.dirname(os.path.abspath(__file__))),
    )
    def test(map, out_file, command, extra_args):
&gt;       mstestlib.run_pytest(map, out_file, command, extra_args)

run_test.py:46: 
_ _ _ _ _ _ _ _ _ _ _ _ _ _ _ _ _ _ _ _ _ _ _ _ _ _ _ _ _ _ _ _ _ _ 

map = '/Users/gfabbian/projects/MapServer/msautotest/renderers/geomtransform-vertex.map'
out_file = 'geomtransform-vertex.pdf'
command = '[MAP2IMG] -m [MAPFILE] -i pdf -l "centroid vertex1" -o [RESULT]\n'
extra_args = &lt;_pytest.config.Config object at 0x10e133cb0&gt;

    def run_pytest(map, out_file, command, extra_args):
    
        os.chdir(os.path.dirname(map))
    
        ret, msg = _run(map, out_file, command, extra_args)
&gt;       assert ret, msg
               ^^^
E       AssertionError: ("results don't match", '/Users/gfabbian/projects/MapServer/msautotest/renderers/geomtransform-vertex.map', 'geomtransform-vertex.pdf')

../pymod/mstestlib.py:882: AssertionError</failure></testcase><testcase classname="renderers.run_test" name="test[geomtransform-vertex_geomtransform-vertex_svg]" time="0.376" /><testcase classname="renderers.run_test" name="test[geomtransform-vertex_geomtransform-vertex_cairo_png]" time="0.391" /><testcase classname="renderers.run_test" name="test[geomtransform-vertex_geomtransform-vertex-layer_png]" time="0.376" /><testcase classname="renderers.run_test" name="test[geomtransform-vertex_geomtransform-vertex-layer_pdf]" time="0.379"><failure message="AssertionError: (&quot;results don't match&quot;, '/Users/gfabbian/projects/MapServer/msautotest/renderers/geomtransform-vertex.map', 'geomtransform-vertex-layer.pdf')">map = '/Users/gfabbian/projects/MapServer/msautotest/renderers/geomtransform-vertex.map'
out_file = 'geomtransform-vertex-layer.pdf'
command = '[MAP2IMG] -m [MAPFILE] -i pdf -l vertex2 -o [RESULT]\n'
extra_args = &lt;_pytest.config.Config object at 0x10e133cb0&gt;

    @pytest.mark.parametrize(
        "map,out_file,command",
        mstestlib.get_pytests(os.path.dirname(os.path.abspath(__file__))),
    )
    def test(map, out_file, command, extra_args):
&gt;       mstestlib.run_pytest(map, out_file, command, extra_args)

run_test.py:46: 
_ _ _ _ _ _ _ _ _ _ _ _ _ _ _ _ _ _ _ _ _ _ _ _ _ _ _ _ _ _ _ _ _ _ 

map = '/Users/gfabbian/projects/MapServer/msautotest/renderers/geomtransform-vertex.map'
out_file = 'geomtransform-vertex-layer.pdf'
command = '[MAP2IMG] -m [MAPFILE] -i pdf -l vertex2 -o [RESULT]\n'
extra_args = &lt;_pytest.config.Config object at 0x10e133cb0&gt;

    def run_pytest(map, out_file, command, extra_args):
    
        os.chdir(os.path.dirname(map))
    
        ret, msg = _run(map, out_file, command, extra_args)
&gt;       assert ret, msg
               ^^^
E       AssertionError: ("results don't match", '/Users/gfabbian/projects/MapServer/msautotest/renderers/geomtransform-vertex.map', 'geomtransform-vertex-layer.pdf')

../pymod/mstestlib.py:882: AssertionError</failure></testcase><testcase classname="renderers.run_test" name="test[geomtransform-vertex_geomtransform-vertex-layer_svg]" time="0.392" /><testcase classname="renderers.run_test" name="test[geomtransform-vertex_geomtransform-vertex-layer_cairo_png]" time="0.386" /><testcase classname="renderers.run_test" name="test[labels_labels_png]" time="0.386" /><testcase classname="renderers.run_test" name="test[labels_labels_pdf]" time="0.387"><failure message="AssertionError: (&quot;results don't match&quot;, '/Users/gfabbian/projects/MapServer/msautotest/renderers/labels.map', 'labels.pdf')">map = '/Users/gfabbian/projects/MapServer/msautotest/renderers/labels.map'
out_file = 'labels.pdf'
command = '[MAP2IMG] -m [MAPFILE] -i pdf -o [RESULT]\n'
extra_args = &lt;_pytest.config.Config object at 0x10e133cb0&gt;

    @pytest.mark.parametrize(
        "map,out_file,command",
        mstestlib.get_pytests(os.path.dirname(os.path.abspath(__file__))),
    )
    def test(map, out_file, command, extra_args):
&gt;       mstestlib.run_pytest(map, out_file, command, extra_args)

run_test.py:46: 
_ _ _ _ _ _ _ _ _ _ _ _ _ _ _ _ _ _ _ _ _ _ _ _ _ _ _ _ _ _ _ _ _ _ 

map = '/Users/gfabbian/projects/MapServer/msautotest/renderers/labels.map'
out_file = 'labels.pdf'
command = '[MAP2IMG] -m [MAPFILE] -i pdf -o [RESULT]\n'
extra_args = &lt;_pytest.config.Config object at 0x10e133cb0&gt;

    def run_pytest(map, out_file, command, extra_args):
    
        os.chdir(os.path.dirname(map))
    
        ret, msg = _run(map, out_file, command, extra_args)
&gt;       assert ret, msg
               ^^^
E       AssertionError: ("results don't match", '/Users/gfabbian/projects/MapServer/msautotest/renderers/labels.map', 'labels.pdf')

../pymod/mstestlib.py:882: AssertionError</failure></testcase><testcase classname="renderers.run_test" name="test[labels_labels_svg]" time="0.382"><failure message="AssertionError: (&quot;results don't match&quot;, '/Users/gfabbian/projects/MapServer/msautotest/renderers/labels.map', 'labels.svg')">map = '/Users/gfabbian/projects/MapServer/msautotest/renderers/labels.map'
out_file = 'labels.svg'
command = '[MAP2IMG] -m [MAPFILE] -i svg -o [RESULT]\n'
extra_args = &lt;_pytest.config.Config object at 0x10e133cb0&gt;

    @pytest.mark.parametrize(
        "map,out_file,command",
        mstestlib.get_pytests(os.path.dirname(os.path.abspath(__file__))),
    )
    def test(map, out_file, command, extra_args):
&gt;       mstestlib.run_pytest(map, out_file, command, extra_args)

run_test.py:46: 
_ _ _ _ _ _ _ _ _ _ _ _ _ _ _ _ _ _ _ _ _ _ _ _ _ _ _ _ _ _ _ _ _ _ 

map = '/Users/gfabbian/projects/MapServer/msautotest/renderers/labels.map'
out_file = 'labels.svg'
command = '[MAP2IMG] -m [MAPFILE] -i svg -o [RESULT]\n'
extra_args = &lt;_pytest.config.Config object at 0x10e133cb0&gt;

    def run_pytest(map, out_file, command, extra_args):
    
        os.chdir(os.path.dirname(map))
    
        ret, msg = _run(map, out_file, command, extra_args)
&gt;       assert ret, msg
               ^^^
E       AssertionError: ("results don't match", '/Users/gfabbian/projects/MapServer/msautotest/renderers/labels.map', 'labels.svg')

../pymod/mstestlib.py:882: AssertionError</failure></testcase><testcase classname="renderers.run_test" name="test[labels_labels_cairo_png]" time="0.372"><failure message="AssertionError: (&quot;results don't match&quot;, '/Users/gfabbian/projects/MapServer/msautotest/renderers/labels.map', 'labels.cairo.png')">map = '/Users/gfabbian/projects/MapServer/msautotest/renderers/labels.map'
out_file = 'labels.cairo.png'
command = '[MAP2IMG] -m [MAPFILE] -i cairopng -o [RESULT]\n'
extra_args = &lt;_pytest.config.Config object at 0x10e133cb0&gt;

    @pytest.mark.parametrize(
        "map,out_file,command",
        mstestlib.get_pytests(os.path.dirname(os.path.abspath(__file__))),
    )
    def test(map, out_file, command, extra_args):
&gt;       mstestlib.run_pytest(map, out_file, command, extra_args)

run_test.py:46: 
_ _ _ _ _ _ _ _ _ _ _ _ _ _ _ _ _ _ _ _ _ _ _ _ _ _ _ _ _ _ _ _ _ _ 

map = '/Users/gfabbian/projects/MapServer/msautotest/renderers/labels.map'
out_file = 'labels.cairo.png'
command = '[MAP2IMG] -m [MAPFILE] -i cairopng -o [RESULT]\n'
extra_args = &lt;_pytest.config.Config object at 0x10e133cb0&gt;

    def run_pytest(map, out_file, command, extra_args):
    
        os.chdir(os.path.dirname(map))
    
        ret, msg = _run(map, out_file, command, extra_args)
&gt;       assert ret, msg
               ^^^
E       AssertionError: ("results don't match", '/Users/gfabbian/projects/MapServer/msautotest/renderers/labels.map', 'labels.cairo.png')

../pymod/mstestlib.py:882: AssertionError</failure></testcase><testcase classname="renderers.run_test" name="test[labels-min-distance_labels-min-distance_png]" time="0.524" /><testcase classname="renderers.run_test" name="test[labels-min-distance_labels-min-distance_pdf]" time="0.418"><failure message="AssertionError: (&quot;results don't match&quot;, '/Users/gfabbian/projects/MapServer/msautotest/renderers/labels-min-distance.map', 'labels-min-distance.pdf')">map = '/Users/gfabbian/projects/MapServer/msautotest/renderers/labels-min-distance.map'
out_file = 'labels-min-distance.pdf'
command = '[MAP2IMG] -m [MAPFILE] -i pdf -o [RESULT]\n'
extra_args = &lt;_pytest.config.Config object at 0x10e133cb0&gt;

    @pytest.mark.parametrize(
        "map,out_file,command",
        mstestlib.get_pytests(os.path.dirname(os.path.abspath(__file__))),
    )
    def test(map, out_file, command, extra_args):
&gt;       mstestlib.run_pytest(map, out_file, command, extra_args)

run_test.py:46: 
_ _ _ _ _ _ _ _ _ _ _ _ _ _ _ _ _ _ _ _ _ _ _ _ _ _ _ _ _ _ _ _ _ _ 

map = '/Users/gfabbian/projects/MapServer/msautotest/renderers/labels-min-distance.map'
out_file = 'labels-min-distance.pdf'
command = '[MAP2IMG] -m [MAPFILE] -i pdf -o [RESULT]\n'
extra_args = &lt;_pytest.config.Config object at 0x10e133cb0&gt;

    def run_pytest(map, out_file, command, extra_args):
    
        os.chdir(os.path.dirname(map))
    
        ret, msg = _run(map, out_file, command, extra_args)
&gt;       assert ret, msg
               ^^^
E       AssertionError: ("results don't match", '/Users/gfabbian/projects/MapServer/msautotest/renderers/labels-min-distance.map', 'labels-min-distance.pdf')

../pymod/mstestlib.py:882: AssertionError</failure></testcase><testcase classname="renderers.run_test" name="test[labels-min-distance_labels-min-distance_svg]" time="0.450"><failure message="AssertionError: (&quot;results don't match&quot;, '/Users/gfabbian/projects/MapServer/msautotest/renderers/labels-min-distance.map', 'labels-min-distance.svg')">map = '/Users/gfabbian/projects/MapServer/msautotest/renderers/labels-min-distance.map'
out_file = 'labels-min-distance.svg'
command = '[MAP2IMG] -m [MAPFILE] -i svg -o [RESULT]\n'
extra_args = &lt;_pytest.config.Config object at 0x10e133cb0&gt;

    @pytest.mark.parametrize(
        "map,out_file,command",
        mstestlib.get_pytests(os.path.dirname(os.path.abspath(__file__))),
    )
    def test(map, out_file, command, extra_args):
&gt;       mstestlib.run_pytest(map, out_file, command, extra_args)

run_test.py:46: 
_ _ _ _ _ _ _ _ _ _ _ _ _ _ _ _ _ _ _ _ _ _ _ _ _ _ _ _ _ _ _ _ _ _ 

map = '/Users/gfabbian/projects/MapServer/msautotest/renderers/labels-min-distance.map'
out_file = 'labels-min-distance.svg'
command = '[MAP2IMG] -m [MAPFILE] -i svg -o [RESULT]\n'
extra_args = &lt;_pytest.config.Config object at 0x10e133cb0&gt;

    def run_pytest(map, out_file, command, extra_args):
    
        os.chdir(os.path.dirname(map))
    
        ret, msg = _run(map, out_file, command, extra_args)
&gt;       assert ret, msg
               ^^^
E       AssertionError: ("results don't match", '/Users/gfabbian/projects/MapServer/msautotest/renderers/labels-min-distance.map', 'labels-min-distance.svg')

../pymod/mstestlib.py:882: AssertionError</failure></testcase><testcase classname="renderers.run_test" name="test[labels-min-distance_labels-min-distance_cairo_png]" time="0.453" /><testcase classname="renderers.run_test" name="test[force_palette_rgba_force_palette_rgba_png]" time="0.410" /><testcase classname="renderers.run_test" name="test[force_palette_rgba_force_palette_rgba_cairo_png]" time="0.404" /><testcase classname="renderers.run_test" name="test[chartlayer_pie_expressions_chartlayer_pie_expressions_png]" time="0.378" /><testcase classname="renderers.run_test" name="test[chartlayer_pie_expressions_chartlayer_pie_expressions_pdf]" time="0.385"><failure message="AssertionError: (&quot;results don't match&quot;, '/Users/gfabbian/projects/MapServer/msautotest/renderers/chartlayer_pie_expressions.map', 'chartlayer_pie_expressions.pdf')">map = '/Users/gfabbian/projects/MapServer/msautotest/renderers/chartlayer_pie_expressions.map'
out_file = 'chartlayer_pie_expressions.pdf'
command = '[MAP2IMG] -m [MAPFILE] -i pdf -o [RESULT]\n'
extra_args = &lt;_pytest.config.Config object at 0x10e133cb0&gt;

    @pytest.mark.parametrize(
        "map,out_file,command",
        mstestlib.get_pytests(os.path.dirname(os.path.abspath(__file__))),
    )
    def test(map, out_file, command, extra_args):
&gt;       mstestlib.run_pytest(map, out_file, command, extra_args)

run_test.py:46: 
_ _ _ _ _ _ _ _ _ _ _ _ _ _ _ _ _ _ _ _ _ _ _ _ _ _ _ _ _ _ _ _ _ _ 

map = '/Users/gfabbian/projects/MapServer/msautotest/renderers/chartlayer_pie_expressions.map'
out_file = 'chartlayer_pie_expressions.pdf'
command = '[MAP2IMG] -m [MAPFILE] -i pdf -o [RESULT]\n'
extra_args = &lt;_pytest.config.Config object at 0x10e133cb0&gt;

    def run_pytest(map, out_file, command, extra_args):
    
        os.chdir(os.path.dirname(map))
    
        ret, msg = _run(map, out_file, command, extra_args)
&gt;       assert ret, msg
               ^^^
E       AssertionError: ("results don't match", '/Users/gfabbian/projects/MapServer/msautotest/renderers/chartlayer_pie_expressions.map', 'chartlayer_pie_expressions.pdf')

../pymod/mstestlib.py:882: AssertionError</failure></testcase><testcase classname="renderers.run_test" name="test[chartlayer_pie_expressions_chartlayer_pie_expressions_svg]" time="0.384" /><testcase classname="renderers.run_test" name="test[chartlayer_pie_expressions_chartlayer_pie_expressions_cairo_png]" time="0.373" /><testcase classname="renderers.run_test" name="test[embed_sb_rgb_embed_sb_rgb_png]" time="0.367" /><testcase classname="renderers.run_test" name="test[embed_sb_rgb_embed_sb_rgb_cairo_png]" time="0.370"><failure message="AssertionError: (&quot;results don't match&quot;, '/Users/gfabbian/projects/MapServer/msautotest/renderers/embed_sb_rgb.map', 'embed_sb_rgb.cairo.png')">map = '/Users/gfabbian/projects/MapServer/msautotest/renderers/embed_sb_rgb.map'
out_file = 'embed_sb_rgb.cairo.png'
command = '[MAP2IMG] -m [MAPFILE] -i cairopng -o [RESULT]\n'
extra_args = &lt;_pytest.config.Config object at 0x10e133cb0&gt;

    @pytest.mark.parametrize(
        "map,out_file,command",
        mstestlib.get_pytests(os.path.dirname(os.path.abspath(__file__))),
    )
    def test(map, out_file, command, extra_args):
&gt;       mstestlib.run_pytest(map, out_file, command, extra_args)

run_test.py:46: 
_ _ _ _ _ _ _ _ _ _ _ _ _ _ _ _ _ _ _ _ _ _ _ _ _ _ _ _ _ _ _ _ _ _ 

map = '/Users/gfabbian/projects/MapServer/msautotest/renderers/embed_sb_rgb.map'
out_file = 'embed_sb_rgb.cairo.png'
command = '[MAP2IMG] -m [MAPFILE] -i cairopng -o [RESULT]\n'
extra_args = &lt;_pytest.config.Config object at 0x10e133cb0&gt;

    def run_pytest(map, out_file, command, extra_args):
    
        os.chdir(os.path.dirname(map))
    
        ret, msg = _run(map, out_file, command, extra_args)
&gt;       assert ret, msg
               ^^^
E       AssertionError: ("results don't match", '/Users/gfabbian/projects/MapServer/msautotest/renderers/embed_sb_rgb.map', 'embed_sb_rgb.cairo.png')

../pymod/mstestlib.py:882: AssertionError</failure></testcase><testcase classname="renderers.run_test" name="test[point-polaroffset_point-polaroffset_png]" time="0.378" /><testcase classname="renderers.run_test" name="test[point-polaroffset_point-polaroffset_pdf]" time="0.380"><failure message="AssertionError: (&quot;results don't match&quot;, '/Users/gfabbian/projects/MapServer/msautotest/renderers/point-polaroffset.map', 'point-polaroffset.pdf')">map = '/Users/gfabbian/projects/MapServer/msautotest/renderers/point-polaroffset.map'
out_file = 'point-polaroffset.pdf'
command = '[MAP2IMG] -m [MAPFILE] -i pdf -o [RESULT]\n'
extra_args = &lt;_pytest.config.Config object at 0x10e133cb0&gt;

    @pytest.mark.parametrize(
        "map,out_file,command",
        mstestlib.get_pytests(os.path.dirname(os.path.abspath(__file__))),
    )
    def test(map, out_file, command, extra_args):
&gt;       mstestlib.run_pytest(map, out_file, command, extra_args)

run_test.py:46: 
_ _ _ _ _ _ _ _ _ _ _ _ _ _ _ _ _ _ _ _ _ _ _ _ _ _ _ _ _ _ _ _ _ _ 

map = '/Users/gfabbian/projects/MapServer/msautotest/renderers/point-polaroffset.map'
out_file = 'point-polaroffset.pdf'
command = '[MAP2IMG] -m [MAPFILE] -i pdf -o [RESULT]\n'
extra_args = &lt;_pytest.config.Config object at 0x10e133cb0&gt;

    def run_pytest(map, out_file, command, extra_args):
    
        os.chdir(os.path.dirname(map))
    
        ret, msg = _run(map, out_file, command, extra_args)
&gt;       assert ret, msg
               ^^^
E       AssertionError: ("results don't match", '/Users/gfabbian/projects/MapServer/msautotest/renderers/point-polaroffset.map', 'point-polaroffset.pdf')

../pymod/mstestlib.py:882: AssertionError</failure></testcase><testcase classname="renderers.run_test" name="test[point-polaroffset_point-polaroffset_svg]" time="0.375" /><testcase classname="renderers.run_test" name="test[point-polaroffset_point-polaroffset_cairo_png]" time="0.371" /><testcase classname="renderers.run_test" name="test[uvraster_reproj_uvraster_reproj_png]" time="0.492" /><testcase classname="renderers.run_test" name="test[uvraster_reproj_uvraster_reproj_cairo_png]" time="0.465" /><testcase classname="renderers.run_test" name="test[point_pixmap_gif_point_pixmap_gif_png]" time="0.392" /><testcase classname="renderers.run_test" name="test[point_pixmap_gif_point_pixmap_gif_pdf]" time="0.382"><failure message="AssertionError: (&quot;results don't match&quot;, '/Users/gfabbian/projects/MapServer/msautotest/renderers/point_pixmap_gif.map', 'point_pixmap_gif.pdf')">map = '/Users/gfabbian/projects/MapServer/msautotest/renderers/point_pixmap_gif.map'
out_file = 'point_pixmap_gif.pdf'
command = '[MAP2IMG] -m [MAPFILE] -i pdf -o [RESULT]\n'
extra_args = &lt;_pytest.config.Config object at 0x10e133cb0&gt;

    @pytest.mark.parametrize(
        "map,out_file,command",
        mstestlib.get_pytests(os.path.dirname(os.path.abspath(__file__))),
    )
    def test(map, out_file, command, extra_args):
&gt;       mstestlib.run_pytest(map, out_file, command, extra_args)

run_test.py:46: 
_ _ _ _ _ _ _ _ _ _ _ _ _ _ _ _ _ _ _ _ _ _ _ _ _ _ _ _ _ _ _ _ _ _ 

map = '/Users/gfabbian/projects/MapServer/msautotest/renderers/point_pixmap_gif.map'
out_file = 'point_pixmap_gif.pdf'
command = '[MAP2IMG] -m [MAPFILE] -i pdf -o [RESULT]\n'
extra_args = &lt;_pytest.config.Config object at 0x10e133cb0&gt;

    def run_pytest(map, out_file, command, extra_args):
    
        os.chdir(os.path.dirname(map))
    
        ret, msg = _run(map, out_file, command, extra_args)
&gt;       assert ret, msg
               ^^^
E       AssertionError: ("results don't match", '/Users/gfabbian/projects/MapServer/msautotest/renderers/point_pixmap_gif.map', 'point_pixmap_gif.pdf')

../pymod/mstestlib.py:882: AssertionError</failure></testcase><testcase classname="renderers.run_test" name="test[point_pixmap_gif_point_pixmap_gif_svg]" time="0.369" /><testcase classname="renderers.run_test" name="test[point_pixmap_gif_point_pixmap_gif_cairo_png]" time="0.370" /><testcase classname="renderers.run_test" name="test[utfgrid-escaping_utfgrid-escaping_json]" time="0.407" /><testcase classname="renderers.run_test" name="test[raster_simple_raster_simple_png]" time="0.387" /><testcase classname="renderers.run_test" name="test[raster_simple_raster_simple_pdf]" time="0.395"><failure message="AssertionError: (&quot;results don't match&quot;, '/Users/gfabbian/projects/MapServer/msautotest/renderers/raster_simple.map', 'raster_simple.pdf')">map = '/Users/gfabbian/projects/MapServer/msautotest/renderers/raster_simple.map'
out_file = 'raster_simple.pdf'
command = '[MAP2IMG] -m [MAPFILE] -i pdf -o [RESULT]\n'
extra_args = &lt;_pytest.config.Config object at 0x10e133cb0&gt;

    @pytest.mark.parametrize(
        "map,out_file,command",
        mstestlib.get_pytests(os.path.dirname(os.path.abspath(__file__))),
    )
    def test(map, out_file, command, extra_args):
&gt;       mstestlib.run_pytest(map, out_file, command, extra_args)

run_test.py:46: 
_ _ _ _ _ _ _ _ _ _ _ _ _ _ _ _ _ _ _ _ _ _ _ _ _ _ _ _ _ _ _ _ _ _ 

map = '/Users/gfabbian/projects/MapServer/msautotest/renderers/raster_simple.map'
out_file = 'raster_simple.pdf'
command = '[MAP2IMG] -m [MAPFILE] -i pdf -o [RESULT]\n'
extra_args = &lt;_pytest.config.Config object at 0x10e133cb0&gt;

    def run_pytest(map, out_file, command, extra_args):
    
        os.chdir(os.path.dirname(map))
    
        ret, msg = _run(map, out_file, command, extra_args)
&gt;       assert ret, msg
               ^^^
E       AssertionError: ("results don't match", '/Users/gfabbian/projects/MapServer/msautotest/renderers/raster_simple.map', 'raster_simple.pdf')

../pymod/mstestlib.py:882: AssertionError</failure></testcase><testcase classname="renderers.run_test" name="test[raster_simple_raster_simple_svg]" time="0.525" /><testcase classname="renderers.run_test" name="test[raster_simple_raster_simple_cairo_png]" time="0.430" /><testcase classname="renderers.run_test" name="test[multilabel_multilabel_png]" time="0.392" /><testcase classname="renderers.run_test" name="test[multilabel_multilabel_pdf]" time="0.492"><failure message="AssertionError: (&quot;results don't match&quot;, '/Users/gfabbian/projects/MapServer/msautotest/renderers/multilabel.map', 'multilabel.pdf')">map = '/Users/gfabbian/projects/MapServer/msautotest/renderers/multilabel.map'
out_file = 'multilabel.pdf'
command = '[MAP2IMG] -m [MAPFILE] -i pdf -o [RESULT]\n'
extra_args = &lt;_pytest.config.Config object at 0x10e133cb0&gt;

    @pytest.mark.parametrize(
        "map,out_file,command",
        mstestlib.get_pytests(os.path.dirname(os.path.abspath(__file__))),
    )
    def test(map, out_file, command, extra_args):
&gt;       mstestlib.run_pytest(map, out_file, command, extra_args)

run_test.py:46: 
_ _ _ _ _ _ _ _ _ _ _ _ _ _ _ _ _ _ _ _ _ _ _ _ _ _ _ _ _ _ _ _ _ _ 

map = '/Users/gfabbian/projects/MapServer/msautotest/renderers/multilabel.map'
out_file = 'multilabel.pdf'
command = '[MAP2IMG] -m [MAPFILE] -i pdf -o [RESULT]\n'
extra_args = &lt;_pytest.config.Config object at 0x10e133cb0&gt;

    def run_pytest(map, out_file, command, extra_args):
    
        os.chdir(os.path.dirname(map))
    
        ret, msg = _run(map, out_file, command, extra_args)
&gt;       assert ret, msg
               ^^^
E       AssertionError: ("results don't match", '/Users/gfabbian/projects/MapServer/msautotest/renderers/multilabel.map', 'multilabel.pdf')

../pymod/mstestlib.py:882: AssertionError</failure></testcase><testcase classname="renderers.run_test" name="test[multilabel_multilabel_svg]" time="0.385"><failure message="AssertionError: (&quot;results don't match&quot;, '/Users/gfabbian/projects/MapServer/msautotest/renderers/multilabel.map', 'multilabel.svg')">map = '/Users/gfabbian/projects/MapServer/msautotest/renderers/multilabel.map'
out_file = 'multilabel.svg'
command = '[MAP2IMG] -m [MAPFILE] -i svg -o [RESULT]\n'
extra_args = &lt;_pytest.config.Config object at 0x10e133cb0&gt;

    @pytest.mark.parametrize(
        "map,out_file,command",
        mstestlib.get_pytests(os.path.dirname(os.path.abspath(__file__))),
    )
    def test(map, out_file, command, extra_args):
&gt;       mstestlib.run_pytest(map, out_file, command, extra_args)

run_test.py:46: 
_ _ _ _ _ _ _ _ _ _ _ _ _ _ _ _ _ _ _ _ _ _ _ _ _ _ _ _ _ _ _ _ _ _ 

map = '/Users/gfabbian/projects/MapServer/msautotest/renderers/multilabel.map'
out_file = 'multilabel.svg'
command = '[MAP2IMG] -m [MAPFILE] -i svg -o [RESULT]\n'
extra_args = &lt;_pytest.config.Config object at 0x10e133cb0&gt;

    def run_pytest(map, out_file, command, extra_args):
    
        os.chdir(os.path.dirname(map))
    
        ret, msg = _run(map, out_file, command, extra_args)
&gt;       assert ret, msg
               ^^^
E       AssertionError: ("results don't match", '/Users/gfabbian/projects/MapServer/msautotest/renderers/multilabel.map', 'multilabel.svg')

../pymod/mstestlib.py:882: AssertionError</failure></testcase><testcase classname="renderers.run_test" name="test[multilabel_multilabel_cairo_png]" time="0.375" /><testcase classname="renderers.run_test" name="test[utfgrid_truetype_symbol_utfgrid_truetype_symbol_labelcache_json]" time="0.385" /><testcase classname="renderers.run_test" name="test[utfgrid_truetype_symbol_utfgrid_truetype_symbol_nolabelcache_json]" time="0.384" /><testcase classname="renderers.run_test" name="test[utfgrid_truetype_symbol_utfgrid_truetype_symbol_rotation_json]" time="0.383" /><testcase classname="renderers.run_test" name="test[compop_hsl_saturation_compop_hsl_saturation_agg_png]" time="0.400" /><testcase classname="renderers.run_test" name="test[compop_hsl_saturation_compop_hsl_saturation_cairo_png]" time="0.387" /><testcase classname="renderers.run_test" name="test[force_pc256_rgba_force_pc256_rgba_png]" time="0.509"><failure message="AssertionError: (&quot;results don't match&quot;, '/Users/gfabbian/projects/MapServer/msautotest/renderers/force_pc256_rgba.map', 'force_pc256_rgba.png')">map = '/Users/gfabbian/projects/MapServer/msautotest/renderers/force_pc256_rgba.map'
out_file = 'force_pc256_rgba.png'
command = '[MAP2IMG] -m [MAPFILE] -i png -o [RESULT]\n'
extra_args = &lt;_pytest.config.Config object at 0x10e133cb0&gt;

    @pytest.mark.parametrize(
        "map,out_file,command",
        mstestlib.get_pytests(os.path.dirname(os.path.abspath(__file__))),
    )
    def test(map, out_file, command, extra_args):
&gt;       mstestlib.run_pytest(map, out_file, command, extra_args)

run_test.py:46: 
_ _ _ _ _ _ _ _ _ _ _ _ _ _ _ _ _ _ _ _ _ _ _ _ _ _ _ _ _ _ _ _ _ _ 

map = '/Users/gfabbian/projects/MapServer/msautotest/renderers/force_pc256_rgba.map'
out_file = 'force_pc256_rgba.png'
command = '[MAP2IMG] -m [MAPFILE] -i png -o [RESULT]\n'
extra_args = &lt;_pytest.config.Config object at 0x10e133cb0&gt;

    def run_pytest(map, out_file, command, extra_args):
    
        os.chdir(os.path.dirname(map))
    
        ret, msg = _run(map, out_file, command, extra_args)
&gt;       assert ret, msg
               ^^^
E       AssertionError: ("results don't match", '/Users/gfabbian/projects/MapServer/msautotest/renderers/force_pc256_rgba.map', 'force_pc256_rgba.png')

../pymod/mstestlib.py:882: AssertionError</failure></testcase><testcase classname="renderers.run_test" name="test[force_pc256_rgba_force_pc256_rgba_cairo_png]" time="0.398"><failure message="AssertionError: (&quot;results don't match&quot;, '/Users/gfabbian/projects/MapServer/msautotest/renderers/force_pc256_rgba.map', 'force_pc256_rgba.cairo.png')">map = '/Users/gfabbian/projects/MapServer/msautotest/renderers/force_pc256_rgba.map'
out_file = 'force_pc256_rgba.cairo.png'
command = '[MAP2IMG] -m [MAPFILE] -i cairopng -o [RESULT]\n'
extra_args = &lt;_pytest.config.Config object at 0x10e133cb0&gt;

    @pytest.mark.parametrize(
        "map,out_file,command",
        mstestlib.get_pytests(os.path.dirname(os.path.abspath(__file__))),
    )
    def test(map, out_file, command, extra_args):
&gt;       mstestlib.run_pytest(map, out_file, command, extra_args)

run_test.py:46: 
_ _ _ _ _ _ _ _ _ _ _ _ _ _ _ _ _ _ _ _ _ _ _ _ _ _ _ _ _ _ _ _ _ _ 

map = '/Users/gfabbian/projects/MapServer/msautotest/renderers/force_pc256_rgba.map'
out_file = 'force_pc256_rgba.cairo.png'
command = '[MAP2IMG] -m [MAPFILE] -i cairopng -o [RESULT]\n'
extra_args = &lt;_pytest.config.Config object at 0x10e133cb0&gt;

    def run_pytest(map, out_file, command, extra_args):
    
        os.chdir(os.path.dirname(map))
    
        ret, msg = _run(map, out_file, command, extra_args)
&gt;       assert ret, msg
               ^^^
E       AssertionError: ("results don't match", '/Users/gfabbian/projects/MapServer/msautotest/renderers/force_pc256_rgba.map', 'force_pc256_rgba.cairo.png')

../pymod/mstestlib.py:882: AssertionError</failure></testcase><testcase classname="renderers.run_test" name="test[force_pc256_force_pc256_png]" time="0.435" /><testcase classname="renderers.run_test" name="test[force_pc256_force_pc256_cairo_png]" time="0.391" /><testcase classname="renderers.run_test" name="test[rgb_overlay_res_rgb_overlay_res_png]" time="0.420"><failure message="AssertionError: (&quot;results don't match&quot;, '/Users/gfabbian/projects/MapServer/msautotest/renderers/rgb_overlay_res.map', 'rgb_overlay_res.png')">map = '/Users/gfabbian/projects/MapServer/msautotest/renderers/rgb_overlay_res.map'
out_file = 'rgb_overlay_res.png'
command = '[MAP2IMG] -m [MAPFILE] -i png -o [RESULT]\n'
extra_args = &lt;_pytest.config.Config object at 0x10e133cb0&gt;

    @pytest.mark.parametrize(
        "map,out_file,command",
        mstestlib.get_pytests(os.path.dirname(os.path.abspath(__file__))),
    )
    def test(map, out_file, command, extra_args):
&gt;       mstestlib.run_pytest(map, out_file, command, extra_args)

run_test.py:46: 
_ _ _ _ _ _ _ _ _ _ _ _ _ _ _ _ _ _ _ _ _ _ _ _ _ _ _ _ _ _ _ _ _ _ 

map = '/Users/gfabbian/projects/MapServer/msautotest/renderers/rgb_overlay_res.map'
out_file = 'rgb_overlay_res.png'
command = '[MAP2IMG] -m [MAPFILE] -i png -o [RESULT]\n'
extra_args = &lt;_pytest.config.Config object at 0x10e133cb0&gt;

    def run_pytest(map, out_file, command, extra_args):
    
        os.chdir(os.path.dirname(map))
    
        ret, msg = _run(map, out_file, command, extra_args)
&gt;       assert ret, msg
               ^^^
E       AssertionError: ("results don't match", '/Users/gfabbian/projects/MapServer/msautotest/renderers/rgb_overlay_res.map', 'rgb_overlay_res.png')

../pymod/mstestlib.py:882: AssertionError</failure></testcase><testcase classname="renderers.run_test" name="test[rgb_overlay_res_rgb_overlay_res_pdf]" time="0.411"><failure message="AssertionError: (&quot;results don't match&quot;, '/Users/gfabbian/projects/MapServer/msautotest/renderers/rgb_overlay_res.map', 'rgb_overlay_res.pdf')">map = '/Users/gfabbian/projects/MapServer/msautotest/renderers/rgb_overlay_res.map'
out_file = 'rgb_overlay_res.pdf'
command = '[MAP2IMG] -m [MAPFILE] -i pdf -o [RESULT]\n'
extra_args = &lt;_pytest.config.Config object at 0x10e133cb0&gt;

    @pytest.mark.parametrize(
        "map,out_file,command",
        mstestlib.get_pytests(os.path.dirname(os.path.abspath(__file__))),
    )
    def test(map, out_file, command, extra_args):
&gt;       mstestlib.run_pytest(map, out_file, command, extra_args)

run_test.py:46: 
_ _ _ _ _ _ _ _ _ _ _ _ _ _ _ _ _ _ _ _ _ _ _ _ _ _ _ _ _ _ _ _ _ _ 

map = '/Users/gfabbian/projects/MapServer/msautotest/renderers/rgb_overlay_res.map'
out_file = 'rgb_overlay_res.pdf'
command = '[MAP2IMG] -m [MAPFILE] -i pdf -o [RESULT]\n'
extra_args = &lt;_pytest.config.Config object at 0x10e133cb0&gt;

    def run_pytest(map, out_file, command, extra_args):
    
        os.chdir(os.path.dirname(map))
    
        ret, msg = _run(map, out_file, command, extra_args)
&gt;       assert ret, msg
               ^^^
E       AssertionError: ("results don't match", '/Users/gfabbian/projects/MapServer/msautotest/renderers/rgb_overlay_res.map', 'rgb_overlay_res.pdf')

../pymod/mstestlib.py:882: AssertionError</failure></testcase><testcase classname="renderers.run_test" name="test[rgb_overlay_res_rgb_overlay_res_svg]" time="0.410"><failure message="AssertionError: (&quot;results don't match&quot;, '/Users/gfabbian/projects/MapServer/msautotest/renderers/rgb_overlay_res.map', 'rgb_overlay_res.svg')">map = '/Users/gfabbian/projects/MapServer/msautotest/renderers/rgb_overlay_res.map'
out_file = 'rgb_overlay_res.svg'
command = '[MAP2IMG] -m [MAPFILE] -i svg -o [RESULT]\n'
extra_args = &lt;_pytest.config.Config object at 0x10e133cb0&gt;

    @pytest.mark.parametrize(
        "map,out_file,command",
        mstestlib.get_pytests(os.path.dirname(os.path.abspath(__file__))),
    )
    def test(map, out_file, command, extra_args):
&gt;       mstestlib.run_pytest(map, out_file, command, extra_args)

run_test.py:46: 
_ _ _ _ _ _ _ _ _ _ _ _ _ _ _ _ _ _ _ _ _ _ _ _ _ _ _ _ _ _ _ _ _ _ 

map = '/Users/gfabbian/projects/MapServer/msautotest/renderers/rgb_overlay_res.map'
out_file = 'rgb_overlay_res.svg'
command = '[MAP2IMG] -m [MAPFILE] -i svg -o [RESULT]\n'
extra_args = &lt;_pytest.config.Config object at 0x10e133cb0&gt;

    def run_pytest(map, out_file, command, extra_args):
    
        os.chdir(os.path.dirname(map))
    
        ret, msg = _run(map, out_file, command, extra_args)
&gt;       assert ret, msg
               ^^^
E       AssertionError: ("results don't match", '/Users/gfabbian/projects/MapServer/msautotest/renderers/rgb_overlay_res.map', 'rgb_overlay_res.svg')

../pymod/mstestlib.py:882: AssertionError</failure></testcase><testcase classname="renderers.run_test" name="test[rgb_overlay_res_rgb_overlay_res_cairo_png]" time="0.412"><failure message="AssertionError: (&quot;results don't match&quot;, '/Users/gfabbian/projects/MapServer/msautotest/renderers/rgb_overlay_res.map', 'rgb_overlay_res.cairo.png')">map = '/Users/gfabbian/projects/MapServer/msautotest/renderers/rgb_overlay_res.map'
out_file = 'rgb_overlay_res.cairo.png'
command = '[MAP2IMG] -m [MAPFILE] -i cairopng -o [RESULT]\n'
extra_args = &lt;_pytest.config.Config object at 0x10e133cb0&gt;

    @pytest.mark.parametrize(
        "map,out_file,command",
        mstestlib.get_pytests(os.path.dirname(os.path.abspath(__file__))),
    )
    def test(map, out_file, command, extra_args):
&gt;       mstestlib.run_pytest(map, out_file, command, extra_args)

run_test.py:46: 
_ _ _ _ _ _ _ _ _ _ _ _ _ _ _ _ _ _ _ _ _ _ _ _ _ _ _ _ _ _ _ _ _ _ 

map = '/Users/gfabbian/projects/MapServer/msautotest/renderers/rgb_overlay_res.map'
out_file = 'rgb_overlay_res.cairo.png'
command = '[MAP2IMG] -m [MAPFILE] -i cairopng -o [RESULT]\n'
extra_args = &lt;_pytest.config.Config object at 0x10e133cb0&gt;

    def run_pytest(map, out_file, command, extra_args):
    
        os.chdir(os.path.dirname(map))
    
        ret, msg = _run(map, out_file, command, extra_args)
&gt;       assert ret, msg
               ^^^
E       AssertionError: ("results don't match", '/Users/gfabbian/projects/MapServer/msautotest/renderers/rgb_overlay_res.map', 'rgb_overlay_res.cairo.png')

../pymod/mstestlib.py:882: AssertionError</failure></testcase><testcase classname="renderers.run_test" name="test[rgb_overlay_rgb_overlay_png]" time="0.394"><failure message="AssertionError: (&quot;results don't match&quot;, '/Users/gfabbian/projects/MapServer/msautotest/renderers/rgb_overlay.map', 'rgb_overlay.png')">map = '/Users/gfabbian/projects/MapServer/msautotest/renderers/rgb_overlay.map'
out_file = 'rgb_overlay.png'
command = '[MAP2IMG] -m [MAPFILE] -i png -o [RESULT]\n'
extra_args = &lt;_pytest.config.Config object at 0x10e133cb0&gt;

    @pytest.mark.parametrize(
        "map,out_file,command",
        mstestlib.get_pytests(os.path.dirname(os.path.abspath(__file__))),
    )
    def test(map, out_file, command, extra_args):
&gt;       mstestlib.run_pytest(map, out_file, command, extra_args)

run_test.py:46: 
_ _ _ _ _ _ _ _ _ _ _ _ _ _ _ _ _ _ _ _ _ _ _ _ _ _ _ _ _ _ _ _ _ _ 

map = '/Users/gfabbian/projects/MapServer/msautotest/renderers/rgb_overlay.map'
out_file = 'rgb_overlay.png'
command = '[MAP2IMG] -m [MAPFILE] -i png -o [RESULT]\n'
extra_args = &lt;_pytest.config.Config object at 0x10e133cb0&gt;

    def run_pytest(map, out_file, command, extra_args):
    
        os.chdir(os.path.dirname(map))
    
        ret, msg = _run(map, out_file, command, extra_args)
&gt;       assert ret, msg
               ^^^
E       AssertionError: ("results don't match", '/Users/gfabbian/projects/MapServer/msautotest/renderers/rgb_overlay.map', 'rgb_overlay.png')

../pymod/mstestlib.py:882: AssertionError</failure></testcase><testcase classname="renderers.run_test" name="test[rgb_overlay_rgb_overlay_pdf]" time="0.394"><failure message="AssertionError: (&quot;results don't match&quot;, '/Users/gfabbian/projects/MapServer/msautotest/renderers/rgb_overlay.map', 'rgb_overlay.pdf')">map = '/Users/gfabbian/projects/MapServer/msautotest/renderers/rgb_overlay.map'
out_file = 'rgb_overlay.pdf'
command = '[MAP2IMG] -m [MAPFILE] -i pdf -o [RESULT]\n'
extra_args = &lt;_pytest.config.Config object at 0x10e133cb0&gt;

    @pytest.mark.parametrize(
        "map,out_file,command",
        mstestlib.get_pytests(os.path.dirname(os.path.abspath(__file__))),
    )
    def test(map, out_file, command, extra_args):
&gt;       mstestlib.run_pytest(map, out_file, command, extra_args)

run_test.py:46: 
_ _ _ _ _ _ _ _ _ _ _ _ _ _ _ _ _ _ _ _ _ _ _ _ _ _ _ _ _ _ _ _ _ _ 

map = '/Users/gfabbian/projects/MapServer/msautotest/renderers/rgb_overlay.map'
out_file = 'rgb_overlay.pdf'
command = '[MAP2IMG] -m [MAPFILE] -i pdf -o [RESULT]\n'
extra_args = &lt;_pytest.config.Config object at 0x10e133cb0&gt;

    def run_pytest(map, out_file, command, extra_args):
    
        os.chdir(os.path.dirname(map))
    
        ret, msg = _run(map, out_file, command, extra_args)
&gt;       assert ret, msg
               ^^^
E       AssertionError: ("results don't match", '/Users/gfabbian/projects/MapServer/msautotest/renderers/rgb_overlay.map', 'rgb_overlay.pdf')

../pymod/mstestlib.py:882: AssertionError</failure></testcase><testcase classname="renderers.run_test" name="test[rgb_overlay_rgb_overlay_svg]" time="0.398"><failure message="AssertionError: (&quot;results don't match&quot;, '/Users/gfabbian/projects/MapServer/msautotest/renderers/rgb_overlay.map', 'rgb_overlay.svg')">map = '/Users/gfabbian/projects/MapServer/msautotest/renderers/rgb_overlay.map'
out_file = 'rgb_overlay.svg'
command = '[MAP2IMG] -m [MAPFILE] -i svg -o [RESULT]\n'
extra_args = &lt;_pytest.config.Config object at 0x10e133cb0&gt;

    @pytest.mark.parametrize(
        "map,out_file,command",
        mstestlib.get_pytests(os.path.dirname(os.path.abspath(__file__))),
    )
    def test(map, out_file, command, extra_args):
&gt;       mstestlib.run_pytest(map, out_file, command, extra_args)

run_test.py:46: 
_ _ _ _ _ _ _ _ _ _ _ _ _ _ _ _ _ _ _ _ _ _ _ _ _ _ _ _ _ _ _ _ _ _ 

map = '/Users/gfabbian/projects/MapServer/msautotest/renderers/rgb_overlay.map'
out_file = 'rgb_overlay.svg'
command = '[MAP2IMG] -m [MAPFILE] -i svg -o [RESULT]\n'
extra_args = &lt;_pytest.config.Config object at 0x10e133cb0&gt;

    def run_pytest(map, out_file, command, extra_args):
    
        os.chdir(os.path.dirname(map))
    
        ret, msg = _run(map, out_file, command, extra_args)
&gt;       assert ret, msg
               ^^^
E       AssertionError: ("results don't match", '/Users/gfabbian/projects/MapServer/msautotest/renderers/rgb_overlay.map', 'rgb_overlay.svg')

../pymod/mstestlib.py:882: AssertionError</failure></testcase><testcase classname="renderers.run_test" name="test[rgb_overlay_rgb_overlay_cairo_png]" time="0.410"><failure message="AssertionError: (&quot;results don't match&quot;, '/Users/gfabbian/projects/MapServer/msautotest/renderers/rgb_overlay.map', 'rgb_overlay.cairo.png')">map = '/Users/gfabbian/projects/MapServer/msautotest/renderers/rgb_overlay.map'
out_file = 'rgb_overlay.cairo.png'
command = '[MAP2IMG] -m [MAPFILE] -i cairopng -o [RESULT]\n'
extra_args = &lt;_pytest.config.Config object at 0x10e133cb0&gt;

    @pytest.mark.parametrize(
        "map,out_file,command",
        mstestlib.get_pytests(os.path.dirname(os.path.abspath(__file__))),
    )
    def test(map, out_file, command, extra_args):
&gt;       mstestlib.run_pytest(map, out_file, command, extra_args)

run_test.py:46: 
_ _ _ _ _ _ _ _ _ _ _ _ _ _ _ _ _ _ _ _ _ _ _ _ _ _ _ _ _ _ _ _ _ _ 

map = '/Users/gfabbian/projects/MapServer/msautotest/renderers/rgb_overlay.map'
out_file = 'rgb_overlay.cairo.png'
command = '[MAP2IMG] -m [MAPFILE] -i cairopng -o [RESULT]\n'
extra_args = &lt;_pytest.config.Config object at 0x10e133cb0&gt;

    def run_pytest(map, out_file, command, extra_args):
    
        os.chdir(os.path.dirname(map))
    
        ret, msg = _run(map, out_file, command, extra_args)
&gt;       assert ret, msg
               ^^^
E       AssertionError: ("results don't match", '/Users/gfabbian/projects/MapServer/msautotest/renderers/rgb_overlay.map', 'rgb_overlay.cairo.png')

../pymod/mstestlib.py:882: AssertionError</failure></testcase><testcase classname="renderers.run_test" name="test[circle_layer_circle_layer_png]" time="0.371" /><testcase classname="renderers.run_test" name="test[circle_layer_circle_layer_pdf]" time="0.432"><failure message="AssertionError: (&quot;results don't match&quot;, '/Users/gfabbian/projects/MapServer/msautotest/renderers/circle_layer.map', 'circle_layer.pdf')">map = '/Users/gfabbian/projects/MapServer/msautotest/renderers/circle_layer.map'
out_file = 'circle_layer.pdf'
command = '[MAP2IMG] -m [MAPFILE] -i pdf -o [RESULT]\n'
extra_args = &lt;_pytest.config.Config object at 0x10e133cb0&gt;

    @pytest.mark.parametrize(
        "map,out_file,command",
        mstestlib.get_pytests(os.path.dirname(os.path.abspath(__file__))),
    )
    def test(map, out_file, command, extra_args):
&gt;       mstestlib.run_pytest(map, out_file, command, extra_args)

run_test.py:46: 
_ _ _ _ _ _ _ _ _ _ _ _ _ _ _ _ _ _ _ _ _ _ _ _ _ _ _ _ _ _ _ _ _ _ 

map = '/Users/gfabbian/projects/MapServer/msautotest/renderers/circle_layer.map'
out_file = 'circle_layer.pdf'
[...]
command = '[MAP2IMG] -m [MAPFILE] -i pdf -o [RESULT]\n'
extra_args = &lt;_pytest.config.Config object at 0x10e133cb0&gt;

    def run_pytest(map, out_file, command, extra_args):
    
        os.chdir(os.path.dirname(map))
    
        ret, msg = _run(map, out_file, command, extra_args)
&gt;       assert ret, msg
               ^^^
E       AssertionError: ("results don't match", '/Users/gfabbian/projects/MapServer/msautotest/renderers/label-multifont.map', 'label-multifont.pdf')

../pymod/mstestlib.py:882: AssertionError</failure></testcase><testcase classname="renderers.run_test" name="test[label-multifont_label-multifont_svg]" time="0.402"><failure message="AssertionError: (&quot;results don't match&quot;, '/Users/gfabbian/projects/MapServer/msautotest/renderers/label-multifont.map', 'label-multifont.svg')">map = '/Users/gfabbian/projects/MapServer/msautotest/renderers/label-multifont.map'
out_file = 'label-multifont.svg'
command = '[MAP2IMG] -m [MAPFILE] -i svg -o [RESULT]\n'
extra_args = &lt;_pytest.config.Config object at 0x10e133cb0&gt;

    @pytest.mark.parametrize(
        "map,out_file,command",
        mstestlib.get_pytests(os.path.dirname(os.path.abspath(__file__))),
    )
    def test(map, out_file, command, extra_args):
&gt;       mstestlib.run_pytest(map, out_file, command, extra_args)

run_test.py:46: 
_ _ _ _ _ _ _ _ _ _ _ _ _ _ _ _ _ _ _ _ _ _ _ _ _ _ _ _ _ _ _ _ _ _ 

map = '/Users/gfabbian/projects/MapServer/msautotest/renderers/label-multifont.map'
out_file = 'label-multifont.svg'
command = '[MAP2IMG] -m [MAPFILE] -i svg -o [RESULT]\n'
extra_args = &lt;_pytest.config.Config object at 0x10e133cb0&gt;

    def run_pytest(map, out_file, command, extra_args):
    
        os.chdir(os.path.dirname(map))
    
        ret, msg = _run(map, out_file, command, extra_args)
&gt;       assert ret, msg
               ^^^
E       AssertionError: ("results don't match", '/Users/gfabbian/projects/MapServer/msautotest/renderers/label-multifont.map', 'label-multifont.svg')

../pymod/mstestlib.py:882: AssertionError</failure></testcase><testcase classname="renderers.run_test" name="test[label-multifont_label-multifont_cairo_png]" time="0.371"><failure message="AssertionError: (&quot;results don't match&quot;, '/Users/gfabbian/projects/MapServer/msautotest/renderers/label-multifont.map', 'label-multifont.cairo.png')">map = '/Users/gfabbian/projects/MapServer/msautotest/renderers/label-multifont.map'
out_file = 'label-multifont.cairo.png'
command = '[MAP2IMG] -m [MAPFILE] -i cairopng -o [RESULT]\n'
extra_args = &lt;_pytest.config.Config object at 0x10e133cb0&gt;

    @pytest.mark.parametrize(
        "map,out_file,command",
        mstestlib.get_pytests(os.path.dirname(os.path.abspath(__file__))),
    )
    def test(map, out_file, command, extra_args):
&gt;       mstestlib.run_pytest(map, out_file, command, extra_args)

run_test.py:46: 
_ _ _ _ _ _ _ _ _ _ _ _ _ _ _ _ _ _ _ _ _ _ _ _ _ _ _ _ _ _ _ _ _ _ 

map = '/Users/gfabbian/projects/MapServer/msautotest/renderers/label-multifont.map'
out_file = 'label-multifont.cairo.png'
command = '[MAP2IMG] -m [MAPFILE] -i cairopng -o [RESULT]\n'
extra_args = &lt;_pytest.config.Config object at 0x10e133cb0&gt;

    def run_pytest(map, out_file, command, extra_args):
    
        os.chdir(os.path.dirname(map))
    
        ret, msg = _run(map, out_file, command, extra_args)
&gt;       assert ret, msg
               ^^^
E       AssertionError: ("results don't match", '/Users/gfabbian/projects/MapServer/msautotest/renderers/label-multifont.map', 'label-multifont.cairo.png')

../pymod/mstestlib.py:882: AssertionError</failure></testcase><testcase classname="renderers.run_test" name="test[line_label_follow_retry_line_label_follow_retry_png]" time="0.388" /><testcase classname="renderers.run_test" name="test[line_label_follow_retry_line_label_follow_retry_pdf]" time="0.427"><failure message="AssertionError: (&quot;results don't match&quot;, '/Users/gfabbian/projects/MapServer/msautotest/renderers/line_label_follow_retry.map', 'line_label_follow_retry.pdf')">map = '/Users/gfabbian/projects/MapServer/msautotest/renderers/line_label_follow_retry.map'
out_file = 'line_label_follow_retry.pdf'
command = '[MAP2IMG] -m [MAPFILE] -i pdf -o [RESULT]\n'
extra_args = &lt;_pytest.config.Config object at 0x10e133cb0&gt;

    @pytest.mark.parametrize(
        "map,out_file,command",
        mstestlib.get_pytests(os.path.dirname(os.path.abspath(__file__))),
    )
    def test(map, out_file, command, extra_args):
&gt;       mstestlib.run_pytest(map, out_file, command, extra_args)

run_test.py:46: 
_ _ _ _ _ _ _ _ _ _ _ _ _ _ _ _ _ _ _ _ _ _ _ _ _ _ _ _ _ _ _ _ _ _ 

map = '/Users/gfabbian/projects/MapServer/msautotest/renderers/line_label_follow_retry.map'
out_file = 'line_label_follow_retry.pdf'
command = '[MAP2IMG] -m [MAPFILE] -i pdf -o [RESULT]\n'
extra_args = &lt;_pytest.config.Config object at 0x10e133cb0&gt;

    def run_pytest(map, out_file, command, extra_args):
    
        os.chdir(os.path.dirname(map))
    
        ret, msg = _run(map, out_file, command, extra_args)
&gt;       assert ret, msg
               ^^^
E       AssertionError: ("results don't match", '/Users/gfabbian/projects/MapServer/msautotest/renderers/line_label_follow_retry.map', 'line_label_follow_retry.pdf')

../pymod/mstestlib.py:882: AssertionError</failure></testcase><testcase classname="renderers.run_test" name="test[line_label_follow_retry_line_label_follow_retry_svg]" time="0.398"><failure message="AssertionError: (&quot;results don't match&quot;, '/Users/gfabbian/projects/MapServer/msautotest/renderers/line_label_follow_retry.map', 'line_label_follow_retry.svg')">map = '/Users/gfabbian/projects/MapServer/msautotest/renderers/line_label_follow_retry.map'
out_file = 'line_label_follow_retry.svg'
command = '[MAP2IMG] -m [MAPFILE] -i svg -o [RESULT]\n'
extra_args = &lt;_pytest.config.Config object at 0x10e133cb0&gt;

    @pytest.mark.parametrize(
        "map,out_file,command",
        mstestlib.get_pytests(os.path.dirname(os.path.abspath(__file__))),
    )
    def test(map, out_file, command, extra_args):
&gt;       mstestlib.run_pytest(map, out_file, command, extra_args)

run_test.py:46: 
_ _ _ _ _ _ _ _ _ _ _ _ _ _ _ _ _ _ _ _ _ _ _ _ _ _ _ _ _ _ _ _ _ _ 

map = '/Users/gfabbian/projects/MapServer/msautotest/renderers/line_label_follow_retry.map'
out_file = 'line_label_follow_retry.svg'
command = '[MAP2IMG] -m [MAPFILE] -i svg -o [RESULT]\n'
extra_args = &lt;_pytest.config.Config object at 0x10e133cb0&gt;

    def run_pytest(map, out_file, command, extra_args):
    
        os.chdir(os.path.dirname(map))
    
        ret, msg = _run(map, out_file, command, extra_args)
&gt;       assert ret, msg
               ^^^
E       AssertionError: ("results don't match", '/Users/gfabbian/projects/MapServer/msautotest/renderers/line_label_follow_retry.map', 'line_label_follow_retry.svg')

../pymod/mstestlib.py:882: AssertionError</failure></testcase><testcase classname="renderers.run_test" name="test[line_label_follow_retry_line_label_follow_retry_cairo_png]" time="0.388"><failure message="AssertionError: (&quot;results don't match&quot;, '/Users/gfabbian/projects/MapServer/msautotest/renderers/line_label_follow_retry.map', 'line_label_follow_retry.cairo.png')">map = '/Users/gfabbian/projects/MapServer/msautotest/renderers/line_label_follow_retry.map'
out_file = 'line_label_follow_retry.cairo.png'
command = '[MAP2IMG] -m [MAPFILE] -i cairopng -o [RESULT]\n'
extra_args = &lt;_pytest.config.Config object at 0x10e133cb0&gt;

    @pytest.mark.parametrize(
        "map,out_file,command",
        mstestlib.get_pytests(os.path.dirname(os.path.abspath(__file__))),
    )
    def test(map, out_file, command, extra_args):
&gt;       mstestlib.run_pytest(map, out_file, command, extra_args)

run_test.py:46: 
_ _ _ _ _ _ _ _ _ _ _ _ _ _ _ _ _ _ _ _ _ _ _ _ _ _ _ _ _ _ _ _ _ _ 

map = '/Users/gfabbian/projects/MapServer/msautotest/renderers/line_label_follow_retry.map'
out_file = 'line_label_follow_retry.cairo.png'
command = '[MAP2IMG] -m [MAPFILE] -i cairopng -o [RESULT]\n'
extra_args = &lt;_pytest.config.Config object at 0x10e133cb0&gt;

    def run_pytest(map, out_file, command, extra_args):
    
        os.chdir(os.path.dirname(map))
    
        ret, msg = _run(map, out_file, command, extra_args)
&gt;       assert ret, msg
               ^^^
E       AssertionError: ("results don't match", '/Users/gfabbian/projects/MapServer/msautotest/renderers/line_label_follow_retry.map', 'line_label_follow_retry.cairo.png')

../pymod/mstestlib.py:882: AssertionError</failure></testcase><testcase classname="renderers.run_test" name="test[embed_sb_rgba_embed_sb_rgba_png]" time="0.373" /><testcase classname="renderers.run_test" name="test[embed_sb_rgba_embed_sb_rgba_cairo_png]" time="0.395"><failure message="AssertionError: (&quot;results don't match&quot;, '/Users/gfabbian/projects/MapServer/msautotest/renderers/embed_sb_rgba.map', 'embed_sb_rgba.cairo.png')">map = '/Users/gfabbian/projects/MapServer/msautotest/renderers/embed_sb_rgba.map'
out_file = 'embed_sb_rgba.cairo.png'
command = '[MAP2IMG] -m [MAPFILE] -i cairopng -o [RESULT]\n'
extra_args = &lt;_pytest.config.Config object at 0x10e133cb0&gt;

    @pytest.mark.parametrize(
        "map,out_file,command",
        mstestlib.get_pytests(os.path.dirname(os.path.abspath(__file__))),
    )
    def test(map, out_file, command, extra_args):
&gt;       mstestlib.run_pytest(map, out_file, command, extra_args)

run_test.py:46: 
_ _ _ _ _ _ _ _ _ _ _ _ _ _ _ _ _ _ _ _ _ _ _ _ _ _ _ _ _ _ _ _ _ _ 

map = '/Users/gfabbian/projects/MapServer/msautotest/renderers/embed_sb_rgba.map'
out_file = 'embed_sb_rgba.cairo.png'
command = '[MAP2IMG] -m [MAPFILE] -i cairopng -o [RESULT]\n'
extra_args = &lt;_pytest.config.Config object at 0x10e133cb0&gt;

    def run_pytest(map, out_file, command, extra_args):
    
        os.chdir(os.path.dirname(map))
    
        ret, msg = _run(map, out_file, command, extra_args)
&gt;       assert ret, msg
               ^^^
E       AssertionError: ("results don't match", '/Users/gfabbian/projects/MapServer/msautotest/renderers/embed_sb_rgba.map', 'embed_sb_rgba.cairo.png')

../pymod/mstestlib.py:882: AssertionError</failure></testcase><testcase classname="renderers.run_test" name="test[transparent_layer_transparent_layer_png]" time="0.389" /><testcase classname="renderers.run_test" name="test[transparent_layer_transparent_layer_pdf]" time="0.379"><failure message="AssertionError: (&quot;results don't match&quot;, '/Users/gfabbian/projects/MapServer/msautotest/renderers/transparent_layer.map', 'transparent_layer.pdf')">map = '/Users/gfabbian/projects/MapServer/msautotest/renderers/transparent_layer.map'
out_file = 'transparent_layer.pdf'
command = '[MAP2IMG] -m [MAPFILE] -i pdf -o [RESULT]\n'
extra_args = &lt;_pytest.config.Config object at 0x10e133cb0&gt;

    @pytest.mark.parametrize(
        "map,out_file,command",
        mstestlib.get_pytests(os.path.dirname(os.path.abspath(__file__))),
    )
    def test(map, out_file, command, extra_args):
&gt;       mstestlib.run_pytest(map, out_file, command, extra_args)

run_test.py:46: 
_ _ _ _ _ _ _ _ _ _ _ _ _ _ _ _ _ _ _ _ _ _ _ _ _ _ _ _ _ _ _ _ _ _ 

map = '/Users/gfabbian/projects/MapServer/msautotest/renderers/transparent_layer.map'
out_file = 'transparent_layer.pdf'
command = '[MAP2IMG] -m [MAPFILE] -i pdf -o [RESULT]\n'
extra_args = &lt;_pytest.config.Config object at 0x10e133cb0&gt;

    def run_pytest(map, out_file, command, extra_args):
    
        os.chdir(os.path.dirname(map))
    
        ret, msg = _run(map, out_file, command, extra_args)
&gt;       assert ret, msg
               ^^^
E       AssertionError: ("results don't match", '/Users/gfabbian/projects/MapServer/msautotest/renderers/transparent_layer.map', 'transparent_layer.pdf')

../pymod/mstestlib.py:882: AssertionError</failure></testcase><testcase classname="renderers.run_test" name="test[transparent_layer_transparent_layer_svg]" time="0.376" /><testcase classname="renderers.run_test" name="test[transparent_layer_transparent_layer_cairo_png]" time="0.368" /><testcase classname="renderers.run_test" name="test[uvraster_uvraster_png]" time="0.434" /><testcase classname="renderers.run_test" name="test[uvraster_uvraster_cairo_png]" time="0.458" /><testcase classname="renderers.run_test" name="test[compop_hsl_color_opacity_50_compop_hsl_color_opacity_50_agg_png]" time="0.401" /><testcase classname="renderers.run_test" name="test[compop_hsl_color_opacity_50_compop_hsl_color_opacity_50_cairo_png]" time="0.405"><failure message="AssertionError: (&quot;results don't match&quot;, '/Users/gfabbian/projects/MapServer/msautotest/renderers/compop_hsl_color_opacity_50.map', 'compop_hsl_color_opacity_50.cairo.png')">map = '/Users/gfabbian/projects/MapServer/msautotest/renderers/compop_hsl_color_opacity_50.map'
out_file = 'compop_hsl_color_opacity_50.cairo.png'
command = '[MAP2IMG] -m [MAPFILE] -i cairopng -o [RESULT]\n'
extra_args = &lt;_pytest.config.Config object at 0x10e133cb0&gt;

    @pytest.mark.parametrize(
        "map,out_file,command",
        mstestlib.get_pytests(os.path.dirname(os.path.abspath(__file__))),
    )
    def test(map, out_file, command, extra_args):
&gt;       mstestlib.run_pytest(map, out_file, command, extra_args)

run_test.py:46: 
_ _ _ _ _ _ _ _ _ _ _ _ _ _ _ _ _ _ _ _ _ _ _ _ _ _ _ _ _ _ _ _ _ _ 

map = '/Users/gfabbian/projects/MapServer/msautotest/renderers/compop_hsl_color_opacity_50.map'
out_file = 'compop_hsl_color_opacity_50.cairo.png'
command = '[MAP2IMG] -m [MAPFILE] -i cairopng -o [RESULT]\n'
extra_args = &lt;_pytest.config.Config object at 0x10e133cb0&gt;

    def run_pytest(map, out_file, command, extra_args):
    
        os.chdir(os.path.dirname(map))
    
        ret, msg = _run(map, out_file, command, extra_args)
&gt;       assert ret, msg
               ^^^
E       AssertionError: ("results don't match", '/Users/gfabbian/projects/MapServer/msautotest/renderers/compop_hsl_color_opacity_50.map', 'compop_hsl_color_opacity_50.cairo.png')

../pymod/mstestlib.py:882: AssertionError</failure></testcase><testcase classname="renderers.run_test" name="test[marker_anchorpoint_marker_anchorpoint_png]" time="0.374" /><testcase classname="renderers.run_test" name="test[marker_anchorpoint_marker_anchorpoint_pdf]" time="0.379"><failure message="AssertionError: (&quot;results don't match&quot;, '/Users/gfabbian/projects/MapServer/msautotest/renderers/marker_anchorpoint.map', 'marker_anchorpoint.pdf')">map = '/Users/gfabbian/projects/MapServer/msautotest/renderers/marker_anchorpoint.map'
out_file = 'marker_anchorpoint.pdf'
command = '[MAP2IMG] -m [MAPFILE] -i pdf -o [RESULT]\n'
extra_args = &lt;_pytest.config.Config object at 0x10e133cb0&gt;

    @pytest.mark.parametrize(
        "map,out_file,command",
        mstestlib.get_pytests(os.path.dirname(os.path.abspath(__file__))),
    )
    def test(map, out_file, command, extra_args):
&gt;       mstestlib.run_pytest(map, out_file, command, extra_args)

run_test.py:46: 
_ _ _ _ _ _ _ _ _ _ _ _ _ _ _ _ _ _ _ _ _ _ _ _ _ _ _ _ _ _ _ _ _ _ 

map = '/Users/gfabbian/projects/MapServer/msautotest/renderers/marker_anchorpoint.map'
out_file = 'marker_anchorpoint.pdf'
command = '[MAP2IMG] -m [MAPFILE] -i pdf -o [RESULT]\n'
extra_args = &lt;_pytest.config.Config object at 0x10e133cb0&gt;

    def run_pytest(map, out_file, command, extra_args):
    
        os.chdir(os.path.dirname(map))
    
        ret, msg = _run(map, out_file, command, extra_args)
&gt;       assert ret, msg
               ^^^
E       AssertionError: ("results don't match", '/Users/gfabbian/projects/MapServer/msautotest/renderers/marker_anchorpoint.map', 'marker_anchorpoint.pdf')

../pymod/mstestlib.py:882: AssertionError</failure></testcase><testcase classname="renderers.run_test" name="test[marker_anchorpoint_marker_anchorpoint_svg]" time="0.379" /><testcase classname="renderers.run_test" name="test[marker_anchorpoint_marker_anchorpoint_cairo_png]" time="0.379" /><testcase classname="renderers.run_test" name="test[wld_upsidedown_wld_upsidedown_png]" time="0.400" /><testcase classname="renderers.run_test" name="test[wld_upsidedown_wld_upsidedown_pdf]" time="0.405"><failure message="AssertionError: (&quot;results don't match&quot;, '/Users/gfabbian/projects/MapServer/msautotest/renderers/wld_upsidedown.map', 'wld_upsidedown.pdf')">map = '/Users/gfabbian/projects/MapServer/msautotest/renderers/wld_upsidedown.map'
out_file = 'wld_upsidedown.pdf'
command = '[MAP2IMG] -m [MAPFILE] -i pdf -o [RESULT]\n'
extra_args = &lt;_pytest.config.Config object at 0x10e133cb0&gt;

    @pytest.mark.parametrize(
        "map,out_file,command",
        mstestlib.get_pytests(os.path.dirname(os.path.abspath(__file__))),
    )
    def test(map, out_file, command, extra_args):
&gt;       mstestlib.run_pytest(map, out_file, command, extra_args)

run_test.py:46: 
_ _ _ _ _ _ _ _ _ _ _ _ _ _ _ _ _ _ _ _ _ _ _ _ _ _ _ _ _ _ _ _ _ _ 

map = '/Users/gfabbian/projects/MapServer/msautotest/renderers/wld_upsidedown.map'
out_file = 'wld_upsidedown.pdf'
command = '[MAP2IMG] -m [MAPFILE] -i pdf -o [RESULT]\n'
extra_args = &lt;_pytest.config.Config object at 0x10e133cb0&gt;

    def run_pytest(map, out_file, command, extra_args):
    
        os.chdir(os.path.dirname(map))
    
        ret, msg = _run(map, out_file, command, extra_args)
&gt;       assert ret, msg
               ^^^
E       AssertionError: ("results don't match", '/Users/gfabbian/projects/MapServer/msautotest/renderers/wld_upsidedown.map', 'wld_upsidedown.pdf')

../pymod/mstestlib.py:882: AssertionError</failure></testcase><testcase classname="renderers.run_test" name="test[wld_upsidedown_wld_upsidedown_svg]" time="0.404" /><testcase classname="renderers.run_test" name="test[wld_upsidedown_wld_upsidedown_cairo_png]" time="0.427" /><testcase classname="renderers.run_test" name="test[legend_sizeunits_meters_legend_sizeunits_meters_png]" time="0.485" /><testcase classname="renderers.run_test" name="test[legend_sizeunits_meters_legend_sizeunits_meters_cairo_png]" time="0.392" /><testcase classname="renderers.run_test" name="test[legend_sizeunits_meters_legend_sizeunits_meters_svg]" time="0.392" /><testcase classname="renderers.run_test" name="test[legend_sizeunits_meters_legend_sizeunits_meters_pdf]" time="0.408"><failure message="AssertionError: (&quot;results don't match&quot;, '/Users/gfabbian/projects/MapServer/msautotest/renderers/legend_sizeunits_meters.map', 'legend_sizeunits_meters.pdf')">map = '/Users/gfabbian/projects/MapServer/msautotest/renderers/legend_sizeunits_meters.map'
out_file = 'legend_sizeunits_meters.pdf'
command = '[MAPSERV] QUERY_STRING="map=[MAPFILE]&amp;mode=legend&amp;map.imagetype=pdf" &gt; [RESULT_DEMIME]\n'
extra_args = &lt;_pytest.config.Config object at 0x10e133cb0&gt;

    @pytest.mark.parametrize(
        "map,out_file,command",
        mstestlib.get_pytests(os.path.dirname(os.path.abspath(__file__))),
    )
    def test(map, out_file, command, extra_args):
&gt;       mstestlib.run_pytest(map, out_file, command, extra_args)

run_test.py:46: 
_ _ _ _ _ _ _ _ _ _ _ _ _ _ _ _ _ _ _ _ _ _ _ _ _ _ _ _ _ _ _ _ _ _ 

map = '/Users/gfabbian/projects/MapServer/msautotest/renderers/legend_sizeunits_meters.map'
out_file = 'legend_sizeunits_meters.pdf'
command = '[MAPSERV] QUERY_STRING="map=[MAPFILE]&amp;mode=legend&amp;map.imagetype=pdf" &gt; [RESULT_DEMIME]\n'
extra_args = &lt;_pytest.config.Config object at 0x10e133cb0&gt;

    def run_pytest(map, out_file, command, extra_args):
    
        os.chdir(os.path.dirname(map))
    
        ret, msg = _run(map, out_file, command, extra_args)
&gt;       assert ret, msg
               ^^^
E       AssertionError: ("results don't match", '/Users/gfabbian/projects/MapServer/msautotest/renderers/legend_sizeunits_meters.map', 'legend_sizeunits_meters.pdf')

../pymod/mstestlib.py:882: AssertionError</failure></testcase></testsuite></testsuites>