<?xml version="1.0" encoding="utf-8"?><testsuites name="pytest tests"><testsuite name="pytest" errors="0" failures="27" skipped="0" tests="99" time="47.064" timestamp="2026-02-18T11:17:26.177725+01:00" hostname="MacBook-Pro-3.fritz.box"><testcase classname="gdal.run_test" name="test[alpha_on_alpha_overlay_alpha_on_alpha_overlay_png]" time="0.481" /><testcase classname="gdal.run_test" name="test[rgb_overlay_res_to8bit_rgb_overlay_res_to8bit_png]" time="0.491"><failure message="AssertionError: (&quot;results don't match&quot;, '/Users/gfabbian/projects/MapServer/msautotest/gdal/rgb_overlay_res_to8bit.map', 'rgb_overlay_res_to8bit.png')">map = '/Users/gfabbian/projects/MapServer/msautotest/gdal/rgb_overlay_res_to8bit.map'
out_file = 'rgb_overlay_res_to8bit.png'
command = '[MAP2IMG] [RENDERER] -m [MAPFILE] -o [RESULT]'
extra_args = &lt;_pytest.config.Config object at 0x10a9fc2f0&gt;

    @pytest.mark.parametrize(
        "map,out_file,command",
        mstestlib.get_pytests(os.path.dirname(os.path.abspath(__file__))),
    )
    def test(map, out_file, command, extra_args):
&gt;       mstestlib.run_pytest(map, out_file, command, extra_args)

run_test.py:46: 
_ _ _ _ _ _ _ _ _ _ _ _ _ _ _ _ _ _ _ _ _ _ _ _ _ _ _ _ _ _ _ _ _ _ 

map = '/Users/gfabbian/projects/MapServer/msautotest/gdal/rgb_overlay_res_to8bit.map'
out_file = 'rgb_overlay_res_to8bit.png'
command = '[MAP2IMG] [RENDERER] -m [MAPFILE] -o [RESULT]'
extra_args = &lt;_pytest.config.Config object at 0x10a9fc2f0&gt;

    def run_pytest(map, out_file, command, extra_args):
    
        os.chdir(os.path.dirname(map))
    
        ret, msg = _run(map, out_file, command, extra_args)
&gt;       assert ret, msg
               ^^^
E       AssertionError: ("results don't match", '/Users/gfabbian/projects/MapServer/msautotest/gdal/rgb_overlay_res_to8bit.map', 'rgb_overlay_res_to8bit.png')

../pymod/mstestlib.py:882: AssertionError</failure></testcase><testcase classname="gdal.run_test" name="test[class8_range_class8_range_png]" time="0.399" /><testcase classname="gdal.run_test" name="test[class8_range_double_range_rgb_png]" time="0.433" /><testcase classname="gdal.run_test" name="test[class8_range_double_range_hsl_png]" time="0.439" /><testcase classname="gdal.run_test" name="test[class16_classify_scaled_class16_classify_scaled_png]" time="0.461" /><testcase classname="gdal.run_test" name="test[average_rgb_plug_average_rgb_plug_png]" time="0.394" /><testcase classname="gdal.run_test" name="test[wmsclient_wmsclient_png]" time="1.629" /><testcase classname="gdal.run_test" name="test[connectionoptions_connectionoptions_png]" time="0.418" /><testcase classname="gdal.run_test" name="test[grayalpha_8bit_grayalpha_8bit_png]" time="0.432"><failure message="AssertionError: (&quot;results don't match&quot;, '/Users/gfabbian/projects/MapServer/msautotest/gdal/grayalpha_8bit.map', 'grayalpha_8bit.png')">map = '/Users/gfabbian/projects/MapServer/msautotest/gdal/grayalpha_8bit.map'
out_file = 'grayalpha_8bit.png'
command = '[MAP2IMG] [RENDERER] -m [MAPFILE] -o [RESULT]'
extra_args = &lt;_pytest.config.Config object at 0x10a9fc2f0&gt;

    @pytest.mark.parametrize(
        "map,out_file,command",
        mstestlib.get_pytests(os.path.dirname(os.path.abspath(__file__))),
    )
    def test(map, out_file, command, extra_args):
&gt;       mstestlib.run_pytest(map, out_file, command, extra_args)

run_test.py:46: 
_ _ _ _ _ _ _ _ _ _ _ _ _ _ _ _ _ _ _ _ _ _ _ _ _ _ _ _ _ _ _ _ _ _ 

map = '/Users/gfabbian/projects/MapServer/msautotest/gdal/grayalpha_8bit.map'
out_file = 'grayalpha_8bit.png'
command = '[MAP2IMG] [RENDERER] -m [MAPFILE] -o [RESULT]'
extra_args = &lt;_pytest.config.Config object at 0x10a9fc2f0&gt;

    def run_pytest(map, out_file, command, extra_args):
    
        os.chdir(os.path.dirname(map))
    
        ret, msg = _run(map, out_file, command, extra_args)
&gt;       assert ret, msg
               ^^^
E       AssertionError: ("results don't match", '/Users/gfabbian/projects/MapServer/msautotest/gdal/grayalpha_8bit.map', 'grayalpha_8bit.png')

../pymod/mstestlib.py:882: AssertionError</failure></testcase><testcase classname="gdal.run_test" name="test[gd_png_256_res_gd_png_256_res_png]" time="0.417" /><testcase classname="gdal.run_test" name="test[processing_scale_auto_alpha_255_processing_scale_auto_alpha_255_png]" time="0.446" /><testcase classname="gdal.run_test" name="test[nodata_8bit_nodata_8bit_png]" time="0.414"><failure message="AssertionError: (&quot;results don't match&quot;, '/Users/gfabbian/projects/MapServer/msautotest/gdal/nodata_8bit.map', 'nodata_8bit.png')">map = '/Users/gfabbian/projects/MapServer/msautotest/gdal/nodata_8bit.map'
out_file = 'nodata_8bit.png'
command = '[MAP2IMG] [RENDERER] -m [MAPFILE] -o [RESULT]'
extra_args = &lt;_pytest.config.Config object at 0x10a9fc2f0&gt;

    @pytest.mark.parametrize(
        "map,out_file,command",
        mstestlib.get_pytests(os.path.dirname(os.path.abspath(__file__))),
    )
    def test(map, out_file, command, extra_args):
&gt;       mstestlib.run_pytest(map, out_file, command, extra_args)

run_test.py:46: 
_ _ _ _ _ _ _ _ _ _ _ _ _ _ _ _ _ _ _ _ _ _ _ _ _ _ _ _ _ _ _ _ _ _ 

map = '/Users/gfabbian/projects/MapServer/msautotest/gdal/nodata_8bit.map'
out_file = 'nodata_8bit.png'
command = '[MAP2IMG] [RENDERER] -m [MAPFILE] -o [RESULT]'
extra_args = &lt;_pytest.config.Config object at 0x10a9fc2f0&gt;

    def run_pytest(map, out_file, command, extra_args):
    
        os.chdir(os.path.dirname(map))
    
        ret, msg = _run(map, out_file, command, extra_args)
&gt;       assert ret, msg
               ^^^
E       AssertionError: ("results don't match", '/Users/gfabbian/projects/MapServer/msautotest/gdal/nodata_8bit.map', 'nodata_8bit.png')

../pymod/mstestlib.py:882: AssertionError</failure></testcase><testcase classname="gdal.run_test" name="test[processing_bands_processing_bands_png]" time="0.401" /><testcase classname="gdal.run_test" name="test[rgb_overlay_res_to8bit_dithered_rgb_overlay_res_to8bit_dithered_png]" time="0.404"><failure message="AssertionError: (&quot;results don't match&quot;, '/Users/gfabbian/projects/MapServer/msautotest/gdal/rgb_overlay_res_to8bit_dithered.map', 'rgb_overlay_res_to8bit_dithered.png')">map = '/Users/gfabbian/projects/MapServer/msautotest/gdal/rgb_overlay_res_to8bit_dithered.map'
out_file = 'rgb_overlay_res_to8bit_dithered.png'
command = '[MAP2IMG] [RENDERER] -m [MAPFILE] -o [RESULT]'
extra_args = &lt;_pytest.config.Config object at 0x10a9fc2f0&gt;

    @pytest.mark.parametrize(
        "map,out_file,command",
        mstestlib.get_pytests(os.path.dirname(os.path.abspath(__file__))),
    )
    def test(map, out_file, command, extra_args):
&gt;       mstestlib.run_pytest(map, out_file, command, extra_args)

run_test.py:46: 
_ _ _ _ _ _ _ _ _ _ _ _ _ _ _ _ _ _ _ _ _ _ _ _ _ _ _ _ _ _ _ _ _ _ 

map = '/Users/gfabbian/projects/MapServer/msautotest/gdal/rgb_overlay_res_to8bit_dithered.map'
out_file = 'rgb_overlay_res_to8bit_dithered.png'
command = '[MAP2IMG] [RENDERER] -m [MAPFILE] -o [RESULT]'
extra_args = &lt;_pytest.config.Config object at 0x10a9fc2f0&gt;

    def run_pytest(map, out_file, command, extra_args):
    
        os.chdir(os.path.dirname(map))
    
        ret, msg = _run(map, out_file, command, extra_args)
&gt;       assert ret, msg
               ^^^
E       AssertionError: ("results don't match", '/Users/gfabbian/projects/MapServer/msautotest/gdal/rgb_overlay_res_to8bit_dithered.map', 'rgb_overlay_res_to8bit_dithered.png')

../pymod/mstestlib.py:882: AssertionError</failure></testcase><testcase classname="gdal.run_test" name="test[idw_idw_png]" time="0.476" /><testcase classname="gdal.run_test" name="test[tileindex_tileindex_png]" time="0.623" /><testcase classname="gdal.run_test" name="test[tileindexmixedsrs4_tileindexmixedsrs4_png]" time="0.678"><failure message="AssertionError: (&quot;results don't match&quot;, '/Users/gfabbian/projects/MapServer/msautotest/gdal/tileindexmixedsrs4.map', 'tileindexmixedsrs4.png')">map = '/Users/gfabbian/projects/MapServer/msautotest/gdal/tileindexmixedsrs4.map'
out_file = 'tileindexmixedsrs4.png'
command = '[MAP2IMG] [RENDERER] -m [MAPFILE] -o [RESULT]'
extra_args = &lt;_pytest.config.Config object at 0x10a9fc2f0&gt;

    @pytest.mark.parametrize(
        "map,out_file,command",
        mstestlib.get_pytests(os.path.dirname(os.path.abspath(__file__))),
    )
    def test(map, out_file, command, extra_args):
&gt;       mstestlib.run_pytest(map, out_file, command, extra_args)

run_test.py:46: 
_ _ _ _ _ _ _ _ _ _ _ _ _ _ _ _ _ _ _ _ _ _ _ _ _ _ _ _ _ _ _ _ _ _ 

map = '/Users/gfabbian/projects/MapServer/msautotest/gdal/tileindexmixedsrs4.map'
out_file = 'tileindexmixedsrs4.png'
command = '[MAP2IMG] [RENDERER] -m [MAPFILE] -o [RESULT]'
extra_args = &lt;_pytest.config.Config object at 0x10a9fc2f0&gt;

    def run_pytest(map, out_file, command, extra_args):
    
        os.chdir(os.path.dirname(map))
    
        ret, msg = _run(map, out_file, command, extra_args)
&gt;       assert ret, msg
               ^^^
E       AssertionError: ("results don't match", '/Users/gfabbian/projects/MapServer/msautotest/gdal/tileindexmixedsrs4.map', 'tileindexmixedsrs4.png')

../pymod/mstestlib.py:882: AssertionError</failure></testcase><testcase classname="gdal.run_test" name="test[rot_out_rot_out_png]" time="0.484" /><testcase classname="gdal.run_test" name="test[256color_overdose_cmt_256color_overdose_cmt_png]" time="0.458" /><testcase classname="gdal.run_test" name="test[gdal_png_tr_256_res_gdal_png_tr_256_res_png]" time="0.577" /><testcase classname="gdal.run_test" name="test[tileindexmixedsrs3_tileindexmixedsrs3_png]" time="0.639"><failure message="AssertionError: (&quot;results don't match&quot;, '/Users/gfabbian/projects/MapServer/msautotest/gdal/tileindexmixedsrs3.map', 'tileindexmixedsrs3.png')">map = '/Users/gfabbian/projects/MapServer/msautotest/gdal/tileindexmixedsrs3.map'
out_file = 'tileindexmixedsrs3.png'
command = '[MAP2IMG] [RENDERER] -m [MAPFILE] -o [RESULT]'
extra_args = &lt;_pytest.config.Config object at 0x10a9fc2f0&gt;

    @pytest.mark.parametrize(
        "map,out_file,command",
        mstestlib.get_pytests(os.path.dirname(os.path.abspath(__file__))),
    )
    def test(map, out_file, command, extra_args):
&gt;       mstestlib.run_pytest(map, out_file, command, extra_args)

run_test.py:46: 
_ _ _ _ _ _ _ _ _ _ _ _ _ _ _ _ _ _ _ _ _ _ _ _ _ _ _ _ _ _ _ _ _ _ 

map = '/Users/gfabbian/projects/MapServer/msautotest/gdal/tileindexmixedsrs3.map'
out_file = 'tileindexmixedsrs3.png'
command = '[MAP2IMG] [RENDERER] -m [MAPFILE] -o [RESULT]'
extra_args = &lt;_pytest.config.Config object at 0x10a9fc2f0&gt;

    def run_pytest(map, out_file, command, extra_args):
    
        os.chdir(os.path.dirname(map))
    
        ret, msg = _run(map, out_file, command, extra_args)
&gt;       assert ret, msg
               ^^^
E       AssertionError: ("results don't match", '/Users/gfabbian/projects/MapServer/msautotest/gdal/tileindexmixedsrs3.map', 'tileindexmixedsrs3.png')

../pymod/mstestlib.py:882: AssertionError</failure></testcase><testcase classname="gdal.run_test" name="test[nonsquare_multiraw_nonsquare_multiraw_png]" time="0.445" /><testcase classname="gdal.run_test" name="test[tileindexmixedsrs2_tileindexmixedsrs2_png]" time="0.674"><failure message="AssertionError: (&quot;results don't match&quot;, '/Users/gfabbian/projects/MapServer/msautotest/gdal/tileindexmixedsrs2.map', 'tileindexmixedsrs2.png')">map = '/Users/gfabbian/projects/MapServer/msautotest/gdal/tileindexmixedsrs2.map'
out_file = 'tileindexmixedsrs2.png'
command = '[MAP2IMG] [RENDERER] -m [MAPFILE] -o [RESULT]'
extra_args = &lt;_pytest.config.Config object at 0x10a9fc2f0&gt;

    @pytest.mark.parametrize(
        "map,out_file,command",
        mstestlib.get_pytests(os.path.dirname(os.path.abspath(__file__))),
    )
    def test(map, out_file, command, extra_args):
&gt;       mstestlib.run_pytest(map, out_file, command, extra_args)

run_test.py:46: 
_ _ _ _ _ _ _ _ _ _ _ _ _ _ _ _ _ _ _ _ _ _ _ _ _ _ _ _ _ _ _ _ _ _ 

map = '/Users/gfabbian/projects/MapServer/msautotest/gdal/tileindexmixedsrs2.map'
out_file = 'tileindexmixedsrs2.png'
command = '[MAP2IMG] [RENDERER] -m [MAPFILE] -o [RESULT]'
extra_args = &lt;_pytest.config.Config object at 0x10a9fc2f0&gt;

    def run_pytest(map, out_file, command, extra_args):
    
        os.chdir(os.path.dirname(map))
    
        ret, msg = _run(map, out_file, command, extra_args)
&gt;       assert ret, msg
               ^^^
E       AssertionError: ("results don't match", '/Users/gfabbian/projects/MapServer/msautotest/gdal/tileindexmixedsrs2.map', 'tileindexmixedsrs2.png')

../pymod/mstestlib.py:882: AssertionError</failure></testcase><testcase classname="gdal.run_test" name="test[simplealpha_bg_simplealpha_bg_png]" time="0.432" /><testcase classname="gdal.run_test" name="test[tileindexmixedsrs_tileindexmixedsrs_png]" time="0.807"><failure message="AssertionError: (&quot;results don't match&quot;, '/Users/gfabbian/projects/MapServer/msautotest/gdal/tileindexmixedsrs.map', 'tileindexmixedsrs.png')">map = '/Users/gfabbian/projects/MapServer/msautotest/gdal/tileindexmixedsrs.map'
out_file = 'tileindexmixedsrs.png'
command = '[MAP2IMG] [RENDERER] -m [MAPFILE] -o [RESULT]'
extra_args = &lt;_pytest.config.Config object at 0x10a9fc2f0&gt;

    @pytest.mark.parametrize(
        "map,out_file,command",
        mstestlib.get_pytests(os.path.dirname(os.path.abspath(__file__))),
    )
    def test(map, out_file, command, extra_args):
&gt;       mstestlib.run_pytest(map, out_file, command, extra_args)

run_test.py:46: 
_ _ _ _ _ _ _ _ _ _ _ _ _ _ _ _ _ _ _ _ _ _ _ _ _ _ _ _ _ _ _ _ _ _ 

map = '/Users/gfabbian/projects/MapServer/msautotest/gdal/tileindexmixedsrs.map'
out_file = 'tileindexmixedsrs.png'
command = '[MAP2IMG] [RENDERER] -m [MAPFILE] -o [RESULT]'
extra_args = &lt;_pytest.config.Config object at 0x10a9fc2f0&gt;

    def run_pytest(map, out_file, command, extra_args):
    
        os.chdir(os.path.dirname(map))
    
        ret, msg = _run(map, out_file, command, extra_args)
&gt;       assert ret, msg
               ^^^
E       AssertionError: ("results don't match", '/Users/gfabbian/projects/MapServer/msautotest/gdal/tileindexmixedsrs.map', 'tileindexmixedsrs.png')

../pymod/mstestlib.py:882: AssertionError</failure></testcase><testcase classname="gdal.run_test" name="test[nodata_rgb_nodata_rgb_png]" time="0.429" /><testcase classname="gdal.run_test" name="test[tileindex_special_characters_tileindex_special_chars_png]" time="0.514" /><testcase classname="gdal.run_test" name="test[unclassified_unclassified_png]" time="0.402" /><testcase classname="gdal.run_test" name="test[gamma_pct_gamma_pct_png]" time="0.527"><failure message="AssertionError: (&quot;results don't match&quot;, '/Users/gfabbian/projects/MapServer/msautotest/gdal/gamma_pct.map', 'gamma_pct.png')">map = '/Users/gfabbian/projects/MapServer/msautotest/gdal/gamma_pct.map'
out_file = 'gamma_pct.png'
command = '[MAP2IMG] [RENDERER] -m [MAPFILE] -o [RESULT]'
extra_args = &lt;_pytest.config.Config object at 0x10a9fc2f0&gt;

    @pytest.mark.parametrize(
        "map,out_file,command",
        mstestlib.get_pytests(os.path.dirname(os.path.abspath(__file__))),
    )
    def test(map, out_file, command, extra_args):
&gt;       mstestlib.run_pytest(map, out_file, command, extra_args)

run_test.py:46: 
_ _ _ _ _ _ _ _ _ _ _ _ _ _ _ _ _ _ _ _ _ _ _ _ _ _ _ _ _ _ _ _ _ _ 

map = '/Users/gfabbian/projects/MapServer/msautotest/gdal/gamma_pct.map'
out_file = 'gamma_pct.png'
command = '[MAP2IMG] [RENDERER] -m [MAPFILE] -o [RESULT]'
extra_args = &lt;_pytest.config.Config object at 0x10a9fc2f0&gt;

    def run_pytest(map, out_file, command, extra_args):
    
        os.chdir(os.path.dirname(map))
    
        ret, msg = _run(map, out_file, command, extra_args)
&gt;       assert ret, msg
               ^^^
E       AssertionError: ("results don't match", '/Users/gfabbian/projects/MapServer/msautotest/gdal/gamma_pct.map', 'gamma_pct.png')

../pymod/mstestlib.py:882: AssertionError</failure></testcase><testcase classname="gdal.run_test" name="test[class16_intoddscale_class16_intoddscale_png]" time="0.430" /><testcase classname="gdal.run_test" name="test[gamma_grayalpha_gamma_grayalpha_png]" time="0.430" /><testcase classname="gdal.run_test" name="test[grayalpha_plug_grayalpha_plug_png]" time="0.419"><failure message="AssertionError: (&quot;results don't match&quot;, '/Users/gfabbian/projects/MapServer/msautotest/gdal/grayalpha_plug.map', 'grayalpha_plug.png')">map = '/Users/gfabbian/projects/MapServer/msautotest/gdal/grayalpha_plug.map'
out_file = 'grayalpha_plug.png'
command = '[MAP2IMG] [RENDERER] -m [MAPFILE] -o [RESULT]'
extra_args = &lt;_pytest.config.Config object at 0x10a9fc2f0&gt;

    @pytest.mark.parametrize(
        "map,out_file,command",
        mstestlib.get_pytests(os.path.dirname(os.path.abspath(__file__))),
    )
    def test(map, out_file, command, extra_args):
&gt;       mstestlib.run_pytest(map, out_file, command, extra_args)

run_test.py:46: 
_ _ _ _ _ _ _ _ _ _ _ _ _ _ _ _ _ _ _ _ _ _ _ _ _ _ _ _ _ _ _ _ _ _ 

map = '/Users/gfabbian/projects/MapServer/msautotest/gdal/grayalpha_plug.map'
out_file = 'grayalpha_plug.png'
command = '[MAP2IMG] [RENDERER] -m [MAPFILE] -o [RESULT]'
extra_args = &lt;_pytest.config.Config object at 0x10a9fc2f0&gt;

    def run_pytest(map, out_file, command, extra_args):
    
        os.chdir(os.path.dirname(map))
    
        ret, msg = _run(map, out_file, command, extra_args)
&gt;       assert ret, msg
               ^^^
E       AssertionError: ("results don't match", '/Users/gfabbian/projects/MapServer/msautotest/gdal/grayalpha_plug.map', 'grayalpha_plug.png')

../pymod/mstestlib.py:882: AssertionError</failure></testcase><testcase classname="gdal.run_test" name="test[rgb_overlay_res_rgb_overlay_res_png]" time="0.426"><failure message="AssertionError: (&quot;results don't match&quot;, '/Users/gfabbian/projects/MapServer/msautotest/gdal/rgb_overlay_res.map', 'rgb_overlay_res.png')">map = '/Users/gfabbian/projects/MapServer/msautotest/gdal/rgb_overlay_res.map'
out_file = 'rgb_overlay_res.png'
command = '[MAP2IMG] [RENDERER] -m [MAPFILE] -o [RESULT]'
extra_args = &lt;_pytest.config.Config object at 0x10a9fc2f0&gt;

    @pytest.mark.parametrize(
        "map,out_file,command",
        mstestlib.get_pytests(os.path.dirname(os.path.abspath(__file__))),
    )
    def test(map, out_file, command, extra_args):
&gt;       mstestlib.run_pytest(map, out_file, command, extra_args)

run_test.py:46: 
_ _ _ _ _ _ _ _ _ _ _ _ _ _ _ _ _ _ _ _ _ _ _ _ _ _ _ _ _ _ _ _ _ _ 

map = '/Users/gfabbian/projects/MapServer/msautotest/gdal/rgb_overlay_res.map'
out_file = 'rgb_overlay_res.png'
command = '[MAP2IMG] [RENDERER] -m [MAPFILE] -o [RESULT]'
extra_args = &lt;_pytest.config.Config object at 0x10a9fc2f0&gt;

    def run_pytest(map, out_file, command, extra_args):
    
        os.chdir(os.path.dirname(map))
    
        ret, msg = _run(map, out_file, command, extra_args)
&gt;       assert ret, msg
               ^^^
E       AssertionError: ("results don't match", '/Users/gfabbian/projects/MapServer/msautotest/gdal/rgb_overlay_res.map', 'rgb_overlay_res.png')

../pymod/mstestlib.py:882: AssertionError</failure></testcase><testcase classname="gdal.run_test" name="test[rgb_overlay_rgb_overlay_png]" time="0.458"><failure message="AssertionError: (&quot;results don't match&quot;, '/Users/gfabbian/projects/MapServer/msautotest/gdal/rgb_overlay.map', 'rgb_overlay.png')">map = '/Users/gfabbian/projects/MapServer/msautotest/gdal/rgb_overlay.map'
out_file = 'rgb_overlay.png'
command = '[MAP2IMG] [RENDERER] -m [MAPFILE] -o [RESULT]'
extra_args = &lt;_pytest.config.Config object at 0x10a9fc2f0&gt;

    @pytest.mark.parametrize(
        "map,out_file,command",
        mstestlib.get_pytests(os.path.dirname(os.path.abspath(__file__))),
    )
    def test(map, out_file, command, extra_args):
&gt;       mstestlib.run_pytest(map, out_file, command, extra_args)

run_test.py:46: 
_ _ _ _ _ _ _ _ _ _ _ _ _ _ _ _ _ _ _ _ _ _ _ _ _ _ _ _ _ _ _ _ _ _ 

map = '/Users/gfabbian/projects/MapServer/msautotest/gdal/rgb_overlay.map'
out_file = 'rgb_overlay.png'
command = '[MAP2IMG] [RENDERER] -m [MAPFILE] -o [RESULT]'
extra_args = &lt;_pytest.config.Config object at 0x10a9fc2f0&gt;

    def run_pytest(map, out_file, command, extra_args):
    
        os.chdir(os.path.dirname(map))
    
        ret, msg = _run(map, out_file, command, extra_args)
&gt;       assert ret, msg
               ^^^
E       AssertionError: ("results don't match", '/Users/gfabbian/projects/MapServer/msautotest/gdal/rgb_overlay.map', 'rgb_overlay.png')

../pymod/mstestlib.py:882: AssertionError</failure></testcase><testcase classname="gdal.run_test" name="test[wld_override_wld_override_png]" time="0.717" /><testcase classname="gdal.run_test" name="test[256color_overdose_res_256color_overdose_res_png]" time="0.492" /><testcase classname="gdal.run_test" name="test[256_overlay_res_256_overlay_res_png]" time="0.414"><failure message="AssertionError: (&quot;results don't match&quot;, '/Users/gfabbian/projects/MapServer/msautotest/gdal/256_overlay_res.map', '256_overlay_res.png')">map = '/Users/gfabbian/projects/MapServer/msautotest/gdal/256_overlay_res.map'
out_file = '256_overlay_res.png'
command = '[MAP2IMG] [RENDERER] -m [MAPFILE] -o [RESULT]'
extra_args = &lt;_pytest.config.Config object at 0x10a9fc2f0&gt;

    @pytest.mark.parametrize(
        "map,out_file,command",
        mstestlib.get_pytests(os.path.dirname(os.path.abspath(__file__))),
    )
    def test(map, out_file, command, extra_args):
&gt;       mstestlib.run_pytest(map, out_file, command, extra_args)

run_test.py:46: 
_ _ _ _ _ _ _ _ _ _ _ _ _ _ _ _ _ _ _ _ _ _ _ _ _ _ _ _ _ _ _ _ _ _ 

map = '/Users/gfabbian/projects/MapServer/msautotest/gdal/256_overlay_res.map'
out_file = '256_overlay_res.png'
command = '[MAP2IMG] [RENDERER] -m [MAPFILE] -o [RESULT]'
extra_args = &lt;_pytest.config.Config object at 0x10a9fc2f0&gt;

    def run_pytest(map, out_file, command, extra_args):
    
        os.chdir(os.path.dirname(map))
    
        ret, msg = _run(map, out_file, command, extra_args)
&gt;       assert ret, msg
               ^^^
E       AssertionError: ("results don't match", '/Users/gfabbian/projects/MapServer/msautotest/gdal/256_overlay_res.map', '256_overlay_res.png')

../pymod/mstestlib.py:882: AssertionError</failure></testcase><testcase classname="gdal.run_test" name="test[bilinear_src_transp_bilinear_src_transp_png]" time="0.395" /><testcase classname="gdal.run_test" name="test[lut_inline_12bits_lut_inline_12bits_png]" time="0.406" /><testcase classname="gdal.run_test" name="test[offsite_8bitgrey_offsite_8bitgrey_png]" time="0.473" /><testcase classname="gdal.run_test" name="test[classtest2_classtest2_png]" time="0.397" /><testcase classname="gdal.run_test" name="test[class16_range_class16_range_png]" time="0.406"><failure message="AssertionError: (&quot;results don't match&quot;, '/Users/gfabbian/projects/MapServer/msautotest/gdal/class16_range.map', 'class16_range.png')">map = '/Users/gfabbian/projects/MapServer/msautotest/gdal/class16_range.map'
out_file = 'class16_range.png'
command = '[MAP2IMG] [RENDERER] -m [MAPFILE] -o [RESULT]'
extra_args = &lt;_pytest.config.Config object at 0x10a9fc2f0&gt;

    @pytest.mark.parametrize(
        "map,out_file,command",
        mstestlib.get_pytests(os.path.dirname(os.path.abspath(__file__))),
    )
    def test(map, out_file, command, extra_args):
&gt;       mstestlib.run_pytest(map, out_file, command, extra_args)

run_test.py:46: 
_ _ _ _ _ _ _ _ _ _ _ _ _ _ _ _ _ _ _ _ _ _ _ _ _ _ _ _ _ _ _ _ _ _ 

map = '/Users/gfabbian/projects/MapServer/msautotest/gdal/class16_range.map'
out_file = 'class16_range.png'
command = '[MAP2IMG] [RENDERER] -m [MAPFILE] -o [RESULT]'
extra_args = &lt;_pytest.config.Config object at 0x10a9fc2f0&gt;

    def run_pytest(map, out_file, command, extra_args):
    
        os.chdir(os.path.dirname(map))
    
        ret, msg = _run(map, out_file, command, extra_args)
&gt;       assert ret, msg
               ^^^
E       AssertionError: ("results don't match", '/Users/gfabbian/projects/MapServer/msautotest/gdal/class16_range.map', 'class16_range.png')

../pymod/mstestlib.py:882: AssertionError</failure></testcase><testcase classname="gdal.run_test" name="test[reproj_reproj_png]" time="0.635" /><testcase classname="gdal.run_test" name="test[heat_heatmap-r15-border-autonorm-hsl-attr_png]" time="0.440" /><testcase classname="gdal.run_test" name="test[heat_heatmap-r20-noborder-fixednorm-rgb-fixed_png]" time="0.543" /><testcase classname="gdal.run_test" name="test[heat_heatmap-r20-noborder-fixednorm-rgb-expression_png]" time="0.443" /><testcase classname="gdal.run_test" name="test[heat_heatmap-reproj_png]" time="0.480" /><testcase classname="gdal.run_test" name="test[heat_heatmap-no-overlap_png0]" time="0.438" /><testcase classname="gdal.run_test" name="test[heat_heatmap-no-overlap_png1]" time="0.413" /><testcase classname="gdal.run_test" name="test[class16_class16_png]" time="0.409" /><testcase classname="gdal.run_test" name="test[gdal_png_256_res_gdal_png_256_res_png]" time="0.427" /><testcase classname="gdal.run_test" name="test[simplealpha_simplealpha_png]" time="0.405" /><testcase classname="gdal.run_test" name="test[classtest1_classtest1_png]" time="0.401" /><testcase classname="gdal.run_test" name="test[wld_rotate_wld_rotate_png]" time="0.415" /><testcase classname="gdal.run_test" name="test[wmsclient_3543_wmsclient_3543_png]" time="1.170" /><testcase classname="gdal.run_test" name="test[lut_float_lut_float_png]" time="0.394" /><testcase classname="gdal.run_test" name="test[lon_wrap_180_covering_more_than_360deg_lon_wrap_180_covering_more_than_360deg_png]" time="0.427" /><testcase classname="gdal.run_test" name="test[rgb_16bit_rgb_16bit_png]" time="0.405" /><testcase classname="gdal.run_test" name="test[bilinear_left_right_bilinear_left_right_png]" time="0.408" /><testcase classname="gdal.run_test" name="test[offsite_pct_rgb_torgb_offsite_pct_rgb_torgb_png]" time="0.396"><failure message="AssertionError: (&quot;results don't match&quot;, '/Users/gfabbian/projects/MapServer/msautotest/gdal/offsite_pct_rgb_torgb.map', 'offsite_pct_rgb_torgb.png')">map = '/Users/gfabbian/projects/MapServer/msautotest/gdal/offsite_pct_rgb_torgb.map'
out_file = 'offsite_pct_rgb_torgb.png'
command = '[MAP2IMG] [RENDERER] -m [MAPFILE] -o [RESULT]'
extra_args = &lt;_pytest.config.Config object at 0x10a9fc2f0&gt;

    @pytest.mark.parametrize(
        "map,out_file,command",
        mstestlib.get_pytests(os.path.dirname(os.path.abspath(__file__))),
    )
    def test(map, out_file, command, extra_args):
&gt;       mstestlib.run_pytest(map, out_file, command, extra_args)

run_test.py:46: 
_ _ _ _ _ _ _ _ _ _ _ _ _ _ _ _ _ _ _ _ _ _ _ _ _ _ _ _ _ _ _ _ _ _ 

map = '/Users/gfabbian/projects/MapServer/msautotest/gdal/offsite_pct_rgb_torgb.map'
out_file = 'offsite_pct_rgb_torgb.png'
command = '[MAP2IMG] [RENDERER] -m [MAPFILE] -o [RESULT]'
extra_args = &lt;_pytest.config.Config object at 0x10a9fc2f0&gt;

    def run_pytest(map, out_file, command, extra_args):
    
        os.chdir(os.path.dirname(map))
    
        ret, msg = _run(map, out_file, command, extra_args)
&gt;       assert ret, msg
               ^^^
E       AssertionError: ("results don't match", '/Users/gfabbian/projects/MapServer/msautotest/gdal/offsite_pct_rgb_torgb.map', 'offsite_pct_rgb_torgb.png')

../pymod/mstestlib.py:882: AssertionError</failure></testcase><testcase classname="gdal.run_test" name="test[rawmode_nodata_resample_rawmode_nodata_resample_png]" time="0.465" /><testcase classname="gdal.run_test" name="test[class16_ndmap_class16_ndmap_png]" time="0.402" /><testcase classname="gdal.run_test" name="test[mask_3_mask_3_png]" time="0.394" /><testcase classname="gdal.run_test" name="test[average_rgb_average_rgb_png]" time="0.401" /><testcase classname="gdal.run_test" name="test[class16_oddscale_class16_oddscale_png]" time="0.392" /><testcase classname="gdal.run_test" name="test[nodata_scaled_nodata_scaled_png]" time="0.420"><failure message="AssertionError: (&quot;results don't match&quot;, '/Users/gfabbian/projects/MapServer/msautotest/gdal/nodata_scaled.map', 'nodata_scaled.png')">map = '/Users/gfabbian/projects/MapServer/msautotest/gdal/nodata_scaled.map'
out_file = 'nodata_scaled.png'
command = '[MAP2IMG] [RENDERER] -m [MAPFILE] -o [RESULT]'
extra_args = &lt;_pytest.config.Config object at 0x10a9fc2f0&gt;

    @pytest.mark.parametrize(
        "map,out_file,command",
        mstestlib.get_pytests(os.path.dirname(os.path.abspath(__file__))),
    )
    def test(map, out_file, command, extra_args):
&gt;       mstestlib.run_pytest(map, out_file, command, extra_args)

run_test.py:46: 
_ _ _ _ _ _ _ _ _ _ _ _ _ _ _ _ _ _ _ _ _ _ _ _ _ _ _ _ _ _ _ _ _ _ 

map = '/Users/gfabbian/projects/MapServer/msautotest/gdal/nodata_scaled.map'
out_file = 'nodata_scaled.png'
command = '[MAP2IMG] [RENDERER] -m [MAPFILE] -o [RESULT]'
extra_args = &lt;_pytest.config.Config object at 0x10a9fc2f0&gt;

    def run_pytest(map, out_file, command, extra_args):
    
        os.chdir(os.path.dirname(map))
    
        ret, msg = _run(map, out_file, command, extra_args)
&gt;       assert ret, msg
               ^^^
E       AssertionError: ("results don't match", '/Users/gfabbian/projects/MapServer/msautotest/gdal/nodata_scaled.map', 'nodata_scaled.png')

../pymod/mstestlib.py:882: AssertionError</failure></testcase><testcase classname="gdal.run_test" name="test[rgb_overlay_plug_rgb_overlay_plug_png]" time="0.532"><failure message="AssertionError: (&quot;results don't match&quot;, '/Users/gfabbian/projects/MapServer/msautotest/gdal/rgb_overlay_plug.map', 'rgb_overlay_plug.png')">map = '/Users/gfabbian/projects/MapServer/msautotest/gdal/rgb_overlay_plug.map'
out_file = 'rgb_overlay_plug.png'
command = '[MAP2IMG] [RENDERER] -m [MAPFILE] -o [RESULT]'
extra_args = &lt;_pytest.config.Config object at 0x10a9fc2f0&gt;

    @pytest.mark.parametrize(
        "map,out_file,command",
        mstestlib.get_pytests(os.path.dirname(os.path.abspath(__file__))),
    )
    def test(map, out_file, command, extra_args):
&gt;       mstestlib.run_pytest(map, out_file, command, extra_args)

run_test.py:46: 
_ _ _ _ _ _ _ _ _ _ _ _ _ _ _ _ _ _ _ _ _ _ _ _ _ _ _ _ _ _ _ _ _ _ 

map = '/Users/gfabbian/projects/MapServer/msautotest/gdal/rgb_overlay_plug.map'
out_file = 'rgb_overlay_plug.png'
command = '[MAP2IMG] [RENDERER] -m [MAPFILE] -o [RESULT]'
extra_args = &lt;_pytest.config.Config object at 0x10a9fc2f0&gt;

    def run_pytest(map, out_file, command, extra_args):
    
        os.chdir(os.path.dirname(map))
    
        ret, msg = _run(map, out_file, command, extra_args)
&gt;       assert ret, msg
               ^^^
E       AssertionError: ("results don't match", '/Users/gfabbian/projects/MapServer/msautotest/gdal/rgb_overlay_plug.map', 'rgb_overlay_plug.png')

../pymod/mstestlib.py:882: AssertionError</failure></testcase><testcase classname="gdal.run_test" name="test[processing_scale_auto_processing_scale_auto_png]" time="0.401"><failure message="AssertionError: (&quot;results don't match&quot;, '/Users/gfabbian/projects/MapServer/msautotest/gdal/processing_scale_auto.map', 'processing_scale_auto.png')">map = '/Users/gfabbian/projects/MapServer/msautotest/gdal/processing_scale_auto.map'
out_file = 'processing_scale_auto.png'
command = '[MAP2IMG] [RENDERER] -m [MAPFILE] -o [RESULT]'
extra_args = &lt;_pytest.config.Config object at 0x10a9fc2f0&gt;

    @pytest.mark.parametrize(
        "map,out_file,command",
        mstestlib.get_pytests(os.path.dirname(os.path.abspath(__file__))),
    )
    def test(map, out_file, command, extra_args):
&gt;       mstestlib.run_pytest(map, out_file, command, extra_args)

run_test.py:46: 
_ _ _ _ _ _ _ _ _ _ _ _ _ _ _ _ _ _ _ _ _ _ _ _ _ _ _ _ _ _ _ _ _ _ 

map = '/Users/gfabbian/projects/MapServer/msautotest/gdal/processing_scale_auto.map'
out_file = 'processing_scale_auto.png'
command = '[MAP2IMG] [RENDERER] -m [MAPFILE] -o [RESULT]'
extra_args = &lt;_pytest.config.Config object at 0x10a9fc2f0&gt;

    def run_pytest(map, out_file, command, extra_args):
    
        os.chdir(os.path.dirname(map))
    
        ret, msg = _run(map, out_file, command, extra_args)
&gt;       assert ret, msg
               ^^^
E       AssertionError: ("results don't match", '/Users/gfabbian/projects/MapServer/msautotest/gdal/processing_scale_auto.map', 'processing_scale_auto.png')

../pymod/mstestlib.py:882: AssertionError</failure></testcase><testcase classname="gdal.run_test" name="test[mask_1_mask_1_png]" time="0.392" /><testcase classname="gdal.run_test" name="test[256color_overdose_256color_overdose_png]" time="0.401" /><testcase classname="gdal.run_test" name="test[gamma_rgba_gamma_rgba_png]" time="0.406" /><testcase classname="gdal.run_test" name="test[ticket_5032_optim_2_ticket_5032_optim_2_png]" time="0.393" /><testcase classname="gdal.run_test" name="test[offsite_pct_rgb_offsite_pct_rgb_png]" time="0.401"><failure message="AssertionError: (&quot;results don't match&quot;, '/Users/gfabbian/projects/MapServer/msautotest/gdal/offsite_pct_rgb.map', 'offsite_pct_rgb.png')">map = '/Users/gfabbian/projects/MapServer/msautotest/gdal/offsite_pct_rgb.map'
out_file = 'offsite_pct_rgb.png'
command = '[MAP2IMG] [RENDERER] -m [MAPFILE] -o [RESULT]'
extra_args = &lt;_pytest.config.Config object at 0x10a9fc2f0&gt;

    @pytest.mark.parametrize(
        "map,out_file,command",
        mstestlib.get_pytests(os.path.dirname(os.path.abspath(__file__))),
    )
    def test(map, out_file, command, extra_args):
&gt;       mstestlib.run_pytest(map, out_file, command, extra_args)

run_test.py:46: 
_ _ _ _ _ _ _ _ _ _ _ _ _ _ _ _ _ _ _ _ _ _ _ _ _ _ _ _ _ _ _ _ _ _ 

map = '/Users/gfabbian/projects/MapServer/msautotest/gdal/offsite_pct_rgb.map'
out_file = 'offsite_pct_rgb.png'
command = '[MAP2IMG] [RENDERER] -m [MAPFILE] -o [RESULT]'
extra_args = &lt;_pytest.config.Config object at 0x10a9fc2f0&gt;

    def run_pytest(map, out_file, command, extra_args):
    
        os.chdir(os.path.dirname(map))
    
        ret, msg = _run(map, out_file, command, extra_args)
&gt;       assert ret, msg
               ^^^
E       AssertionError: ("results don't match", '/Users/gfabbian/projects/MapServer/msautotest/gdal/offsite_pct_rgb.map', 'offsite_pct_rgb.png')

../pymod/mstestlib.py:882: AssertionError</failure></testcase><testcase classname="gdal.run_test" name="test[rawmode_multiband_rawmode_multiband_png]" time="0.393"><failure message="AssertionError: (&quot;results don't match&quot;, '/Users/gfabbian/projects/MapServer/msautotest/gdal/rawmode_multiband.map', 'rawmode_multiband.png')">map = '/Users/gfabbian/projects/MapServer/msautotest/gdal/rawmode_multiband.map'
out_file = 'rawmode_multiband.png'
command = '[MAP2IMG] [RENDERER] -m [MAPFILE] -o [RESULT]'
extra_args = &lt;_pytest.config.Config object at 0x10a9fc2f0&gt;

    @pytest.mark.parametrize(
        "map,out_file,command",
        mstestlib.get_pytests(os.path.dirname(os.path.abspath(__file__))),
    )
    def test(map, out_file, command, extra_args):
&gt;       mstestlib.run_pytest(map, out_file, command, extra_args)

run_test.py:46: 
_ _ _ _ _ _ _ _ _ _ _ _ _ _ _ _ _ _ _ _ _ _ _ _ _ _ _ _ _ _ _ _ _ _ 

map = '/Users/gfabbian/projects/MapServer/msautotest/gdal/rawmode_multiband.map'
out_file = 'rawmode_multiband.png'
command = '[MAP2IMG] [RENDERER] -m [MAPFILE] -o [RESULT]'
extra_args = &lt;_pytest.config.Config object at 0x10a9fc2f0&gt;

    def run_pytest(map, out_file, command, extra_args):
    
        os.chdir(os.path.dirname(map))
    
        ret, msg = _run(map, out_file, command, extra_args)
&gt;       assert ret, msg
               ^^^
E       AssertionError: ("results don't match", '/Users/gfabbian/projects/MapServer/msautotest/gdal/rawmode_multiband.map', 'rawmode_multiband.png')

../pymod/mstestlib.py:882: AssertionError</failure></testcase><testcase classname="gdal.run_test" name="test[bilinear_src_transp2_bilinear_src_transp2_png]" time="0.392" /><testcase classname="gdal.run_test" name="test[ticket_5032_optim_1_ticket_5032_optim_1_png]" time="0.422" /><testcase classname="gdal.run_test" name="test[trlay1_trlay1_png]" time="0.405"><failure message="AssertionError: (&quot;results don't match&quot;, '/Users/gfabbian/projects/MapServer/msautotest/gdal/trlay1.map', 'trlay1.png')">map = '/Users/gfabbian/projects/MapServer/msautotest/gdal/trlay1.map'
out_file = 'trlay1.png'
command = '[MAP2IMG] [RENDERER] -m [MAPFILE] -o [RESULT]'
extra_args = &lt;_pytest.config.Config object at 0x10a9fc2f0&gt;

    @pytest.mark.parametrize(
        "map,out_file,command",
        mstestlib.get_pytests(os.path.dirname(os.path.abspath(__file__))),
    )
    def test(map, out_file, command, extra_args):
&gt;       mstestlib.run_pytest(map, out_file, command, extra_args)

run_test.py:46: 
_ _ _ _ _ _ _ _ _ _ _ _ _ _ _ _ _ _ _ _ _ _ _ _ _ _ _ _ _ _ _ _ _ _ 

map = '/Users/gfabbian/projects/MapServer/msautotest/gdal/trlay1.map'
out_file = 'trlay1.png'
command = '[MAP2IMG] [RENDERER] -m [MAPFILE] -o [RESULT]'
extra_args = &lt;_pytest.config.Config object at 0x10a9fc2f0&gt;

    def run_pytest(map, out_file, command, extra_args):
    
        os.chdir(os.path.dirname(map))
    
        ret, msg = _run(map, out_file, command, extra_args)
&gt;       assert ret, msg
               ^^^
E       AssertionError: ("results don't match", '/Users/gfabbian/projects/MapServer/msautotest/gdal/trlay1.map', 'trlay1.png')

../pymod/mstestlib.py:882: AssertionError</failure></testcase><testcase classname="gdal.run_test" name="test[gd_png_tr_256_gd_png_tr_256_png]" time="0.391" /><testcase classname="gdal.run_test" name="test[gamma_rgb_gamma_rgb_png]" time="0.419" /><testcase classname="gdal.run_test" name="test[bilinear_float_bilinear_float_png]" time="0.402"><failure message="AssertionError: (&quot;results don't match&quot;, '/Users/gfabbian/projects/MapServer/msautotest/gdal/bilinear_float.map', 'bilinear_float.png')">map = '/Users/gfabbian/projects/MapServer/msautotest/gdal/bilinear_float.map'
out_file = 'bilinear_float.png'
command = '[MAP2IMG] [RENDERER] -m [MAPFILE] -o [RESULT]'
extra_args = &lt;_pytest.config.Config object at 0x10a9fc2f0&gt;

    @pytest.mark.parametrize(
        "map,out_file,command",
        mstestlib.get_pytests(os.path.dirname(os.path.abspath(__file__))),
    )
    def test(map, out_file, command, extra_args):
&gt;       mstestlib.run_pytest(map, out_file, command, extra_args)

run_test.py:46: 
_ _ _ _ _ _ _ _ _ _ _ _ _ _ _ _ _ _ _ _ _ _ _ _ _ _ _ _ _ _ _ _ _ _ 

map = '/Users/gfabbian/projects/MapServer/msautotest/gdal/bilinear_float.map'
out_file = 'bilinear_float.png'
command = '[MAP2IMG] [RENDERER] -m [MAPFILE] -o [RESULT]'
extra_args = &lt;_pytest.config.Config object at 0x10a9fc2f0&gt;

    def run_pytest(map, out_file, command, extra_args):
    
        os.chdir(os.path.dirname(map))
    
        ret, msg = _run(map, out_file, command, extra_args)
&gt;       assert ret, msg
               ^^^
E       AssertionError: ("results don't match", '/Users/gfabbian/projects/MapServer/msautotest/gdal/bilinear_float.map', 'bilinear_float.png')

../pymod/mstestlib.py:882: AssertionError</failure></testcase><testcase classname="gdal.run_test" name="test[deferred_deferred_png]" time="0.405"><failure message="AssertionError: (&quot;results don't match&quot;, '/Users/gfabbian/projects/MapServer/msautotest/gdal/deferred.map', 'deferred.png')">map = '/Users/gfabbian/projects/MapServer/msautotest/gdal/deferred.map'
out_file = 'deferred.png'
command = '[MAP2IMG] [RENDERER] -m [MAPFILE] -o [RESULT]'
extra_args = &lt;_pytest.config.Config object at 0x10a9fc2f0&gt;

    @pytest.mark.parametrize(
        "map,out_file,command",
        mstestlib.get_pytests(os.path.dirname(os.path.abspath(__file__))),
    )
    def test(map, out_file, command, extra_args):
&gt;       mstestlib.run_pytest(map, out_file, command, extra_args)

run_test.py:46: 
_ _ _ _ _ _ _ _ _ _ _ _ _ _ _ _ _ _ _ _ _ _ _ _ _ _ _ _ _ _ _ _ _ _ 

map = '/Users/gfabbian/projects/MapServer/msautotest/gdal/deferred.map'
out_file = 'deferred.png'
command = '[MAP2IMG] [RENDERER] -m [MAPFILE] -o [RESULT]'
extra_args = &lt;_pytest.config.Config object at 0x10a9fc2f0&gt;

    def run_pytest(map, out_file, command, extra_args):
    
        os.chdir(os.path.dirname(map))
    
        ret, msg = _run(map, out_file, command, extra_args)
&gt;       assert ret, msg
               ^^^
E       AssertionError: ("results don't match", '/Users/gfabbian/projects/MapServer/msautotest/gdal/deferred.map', 'deferred.png')

../pymod/mstestlib.py:882: AssertionError</failure></testcase><testcase classname="gdal.run_test" name="test[gdal_png_tr_256_gdal_png_tr_256_png]" time="0.454" /><testcase classname="gdal.run_test" name="test[gd_png_tr_256_res_gd_png_tr_256_res_png]" time="0.427" /><testcase classname="gdal.run_test" name="test[trlay2_trlay2_png]" time="0.395"><failure message="AssertionError: (&quot;results don't match&quot;, '/Users/gfabbian/projects/MapServer/msautotest/gdal/trlay2.map', 'trlay2.png')">map = '/Users/gfabbian/projects/MapServer/msautotest/gdal/trlay2.map'
out_file = 'trlay2.png'
command = '[MAP2IMG] [RENDERER] -m [MAPFILE] -o [RESULT]'
extra_args = &lt;_pytest.config.Config object at 0x10a9fc2f0&gt;

    @pytest.mark.parametrize(
        "map,out_file,command",
        mstestlib.get_pytests(os.path.dirname(os.path.abspath(__file__))),
    )
    def test(map, out_file, command, extra_args):
&gt;       mstestlib.run_pytest(map, out_file, command, extra_args)

run_test.py:46: 
_ _ _ _ _ _ _ _ _ _ _ _ _ _ _ _ _ _ _ _ _ _ _ _ _ _ _ _ _ _ _ _ _ _ 

map = '/Users/gfabbian/projects/MapServer/msautotest/gdal/trlay2.map'
out_file = 'trlay2.png'
command = '[MAP2IMG] [RENDERER] -m [MAPFILE] -o [RESULT]'
extra_args = &lt;_pytest.config.Config object at 0x10a9fc2f0&gt;

    def run_pytest(map, out_file, command, extra_args):
    
        os.chdir(os.path.dirname(map))
    
        ret, msg = _run(map, out_file, command, extra_args)
&gt;       assert ret, msg
               ^^^
E       AssertionError: ("results don't match", '/Users/gfabbian/projects/MapServer/msautotest/gdal/trlay2.map', 'trlay2.png')

../pymod/mstestlib.py:882: AssertionError</failure></testcase><testcase classname="gdal.run_test" name="test[trlay3_trlay3_png]" time="0.395"><failure message="AssertionError: (&quot;results don't match&quot;, '/Users/gfabbian/projects/MapServer/msautotest/gdal/trlay3.map', 'trlay3.png')">map = '/Users/gfabbian/projects/MapServer/msautotest/gdal/trlay3.map'
out_file = 'trlay3.png'
command = '[MAP2IMG] [RENDERER] -m [MAPFILE] -o [RESULT]'
extra_args = &lt;_pytest.config.Config object at 0x10a9fc2f0&gt;

    @pytest.mark.parametrize(
        "map,out_file,command",
        mstestlib.get_pytests(os.path.dirname(os.path.abspath(__file__))),
    )
    def test(map, out_file, command, extra_args):
&gt;       mstestlib.run_pytest(map, out_file, command, extra_args)

run_test.py:46: 
_ _ _ _ _ _ _ _ _ _ _ _ _ _ _ _ _ _ _ _ _ _ _ _ _ _ _ _ _ _ _ _ _ _ 

map = '/Users/gfabbian/projects/MapServer/msautotest/gdal/trlay3.map'
out_file = 'trlay3.png'
command = '[MAP2IMG] [RENDERER] -m [MAPFILE] -o [RESULT]'
extra_args = &lt;_pytest.config.Config object at 0x10a9fc2f0&gt;

    def run_pytest(map, out_file, command, extra_args):
    
        os.chdir(os.path.dirname(map))
    
        ret, msg = _run(map, out_file, command, extra_args)
&gt;       assert ret, msg
               ^^^
E       AssertionError: ("results don't match", '/Users/gfabbian/projects/MapServer/msautotest/gdal/trlay3.map', 'trlay3.png')

../pymod/mstestlib.py:882: AssertionError</failure></testcase><testcase classname="gdal.run_test" name="test[lon_wrap_180_lon_wrap_180_png]" time="0.431" /><testcase classname="gdal.run_test" name="test[rawmode_nodata_rawmode_nodata_png]" time="0.396" /><testcase classname="gdal.run_test" name="test[lut_rgb_crv_lut_rgb_crv_png]" time="0.396" /><testcase classname="gdal.run_test" name="test[lut_inline_lut_inline_png]" time="0.400" /><testcase classname="gdal.run_test" name="test[rgba_overlay_res_rgba_overlay_res_png]" time="0.410"><failure message="AssertionError: (&quot;results don't match&quot;, '/Users/gfabbian/projects/MapServer/msautotest/gdal/rgba_overlay_res.map', 'rgba_overlay_res.png')">map = '/Users/gfabbian/projects/MapServer/msautotest/gdal/rgba_overlay_res.map'
out_file = 'rgba_overlay_res.png'
command = '[MAP2IMG] [RENDERER] -m [MAPFILE] -o [RESULT]'
extra_args = &lt;_pytest.config.Config object at 0x10a9fc2f0&gt;

    @pytest.mark.parametrize(
        "map,out_file,command",
        mstestlib.get_pytests(os.path.dirname(os.path.abspath(__file__))),
    )
    def test(map, out_file, command, extra_args):
&gt;       mstestlib.run_pytest(map, out_file, command, extra_args)

run_test.py:46: 
_ _ _ _ _ _ _ _ _ _ _ _ _ _ _ _ _ _ _ _ _ _ _ _ _ _ _ _ _ _ _ _ _ _ 

map = '/Users/gfabbian/projects/MapServer/msautotest/gdal/rgba_overlay_res.map'
out_file = 'rgba_overlay_res.png'
command = '[MAP2IMG] [RENDERER] -m [MAPFILE] -o [RESULT]'
extra_args = &lt;_pytest.config.Config object at 0x10a9fc2f0&gt;

    def run_pytest(map, out_file, command, extra_args):
    
        os.chdir(os.path.dirname(map))
    
        ret, msg = _run(map, out_file, command, extra_args)
&gt;       assert ret, msg
               ^^^
E       AssertionError: ("results don't match", '/Users/gfabbian/projects/MapServer/msautotest/gdal/rgba_overlay_res.map', 'rgba_overlay_res.png')

../pymod/mstestlib.py:882: AssertionError</failure></testcase><testcase classname="gdal.run_test" name="test[nonsquare_nonsquare_png]" time="0.418" /><testcase classname="gdal.run_test" name="test[lut_1_crv_lut_1_crv_png]" time="0.406" /><testcase classname="gdal.run_test" name="test[5band_5band_png]" time="0.399" /><testcase classname="gdal.run_test" name="test[tileindex_mi_tileindex_mi_png]" time="0.423" /><testcase classname="gdal.run_test" name="test[classtest2_plugin_classtest2_plugin_png]" time="0.388" /><testcase classname="gdal.run_test" name="test[grayalpha_grayalpha_png]" time="0.399"><failure message="AssertionError: (&quot;results don't match&quot;, '/Users/gfabbian/projects/MapServer/msautotest/gdal/grayalpha.map', 'grayalpha.png')">map = '/Users/gfabbian/projects/MapServer/msautotest/gdal/grayalpha.map'
out_file = 'grayalpha.png'
command = '[MAP2IMG] [RENDERER] -m [MAPFILE] -o [RESULT]'
extra_args = &lt;_pytest.config.Config object at 0x10a9fc2f0&gt;

    @pytest.mark.parametrize(
        "map,out_file,command",
        mstestlib.get_pytests(os.path.dirname(os.path.abspath(__file__))),
    )
    def test(map, out_file, command, extra_args):
&gt;       mstestlib.run_pytest(map, out_file, command, extra_args)

run_test.py:46: 
_ _ _ _ _ _ _ _ _ _ _ _ _ _ _ _ _ _ _ _ _ _ _ _ _ _ _ _ _ _ _ _ _ _ 

map = '/Users/gfabbian/projects/MapServer/msautotest/gdal/grayalpha.map'
out_file = 'grayalpha.png'
command = '[MAP2IMG] [RENDERER] -m [MAPFILE] -o [RESULT]'
extra_args = &lt;_pytest.config.Config object at 0x10a9fc2f0&gt;

    def run_pytest(map, out_file, command, extra_args):
    
        os.chdir(os.path.dirname(map))
    
        ret, msg = _run(map, out_file, command, extra_args)
&gt;       assert ret, msg
               ^^^
E       AssertionError: ("results don't match", '/Users/gfabbian/projects/MapServer/msautotest/gdal/grayalpha.map', 'grayalpha.png')

../pymod/mstestlib.py:882: AssertionError</failure></testcase><testcase classname="gdal.run_test" name="test[wld_upsidedown_wld_upsidedown_png]" time="0.427" /><testcase classname="gdal.run_test" name="test[simplealpha_plug_simplealpha_plug_png]" time="0.407" /></testsuite></testsuites>