<?xml version="1.0" encoding="utf-8"?><testsuites name="pytest tests"><testsuite name="pytest" errors="0" failures="418" skipped="0" tests="1707" time="844.976" timestamp="2026-02-18T10:13:37.929038+01:00" hostname="MacBook-Pro-3.fritz.box"><testcase classname="wxs.run_test" name="test[wms_tileindexmixedsrs_wms_get_capabilities_tileindexmixedsrs_xml]" time="0.567"><failure message="AssertionError: (&quot;results don't match&quot;, '/Users/gfabbian/projects/MapServer/msautotest/wxs/wms_tileindexmixedsrs.map', 'wms_get_capabilities_tileindexmixedsrs.xml')">map = '/Users/gfabbian/projects/MapServer/msautotest/wxs/wms_tileindexmixedsrs.map'
out_file = 'wms_get_capabilities_tileindexmixedsrs.xml'
command = '[MAPSERV] QUERY_STRING="map=[MAPFILE]&amp;SERVICE=WMS&amp;VERSION=1.1.0&amp;REQUEST=GetCapabilities" &gt; [RESULT_DEVERSION]\n'
extra_args = &lt;_pytest.config.Config object at 0x10a4dfa10&gt;

    @pytest.mark.parametrize(
        "map,out_file,command",
        mstestlib.get_pytests(os.path.dirname(os.path.abspath(__file__))),
    )
    def test(map, out_file, command, extra_args):
&gt;       mstestlib.run_pytest(map, out_file, command, extra_args)

run_test.py:46: 
_ _ _ _ _ _ _ _ _ _ _ _ _ _ _ _ _ _ _ _ _ _ _ _ _ _ _ _ _ _ _ _ _ _ _ _ _

map = '/Users/gfabbian/projects/MapServer/msautotest/wxs/wms_tileindexmixedsrs.map'
out_file = 'wms_get_capabilities_tileindexmixedsrs.xml'
command = '[MAPSERV] QUERY_STRING="map=[MAPFILE]&amp;SERVICE=WMS&amp;VERSION=1.1.0&amp;REQUEST=GetCapabilities" &gt; [RESULT_DEVERSION]\n'
extra_args = &lt;_pytest.config.Config object at 0x10a4dfa10&gt;

    def run_pytest(map, out_file, command, extra_args):
    
        os.chdir(os.path.dirname(map))
    
        ret, msg = _run(map, out_file, command, extra_args)
&gt;       assert ret, msg
               ^^^
E       AssertionError: ("results don't match", '/Users/gfabbian/projects/MapServer/msautotest/wxs/wms_tileindexmixedsrs.map', 'wms_get_capabilities_tileindexmixedsrs.xml')

../pymod/mstestlib.py:882: AssertionError</failure></testcase><testcase classname="wxs.run_test" name="test[wms_tileindexmixedsrs_wms_get_map_tileindexmixedsrs_tif]" time="0.718"><failure message="AssertionError: (&quot;results don't match&quot;, '/Users/gfabbian/projects/MapServer/msautotest/wxs/wms_tileindexmixedsrs.map', 'wms_get_map_tileindexmixedsrs.tif')">map = '/Users/gfabbian/projects/MapServer/msautotest/wxs/wms_tileindexmixedsrs.map'
out_file = 'wms_get_map_tileindexmixedsrs.tif'
command = '[MAPSERV] QUERY_STRING="map=[MAPFILE]&amp;SERVICE=WMS&amp;VERSION=1.1.0&amp;REQUEST=GetMap&amp;SRS=EPSG:26711&amp;BBOX=440720.000,3745320.000,446720.000,3751320.000&amp;FORMAT=image/tiff&amp;WIDTH=100&amp;HEIGHT=100&amp;STYLES=&amp;LAYERS=grey" &gt; [RESULT_DEMIME]\n'
extra_args = &lt;_pytest.config.Config object at 0x10a4dfa10&gt;

    @pytest.mark.parametrize(
        "map,out_file,command",
        mstestlib.get_pytests(os.path.dirname(os.path.abspath(__file__))),
    )
    def test(map, out_file, command, extra_args):
&gt;       mstestlib.run_pytest(map, out_file, command, extra_args)

run_test.py:46: 
_ _ _ _ _ _ _ _ _ _ _ _ _ _ _ _ _ _ _ _ _ _ _ _ _ _ _ _ _ _ _ _ _ _ _ _ _

map = '/Users/gfabbian/projects/MapServer/msautotest/wxs/wms_tileindexmixedsrs.map'
out_file = 'wms_get_map_tileindexmixedsrs.tif'
command = '[MAPSERV] QUERY_STRING="map=[MAPFILE]&amp;SERVICE=WMS&amp;VERSION=1.1.0&amp;REQUEST=GetMap&amp;SRS=EPSG:26711&amp;BBOX=440720.000,3745320.000,446720.000,3751320.000&amp;FORMAT=image/tiff&amp;WIDTH=100&amp;HEIGHT=100&amp;STYLES=&amp;LAYERS=grey" &gt; [RESULT_DEMIME]\n'
extra_args = &lt;_pytest.config.Config object at 0x10a4dfa10&gt;

    def run_pytest(map, out_file, command, extra_args):
    
        os.chdir(os.path.dirname(map))
    
        ret, msg = _run(map, out_file, command, extra_args)
&gt;       assert ret, msg
               ^^^
E       AssertionError: ("results don't match", '/Users/gfabbian/projects/MapServer/msautotest/wxs/wms_tileindexmixedsrs.map', 'wms_get_map_tileindexmixedsrs.tif')

../pymod/mstestlib.py:882: AssertionError</failure></testcase><testcase classname="wxs.run_test" name="test[sos_sos_se0_xml]" time="0.429" /><testcase classname="wxs.run_test" name="test[sos_sos_se1_xml]" time="0.418" /><testcase classname="wxs.run_test" name="test[sos_sos_se2_xml]" time="0.410" /><testcase classname="wxs.run_test" name="test[sos_sos_caps_updatesequence_xml]" time="0.406" /><testcase classname="wxs.run_test" name="test[sos_sos_exception_updatesequence1_xml]" time="0.404" /><testcase classname="wxs.run_test" name="test[sos_sos_exception_updatesequence2_xml]" time="0.412" /><testcase classname="wxs.run_test" name="test[sos_sos_exception_acceptversions_xml]" time="0.415" /><testcase classname="wxs.run_test" name="test[sos_sos_cap1_xml]" time="0.410" /><testcase classname="wxs.run_test" name="test[sos_sos_cap0_xml]" time="0.411" /><testcase classname="wxs.run_test" name="test[sos_sos_cap_xml]" time="0.398" /><testcase classname="wxs.run_test" name="test[sos_sos_se3_xml]" time="0.393" /><testcase classname="wxs.run_test" name="test[sos_sos_se4_xml]" time="0.403" /><testcase classname="wxs.run_test" name="test[sos_sos_se5_xml]" time="0.400" /><testcase classname="wxs.run_test" name="test[sos_sos_se6_xml]" time="0.459" /><testcase classname="wxs.run_test" name="test[sos_sos_se7_xml]" time="0.452" /><testcase classname="wxs.run_test" name="test[sos_sos_describe_xml]" time="0.418" /><testcase classname="wxs.run_test" name="test[sos_sos_se8_xml]" time="0.399" /><testcase classname="wxs.run_test" name="test[sos_sos_se9_xml]" time="0.416" /><testcase classname="wxs.run_test" name="test[sos_sos_se10_xml]" time="0.415" /><testcase classname="wxs.run_test" name="test[sos_sos_se11_xml]" time="0.404" /><testcase classname="wxs.run_test" name="test[sos_sos_getobs_all_xml]" time="0.399" /><testcase classname="wxs.run_test" name="test[sos_sos_getobs_epsg_4326_xml]" time="0.388" /><testcase classname="wxs.run_test" name="test[sos_sos_getobs_datablock_xml]" time="0.409" /><testcase classname="wxs.run_test" name="test[sos_sos_getobs_proc_xml]" time="0.415" /><testcase classname="wxs.run_test" name="test[sos_sos_getobs_filter_xml]" time="0.540" /><testcase classname="wxs.run_test" name="test[sos_sos_getobs_time_xml]" time="0.423" /><testcase classname="wxs.run_test" name="test[sos_sos_getobs_foi_xml]" time="0.409" /><testcase classname="wxs.run_test" name="test[sos_sos_getobs_time_filter_foi_xml]" time="0.407" /><testcase classname="wxs.run_test" name="test[sos_sos_descobs_ex1_xml]" time="0.418" /><testcase classname="wxs.run_test" name="test[sos_sos_descobs_ex2_xml]" time="0.405" /><testcase classname="wxs.run_test" name="test[sos_sos_descobs_xml]" time="0.400" /><testcase classname="wxs.run_test" name="test[wms_inspire_scenario2_wms_inspire_scenario2_cap111_xml]" time="0.550"><failure message="AssertionError: (&quot;results don't match&quot;, '/Users/gfabbian/projects/MapServer/msautotest/wxs/wms_inspire_scenario2.map', 'wms_inspire_scenario2_cap111.xml')">map = '/Users/gfabbian/projects/MapServer/msautotest/wxs/wms_inspire_scenario2.map'
out_file = 'wms_inspire_scenario2_cap111.xml'
command = '[MAPSERV] QUERY_STRING="map=[MAPFILE]&amp;SERVICE=WMS&amp;VERSION=1.1.1&amp;REQUEST=GetCapabilities" &gt; [RESULT_DEVERSION] [RESULT_DEMIME]\n'
extra_args = &lt;_pytest.config.Config object at 0x10a4dfa10&gt;

    @pytest.mark.parametrize(
        "map,out_file,command",
        mstestlib.get_pytests(os.path.dirname(os.path.abspath(__file__))),
    )
    def test(map, out_file, command, extra_args):
&gt;       mstestlib.run_pytest(map, out_file, command, extra_args)

run_test.py:46: 
_ _ _ _ _ _ _ _ _ _ _ _ _ _ _ _ _ _ _ _ _ _ _ _ _ _ _ _ _ _ _ _ _ _ _ _ _

map = '/Users/gfabbian/projects/MapServer/msautotest/wxs/wms_inspire_scenario2.map'
out_file = 'wms_inspire_scenario2_cap111.xml'
command = '[MAPSERV] QUERY_STRING="map=[MAPFILE]&amp;SERVICE=WMS&amp;VERSION=1.1.1&amp;REQUEST=GetCapabilities" &gt; [RESULT_DEVERSION] [RESULT_DEMIME]\n'
extra_args = &lt;_pytest.config.Config object at 0x10a4dfa10&gt;

    def run_pytest(map, out_file, command, extra_args):
    
        os.chdir(os.path.dirname(map))
    
        ret, msg = _run(map, out_file, command, extra_args)
&gt;       assert ret, msg
               ^^^
E       AssertionError: ("results don't match", '/Users/gfabbian/projects/MapServer/msautotest/wxs/wms_inspire_scenario2.map', 'wms_inspire_scenario2_cap111.xml')

../pymod/mstestlib.py:882: AssertionError</failure></testcase><testcase classname="wxs.run_test" name="test[wms_inspire_scenario2_wms_inspire_scenario2_cap111_ger_xml]" time="0.556"><failure message="AssertionError: (&quot;results don't match&quot;, '/Users/gfabbian/projects/MapServer/msautotest/wxs/wms_inspire_scenario2.map', 'wms_inspire_scenario2_cap111_ger.xml')">map = '/Users/gfabbian/projects/MapServer/msautotest/wxs/wms_inspire_scenario2.map'
out_file = 'wms_inspire_scenario2_cap111_ger.xml'
command = '[MAPSERV] QUERY_STRING="map=[MAPFILE]&amp;SERVICE=WMS&amp;VERSION=1.1.1&amp;REQUEST=GetCapabilities&amp;LANGUAGE=ger" &gt; [RESULT_DEVERSION] [RESULT_DEMIME]\n'
extra_args = &lt;_pytest.config.Config object at 0x10a4dfa10&gt;

    @pytest.mark.parametrize(
        "map,out_file,command",
        mstestlib.get_pytests(os.path.dirname(os.path.abspath(__file__))),
    )
    def test(map, out_file, command, extra_args):
&gt;       mstestlib.run_pytest(map, out_file, command, extra_args)

run_test.py:46: 
_ _ _ _ _ _ _ _ _ _ _ _ _ _ _ _ _ _ _ _ _ _ _ _ _ _ _ _ _ _ _ _ _ _ _ _ _

map = '/Users/gfabbian/projects/MapServer/msautotest/wxs/wms_inspire_scenario2.map'
out_file = 'wms_inspire_scenario2_cap111_ger.xml'
command = '[MAPSERV] QUERY_STRING="map=[MAPFILE]&amp;SERVICE=WMS&amp;VERSION=1.1.1&amp;REQUEST=GetCapabilities&amp;LANGUAGE=ger" &gt; [RESULT_DEVERSION] [RESULT_DEMIME]\n'
extra_args = &lt;_pytest.config.Config object at 0x10a4dfa10&gt;

    def run_pytest(map, out_file, command, extra_args):
    
        os.chdir(os.path.dirname(map))
    
        ret, msg = _run(map, out_file, command, extra_args)
&gt;       assert ret, msg
               ^^^
E       AssertionError: ("results don't match", '/Users/gfabbian/projects/MapServer/msautotest/wxs/wms_inspire_scenario2.map', 'wms_inspire_scenario2_cap111_ger.xml')

../pymod/mstestlib.py:882: AssertionError</failure></testcase><testcase classname="wxs.run_test" name="test[wms_inspire_scenario2_wms_inspire_scenario2_cap111_eng_xml]" time="0.521"><failure message="AssertionError: (&quot;results don't match&quot;, '/Users/gfabbian/projects/MapServer/msautotest/wxs/wms_inspire_scenario2.map', 'wms_inspire_scenario2_cap111_eng.xml')">map = '/Users/gfabbian/projects/MapServer/msautotest/wxs/wms_inspire_scenario2.map'
out_file = 'wms_inspire_scenario2_cap111_eng.xml'
command = '[MAPSERV] QUERY_STRING="map=[MAPFILE]&amp;SERVICE=WMS&amp;VERSION=1.1.1&amp;REQUEST=GetCapabilities&amp;LANGUAGE=eng" &gt; [RESULT_DEVERSION] [RESULT_DEMIME]\n'
extra_args = &lt;_pytest.config.Config object at 0x10a4dfa10&gt;

    @pytest.mark.parametrize(
        "map,out_file,command",
        mstestlib.get_pytests(os.path.dirname(os.path.abspath(__file__))),
    )
    def test(map, out_file, command, extra_args):
&gt;       mstestlib.run_pytest(map, out_file, command, extra_args)

run_test.py:46: 
_ _ _ _ _ _ _ _ _ _ _ _ _ _ _ _ _ _ _ _ _ _ _ _ _ _ _ _ _ _ _ _ _ _ _ _ _

map = '/Users/gfabbian/projects/MapServer/msautotest/wxs/wms_inspire_scenario2.map'
out_file = 'wms_inspire_scenario2_cap111_eng.xml'
command = '[MAPSERV] QUERY_STRING="map=[MAPFILE]&amp;SERVICE=WMS&amp;VERSION=1.1.1&amp;REQUEST=GetCapabilities&amp;LANGUAGE=eng" &gt; [RESULT_DEVERSION] [RESULT_DEMIME]\n'
extra_args = &lt;_pytest.config.Config object at 0x10a4dfa10&gt;

    def run_pytest(map, out_file, command, extra_args):
    
        os.chdir(os.path.dirname(map))
    
        ret, msg = _run(map, out_file, command, extra_args)
&gt;       assert ret, msg
               ^^^
E       AssertionError: ("results don't match", '/Users/gfabbian/projects/MapServer/msautotest/wxs/wms_inspire_scenario2.map', 'wms_inspire_scenario2_cap111_eng.xml')

../pymod/mstestlib.py:882: AssertionError</failure></testcase><testcase classname="wxs.run_test" name="test[wms_inspire_scenario2_wms_inspire_scenario2_cap130_xml]" time="0.523"><failure message="AssertionError: (&quot;results don't match&quot;, '/Users/gfabbian/projects/MapServer/msautotest/wxs/wms_inspire_scenario2.map', 'wms_inspire_scenario2_cap130.xml')">map = '/Users/gfabbian/projects/MapServer/msautotest/wxs/wms_inspire_scenario2.map'
out_file = 'wms_inspire_scenario2_cap130.xml'
command = '[MAPSERV] QUERY_STRING="map=[MAPFILE]&amp;SERVICE=WMS&amp;VERSION=1.3.0&amp;REQUEST=GetCapabilities" &gt; [RESULT_DEVERSION] [RESULT_DEMIME]\n'
extra_args = &lt;_pytest.config.Config object at 0x10a4dfa10&gt;

    @pytest.mark.parametrize(
        "map,out_file,command",
        mstestlib.get_pytests(os.path.dirname(os.path.abspath(__file__))),
    )
    def test(map, out_file, command, extra_args):
&gt;       mstestlib.run_pytest(map, out_file, command, extra_args)

run_test.py:46: 
_ _ _ _ _ _ _ _ _ _ _ _ _ _ _ _ _ _ _ _ _ _ _ _ _ _ _ _ _ _ _ _ _ _ _ _ _

map = '/Users/gfabbian/projects/MapServer/msautotest/wxs/wms_inspire_scenario2.map'
out_file = 'wms_inspire_scenario2_cap130.xml'
command = '[MAPSERV] QUERY_STRING="map=[MAPFILE]&amp;SERVICE=WMS&amp;VERSION=1.3.0&amp;REQUEST=GetCapabilities" &gt; [RESULT_DEVERSION] [RESULT_DEMIME]\n'
extra_args = &lt;_pytest.config.Config object at 0x10a4dfa10&gt;

    def run_pytest(map, out_file, command, extra_args):
    
        os.chdir(os.path.dirname(map))
    
        ret, msg = _run(map, out_file, command, extra_args)
&gt;       assert ret, msg
               ^^^
E       AssertionError: ("results don't match", '/Users/gfabbian/projects/MapServer/msautotest/wxs/wms_inspire_scenario2.map', 'wms_inspire_scenario2_cap130.xml')

../pymod/mstestlib.py:882: AssertionError</failure></testcase><testcase classname="wxs.run_test" name="test[wms_inspire_scenario2_wms_inspire_scenario2_cap130_ger_xml]" time="0.522"><failure message="AssertionError: (&quot;results don't match&quot;, '/Users/gfabbian/projects/MapServer/msautotest/wxs/wms_inspire_scenario2.map', 'wms_inspire_scenario2_cap130_ger.xml')">map = '/Users/gfabbian/projects/MapServer/msautotest/wxs/wms_inspire_scenario2.map'
out_file = 'wms_inspire_scenario2_cap130_ger.xml'
command = '[MAPSERV] QUERY_STRING="map=[MAPFILE]&amp;SERVICE=WMS&amp;VERSION=1.3.0&amp;REQUEST=GetCapabilities&amp;LANGUAGE=ger" &gt; [RESULT_DEVERSION] [RESULT_DEMIME]\n'
extra_args = &lt;_pytest.config.Config object at 0x10a4dfa10&gt;

    @pytest.mark.parametrize(
        "map,out_file,command",
        mstestlib.get_pytests(os.path.dirname(os.path.abspath(__file__))),
    )
    def test(map, out_file, command, extra_args):
&gt;       mstestlib.run_pytest(map, out_file, command, extra_args)

run_test.py:46: 
_ _ _ _ _ _ _ _ _ _ _ _ _ _ _ _ _ _ _ _ _ _ _ _ _ _ _ _ _ _ _ _ _ _ _ _ _

map = '/Users/gfabbian/projects/MapServer/msautotest/wxs/wms_inspire_scenario2.map'
out_file = 'wms_inspire_scenario2_cap130_ger.xml'
command = '[MAPSERV] QUERY_STRING="map=[MAPFILE]&amp;SERVICE=WMS&amp;VERSION=1.3.0&amp;REQUEST=GetCapabilities&amp;LANGUAGE=ger" &gt; [RESULT_DEVERSION] [RESULT_DEMIME]\n'
extra_args = &lt;_pytest.config.Config object at 0x10a4dfa10&gt;

    def run_pytest(map, out_file, command, extra_args):
    
        os.chdir(os.path.dirname(map))
    
        ret, msg = _run(map, out_file, command, extra_args)
&gt;       assert ret, msg
               ^^^
E       AssertionError: ("results don't match", '/Users/gfabbian/projects/MapServer/msautotest/wxs/wms_inspire_scenario2.map', 'wms_inspire_scenario2_cap130_ger.xml')

../pymod/mstestlib.py:882: AssertionError</failure></testcase><testcase classname="wxs.run_test" name="test[wms_inspire_scenario2_wms_inspire_scenario2_cap130_eng_xml]" time="0.512"><failure message="AssertionError: (&quot;results don't match&quot;, '/Users/gfabbian/projects/MapServer/msautotest/wxs/wms_inspire_scenario2.map', 'wms_inspire_scenario2_cap130_eng.xml')">map = '/Users/gfabbian/projects/MapServer/msautotest/wxs/wms_inspire_scenario2.map'
out_file = 'wms_inspire_scenario2_cap130_eng.xml'
command = '[MAPSERV] QUERY_STRING="map=[MAPFILE]&amp;SERVICE=WMS&amp;VERSION=1.3.0&amp;REQUEST=GetCapabilities&amp;LANGUAGE=eng" &gt; [RESULT_DEVERSION] [RESULT_DEMIME]\n'
extra_args = &lt;_pytest.config.Config object at 0x10a4dfa10&gt;

    @pytest.mark.parametrize(
        "map,out_file,command",
        mstestlib.get_pytests(os.path.dirname(os.path.abspath(__file__))),
    )
    def test(map, out_file, command, extra_args):
&gt;       mstestlib.run_pytest(map, out_file, command, extra_args)

run_test.py:46: 
_ _ _ _ _ _ _ _ _ _ _ _ _ _ _ _ _ _ _ _ _ _ _ _ _ _ _ _ _ _ _ _ _ _ _ _ _

map = '/Users/gfabbian/projects/MapServer/msautotest/wxs/wms_inspire_scenario2.map'
out_file = 'wms_inspire_scenario2_cap130_eng.xml'
command = '[MAPSERV] QUERY_STRING="map=[MAPFILE]&amp;SERVICE=WMS&amp;VERSION=1.3.0&amp;REQUEST=GetCapabilities&amp;LANGUAGE=eng" &gt; [RESULT_DEVERSION] [RESULT_DEMIME]\n'
extra_args = &lt;_pytest.config.Config object at 0x10a4dfa10&gt;

    def run_pytest(map, out_file, command, extra_args):
    
        os.chdir(os.path.dirname(map))
    
        ret, msg = _run(map, out_file, command, extra_args)
&gt;       assert ret, msg
               ^^^
E       AssertionError: ("results don't match", '/Users/gfabbian/projects/MapServer/msautotest/wxs/wms_inspire_scenario2.map', 'wms_inspire_scenario2_cap130_eng.xml')

../pymod/mstestlib.py:882: AssertionError</failure></testcase><testcase classname="wxs.run_test" name="test[wms_inspire_scenario2_wms_inspire_scenario2_describe130_roadarea_xml]" time="0.397" /><testcase classname="wxs.run_test" name="test[wms_inspire_scenario2_wms_inspire_scenario2_describe130_roadlink_xml]" time="0.411" /><testcase classname="wxs.run_test" name="test[wms_inspire_scenario2_wms_inspire_scenario2_describe130_transportlink_xml]" time="0.406" /><testcase classname="wxs.run_test" name="test[wms_inspire_scenario2_wms_inspire_scenario2_describe130_airlink_xml]" time="0.403" /><testcase classname="wxs.run_test" name="test[wms_inspire_scenario2_wms_inspire_scenario2_styles130_roadarea_xml]" time="0.451" /><testcase classname="wxs.run_test" name="test[wms_inspire_scenario2_wms_inspire_scenario2_styles130_roadlink_xml]" time="0.408" /><testcase classname="wxs.run_test" name="test[wms_inspire_scenario2_wms_inspire_scenario2_styles130_transportlink_xml]" time="0.400" /><testcase classname="wxs.run_test" name="test[wms_inspire_scenario2_wms_inspire_scenario2_styles130_airlink_xml]" time="0.411" /><testcase classname="wxs.run_test" name="test[wms_inspire_scenario2_wms_inspire_scenario2_map130_roadarea_png]" time="0.471"><failure message="AssertionError: (&quot;results don't match&quot;, '/Users/gfabbian/projects/MapServer/msautotest/wxs/wms_inspire_scenario2.map', 'wms_inspire_scenario2_map130_roadarea.png')">map = '/Users/gfabbian/projects/MapServer/msautotest/wxs/wms_inspire_scenario2.map'
out_file = 'wms_inspire_scenario2_map130_roadarea.png'
command = '[MAPSERV] QUERY_STRING="map=[MAPFILE]&amp;SERVICE=WMS&amp;VERSION=1.3.0&amp;REQUEST=GetMap&amp;CRS=EPSG%3A4326&amp;BBOX=40,-70,50,-60&amp;WIDTH=200&amp;HEIGHT=200&amp;LAYERS=TN.RoadTransportNetwork.RoadArea&amp;STYLES=&amp;FORMAT=image%2Fpng" &gt; [RESULT_DEMIME]\n'
extra_args = &lt;_pytest.config.Config object at 0x10a4dfa10&gt;

    @pytest.mark.parametrize(
        "map,out_file,command",
        mstestlib.get_pytests(os.path.dirname(os.path.abspath(__file__))),
    )
    def test(map, out_file, command, extra_args):
&gt;       mstestlib.run_pytest(map, out_file, command, extra_args)

run_test.py:46: 
_ _ _ _ _ _ _ _ _ _ _ _ _ _ _ _ _ _ _ _ _ _ _ _ _ _ _ _ _ _ _ _ _ _ _ _ _

map = '/Users/gfabbian/projects/MapServer/msautotest/wxs/wms_inspire_scenario2.map'
out_file = 'wms_inspire_scenario2_map130_roadarea.png'
command = '[MAPSERV] QUERY_STRING="map=[MAPFILE]&amp;SERVICE=WMS&amp;VERSION=1.3.0&amp;REQUEST=GetMap&amp;CRS=EPSG%3A4326&amp;BBOX=40,-70,50,-60&amp;WIDTH=200&amp;HEIGHT=200&amp;LAYERS=TN.RoadTransportNetwork.RoadArea&amp;STYLES=&amp;FORMAT=image%2Fpng" &gt; [RESULT_DEMIME]\n'
extra_args = &lt;_pytest.config.Config object at 0x10a4dfa10&gt;

    def run_pytest(map, out_file, command, extra_args):
    
        os.chdir(os.path.dirname(map))
    
        ret, msg = _run(map, out_file, command, extra_args)
&gt;       assert ret, msg
               ^^^
E       AssertionError: ("results don't match", '/Users/gfabbian/projects/MapServer/msautotest/wxs/wms_inspire_scenario2.map', 'wms_inspire_scenario2_map130_roadarea.png')

../pymod/mstestlib.py:882: AssertionError</failure></testcase><testcase classname="wxs.run_test" name="test[wms_inspire_scenario2_wms_inspire_scenario2_map130_roadlink_png]" time="0.707"><failure message="AssertionError: (&quot;results don't match&quot;, '/Users/gfabbian/projects/MapServer/msautotest/wxs/wms_inspire_scenario2.map', 'wms_inspire_scenario2_map130_roadlink.png')">map = '/Users/gfabbian/projects/MapServer/msautotest/wxs/wms_inspire_scenario2.map'
out_file = 'wms_inspire_scenario2_map130_roadlink.png'
command = '[MAPSERV] QUERY_STRING="map=[MAPFILE]&amp;SERVICE=WMS&amp;VERSION=1.3.0&amp;REQUEST=GetMap&amp;CRS=EPSG%3A4326&amp;BBOX=40,-70,50,-60&amp;WIDTH=200&amp;HEIGHT=200&amp;LAYERS=TN.RoadTransportNetwork.RoadLink&amp;STYLES=&amp;FORMAT=image%2Fpng" &gt; [RESULT_DEMIME]\n'
extra_args = &lt;_pytest.config.Config object at 0x10a4dfa10&gt;

    @pytest.mark.parametrize(
        "map,out_file,command",
        mstestlib.get_pytests(os.path.dirname(os.path.abspath(__file__))),
    )
    def test(map, out_file, command, extra_args):
&gt;       mstestlib.run_pytest(map, out_file, command, extra_args)

run_test.py:46: 
_ _ _ _ _ _ _ _ _ _ _ _ _ _ _ _ _ _ _ _ _ _ _ _ _ _ _ _ _ _ _ _ _ _ _ _ _

map = '/Users/gfabbian/projects/MapServer/msautotest/wxs/wms_inspire_scenario2.map'
out_file = 'wms_inspire_scenario2_map130_roadlink.png'
command = '[MAPSERV] QUERY_STRING="map=[MAPFILE]&amp;SERVICE=WMS&amp;VERSION=1.3.0&amp;REQUEST=GetMap&amp;CRS=EPSG%3A4326&amp;BBOX=40,-70,50,-60&amp;WIDTH=200&amp;HEIGHT=200&amp;LAYERS=TN.RoadTransportNetwork.RoadLink&amp;STYLES=&amp;FORMAT=image%2Fpng" &gt; [RESULT_DEMIME]\n'
extra_args = &lt;_pytest.config.Config object at 0x10a4dfa10&gt;

    def run_pytest(map, out_file, command, extra_args):
    
        os.chdir(os.path.dirname(map))
    
        ret, msg = _run(map, out_file, command, extra_args)
&gt;       assert ret, msg
               ^^^
E       AssertionError: ("results don't match", '/Users/gfabbian/projects/MapServer/msautotest/wxs/wms_inspire_scenario2.map', 'wms_inspire_scenario2_map130_roadlink.png')

../pymod/mstestlib.py:882: AssertionError</failure></testcase><testcase classname="wxs.run_test" name="test[wms_inspire_scenario2_wms_inspire_scenario2_map130_transportlink_png]" time="0.606"><failure message="AssertionError: (&quot;results don't match&quot;, '/Users/gfabbian/projects/MapServer/msautotest/wxs/wms_inspire_scenario2.map', 'wms_inspire_scenario2_map130_transportlink.png')">map = '/Users/gfabbian/projects/MapServer/msautotest/wxs/wms_inspire_scenario2.map'
out_file = 'wms_inspire_scenario2_map130_transportlink.png'
command = '[MAPSERV] QUERY_STRING="map=[MAPFILE]&amp;SERVICE=WMS&amp;VERSION=1.3.0&amp;REQUEST=GetMap&amp;CRS=EPSG%3A4326&amp;BBOX=40,-70,50,-60&amp;WIDTH=200&amp;HEIGHT=200&amp;LAYERS=TN.CommonTransportElements.TransportLink&amp;STYLES=&amp;FORMAT=image%2Fpng" &gt; [RESULT_DEMIME]\n'
extra_args = &lt;_pytest.config.Config object at 0x10a4dfa10&gt;

    @pytest.mark.parametrize(
        "map,out_file,command",
        mstestlib.get_pytests(os.path.dirname(os.path.abspath(__file__))),
    )
    def test(map, out_file, command, extra_args):
&gt;       mstestlib.run_pytest(map, out_file, command, extra_args)

run_test.py:46: 
_ _ _ _ _ _ _ _ _ _ _ _ _ _ _ _ _ _ _ _ _ _ _ _ _ _ _ _ _ _ _ _ _ _ _ _ _

map = '/Users/gfabbian/projects/MapServer/msautotest/wxs/wms_inspire_scenario2.map'
out_file = 'wms_inspire_scenario2_map130_transportlink.png'
command = '[MAPSERV] QUERY_STRING="map=[MAPFILE]&amp;SERVICE=WMS&amp;VERSION=1.3.0&amp;REQUEST=GetMap&amp;CRS=EPSG%3A4326&amp;BBOX=40,-70,50,-60&amp;WIDTH=200&amp;HEIGHT=200&amp;LAYERS=TN.CommonTransportElements.TransportLink&amp;STYLES=&amp;FORMAT=image%2Fpng" &gt; [RESULT_DEMIME]\n'
extra_args = &lt;_pytest.config.Config object at 0x10a4dfa10&gt;

    def run_pytest(map, out_file, command, extra_args):
    
        os.chdir(os.path.dirname(map))
    
        ret, msg = _run(map, out_file, command, extra_args)
&gt;       assert ret, msg
               ^^^
E       AssertionError: ("results don't match", '/Users/gfabbian/projects/MapServer/msautotest/wxs/wms_inspire_scenario2.map', 'wms_inspire_scenario2_map130_transportlink.png')

../pymod/mstestlib.py:882: AssertionError</failure></testcase><testcase classname="wxs.run_test" name="test[wms_inspire_scenario2_wms_inspire_scenario2_map130_airlink_png]" time="0.553"><failure message="AssertionError: (&quot;results don't match&quot;, '/Users/gfabbian/projects/MapServer/msautotest/wxs/wms_inspire_scenario2.map', 'wms_inspire_scenario2_map130_airlink.png')">map = '/Users/gfabbian/projects/MapServer/msautotest/wxs/wms_inspire_scenario2.map'
out_file = 'wms_inspire_scenario2_map130_airlink.png'
command = '[MAPSERV] QUERY_STRING="map=[MAPFILE]&amp;SERVICE=WMS&amp;VERSION=1.3.0&amp;REQUEST=GetMap&amp;CRS=EPSG%3A4326&amp;BBOX=40,-70,50,-60&amp;WIDTH=200&amp;HEIGHT=200&amp;LAYERS=TN.AirTransportNetwork.AirLink&amp;STYLES=&amp;FORMAT=image%2Fpng" &gt; [RESULT_DEMIME]\n'
extra_args = &lt;_pytest.config.Config object at 0x10a4dfa10&gt;

    @pytest.mark.parametrize(
        "map,out_file,command",
        mstestlib.get_pytests(os.path.dirname(os.path.abspath(__file__))),
    )
    def test(map, out_file, command, extra_args):
&gt;       mstestlib.run_pytest(map, out_file, command, extra_args)

run_test.py:46: 
_ _ _ _ _ _ _ _ _ _ _ _ _ _ _ _ _ _ _ _ _ _ _ _ _ _ _ _ _ _ _ _ _ _ _ _ _

map = '/Users/gfabbian/projects/MapServer/msautotest/wxs/wms_inspire_scenario2.map'
out_file = 'wms_inspire_scenario2_map130_airlink.png'
command = '[MAPSERV] QUERY_STRING="map=[MAPFILE]&amp;SERVICE=WMS&amp;VERSION=1.3.0&amp;REQUEST=GetMap&amp;CRS=EPSG%3A4326&amp;BBOX=40,-70,50,-60&amp;WIDTH=200&amp;HEIGHT=200&amp;LAYERS=TN.AirTransportNetwork.AirLink&amp;STYLES=&amp;FORMAT=image%2Fpng" &gt; [RESULT_DEMIME]\n'
extra_args = &lt;_pytest.config.Config object at 0x10a4dfa10&gt;

    def run_pytest(map, out_file, command, extra_args):
    
        os.chdir(os.path.dirname(map))
    
        ret, msg = _run(map, out_file, command, extra_args)
&gt;       assert ret, msg
               ^^^
E       AssertionError: ("results don't match", '/Users/gfabbian/projects/MapServer/msautotest/wxs/wms_inspire_scenario2.map', 'wms_inspire_scenario2_map130_airlink.png')

../pymod/mstestlib.py:882: AssertionError</failure></testcase><testcase classname="wxs.run_test" name="test[wms_inspire_scenario2_wms_inspire_scenario2_legendgraphic_roadarea_png]" time="0.496" /><testcase classname="wxs.run_test" name="test[wms_inspire_scenario2_wms_inspire_scenario2_legendgraphic_roadlink_png]" time="0.477" /><testcase classname="wxs.run_test" name="test[wms_inspire_scenario2_wms_inspire_scenario2_legendgraphic_transportlink_png]" time="0.412" /><testcase classname="wxs.run_test" name="test[wms_inspire_scenario2_wms_inspire_scenario2_legendgraphic_airlink_png]" time="0.428" /><testcase classname="wxs.run_test" name="test[ows_disable_ows_wms11_disabled_xml]" time="0.394" /><testcase classname="wxs.run_test" name="test[ows_disable_ows_wms13_disabled_xml]" time="0.384" /><testcase classname="wxs.run_test" name="test[ows_disable_ows_wcs11_disabled_xml]" time="0.398" /><testcase classname="wxs.run_test" name="test[ows_disable_ows_wcs20_disabled_xml]" time="0.498" /><testcase classname="wxs.run_test" name="test[ows_disable_ows_wfs10_disabled_xml]" time="0.477" /><testcase classname="wxs.run_test" name="test[ows_disable_ows_wfs11_disabled_xml]" time="0.418" /><testcase classname="wxs.run_test" name="test[ows_disable_ows_sos_disabled_xml]" time="0.409" /><testcase classname="wxs.run_test" name="test[wms_mvt_wms_mvt_xprotobuf_mvt]" time="0.522"><failure message="AssertionError: (&quot;results don't match&quot;, '/Users/gfabbian/projects/MapServer/msautotest/wxs/wms_mvt.map', 'wms_mvt_xprotobuf.mvt')">map = '/Users/gfabbian/projects/MapServer/msautotest/wxs/wms_mvt.map'
out_file = 'wms_mvt_xprotobuf.mvt'
command = '[MAPSERV] QUERY_STRING="map=[MAPFILE]&amp;SERVICE=WMS&amp;VERSION=1.1.0&amp;REQUEST=GetMap&amp;SRS=EPSG:3857&amp;BBOX=-7514065.628545966,...21638,6261721.357121639&amp;WIDTH=256&amp;HEIGHT=256&amp;STYLES=&amp;LAYERS=road&amp;FORMAT=application/x-protobuf" &gt; [RESULT_DEVERSION]\n'
extra_args = &lt;_pytest.config.Config object at 0x10a4dfa10&gt;

    @pytest.mark.parametrize(
        "map,out_file,command",
        mstestlib.get_pytests(os.path.dirname(os.path.abspath(__file__))),
    )
    def test(map, out_file, command, extra_args):
&gt;       mstestlib.run_pytest(map, out_file, command, extra_args)

run_test.py:46: 
_ _ _ _ _ _ _ _ _ _ _ _ _ _ _ _ _ _ _ _ _ _ _ _ _ _ _ _ _ _ _ _ _ _ _ _ _

map = '/Users/gfabbian/projects/MapServer/msautotest/wxs/wms_mvt.map'
out_file = 'wms_mvt_xprotobuf.mvt'
command = '[MAPSERV] QUERY_STRING="map=[MAPFILE]&amp;SERVICE=WMS&amp;VERSION=1.1.0&amp;REQUEST=GetMap&amp;SRS=EPSG:3857&amp;BBOX=-7514065.628545966,...21638,6261721.357121639&amp;WIDTH=256&amp;HEIGHT=256&amp;STYLES=&amp;LAYERS=road&amp;FORMAT=application/x-protobuf" &gt; [RESULT_DEVERSION]\n'
extra_args = &lt;_pytest.config.Config object at 0x10a4dfa10&gt;

    def run_pytest(map, out_file, command, extra_args):
    
        os.chdir(os.path.dirname(map))
    
        ret, msg = _run(map, out_file, command, extra_args)
&gt;       assert ret, msg
               ^^^
E       AssertionError: ("results don't match", '/Users/gfabbian/projects/MapServer/msautotest/wxs/wms_mvt.map', 'wms_mvt_xprotobuf.mvt')

../pymod/mstestlib.py:882: AssertionError</failure></testcase><testcase classname="wxs.run_test" name="test[wms_mvt_wms_mvt_mvt]" time="0.480"><failure message="AssertionError: (&quot;results don't match&quot;, '/Users/gfabbian/projects/MapServer/msautotest/wxs/wms_mvt.map', 'wms_mvt.mvt')">map = '/Users/gfabbian/projects/MapServer/msautotest/wxs/wms_mvt.map'
out_file = 'wms_mvt.mvt'
command = '[MAPSERV] QUERY_STRING="map=[MAPFILE]&amp;SERVICE=WMS&amp;VERSION=1.1.0&amp;REQUEST=GetMap&amp;SRS=EPSG:3857&amp;BBOX=-7514065.628545966,...1.357121639&amp;WIDTH=256&amp;HEIGHT=256&amp;STYLES=&amp;LAYERS=road&amp;FORMAT=application/vnd.mapbox-vector-tile" &gt; [RESULT_DEVERSION]\n'
extra_args = &lt;_pytest.config.Config object at 0x10a4dfa10&gt;

    @pytest.mark.parametrize(
        "map,out_file,command",
        mstestlib.get_pytests(os.path.dirname(os.path.abspath(__file__))),
    )
    def test(map, out_file, command, extra_args):
&gt;       mstestlib.run_pytest(map, out_file, command, extra_args)

run_test.py:46: 
_ _ _ _ _ _ _ _ _ _ _ _ _ _ _ _ _ _ _ _ _ _ _ _ _ _ _ _ _ _ _ _ _ _ _ _ _

map = '/Users/gfabbian/projects/MapServer/msautotest/wxs/wms_mvt.map'
out_file = 'wms_mvt.mvt'
command = '[MAPSERV] QUERY_STRING="map=[MAPFILE]&amp;SERVICE=WMS&amp;VERSION=1.1.0&amp;REQUEST=GetMap&amp;SRS=EPSG:3857&amp;BBOX=-7514065.628545966,...1.357121639&amp;WIDTH=256&amp;HEIGHT=256&amp;STYLES=&amp;LAYERS=road&amp;FORMAT=application/vnd.mapbox-vector-tile" &gt; [RESULT_DEVERSION]\n'
extra_args = &lt;_pytest.config.Config object at 0x10a4dfa10&gt;

    def run_pytest(map, out_file, command, extra_args):
    
        os.chdir(os.path.dirname(map))
    
        ret, msg = _run(map, out_file, command, extra_args)
&gt;       assert ret, msg
               ^^^
E       AssertionError: ("results don't match", '/Users/gfabbian/projects/MapServer/msautotest/wxs/wms_mvt.map', 'wms_mvt.mvt')

../pymod/mstestlib.py:882: AssertionError</failure></testcase><testcase classname="wxs.run_test" name="test[wms_mvt_wms_mvt_filtered_mvt]" time="0.501"><failure message="AssertionError: (&quot;results don't match&quot;, '/Users/gfabbian/projects/MapServer/msautotest/wxs/wms_mvt.map', 'wms_mvt_filtered.mvt')">map = '/Users/gfabbian/projects/MapServer/msautotest/wxs/wms_mvt.map'
out_file = 'wms_mvt_filtered.mvt'
command = '[MAPSERV] QUERY_STRING="map=[MAPFILE]&amp;SERVICE=WMS&amp;VERSION=1.1.0&amp;REQUEST=GetMap&amp;SRS=EPSG:3857&amp;BBOX=-7514065.628545966,...e&gt;&lt;Literal&gt;67&lt;/Literal&gt;&lt;/PropertyIsEqualTo&gt;&lt;/Filter&gt;&amp;FORMAT=application/vnd.mapbox-vector-tile" &gt; [RESULT_DEVERSION]\n'
extra_args = &lt;_pytest.config.Config object at 0x10a4dfa10&gt;

    @pytest.mark.parametrize(
        "map,out_file,command",
        mstestlib.get_pytests(os.path.dirname(os.path.abspath(__file__))),
    )
    def test(map, out_file, command, extra_args):
&gt;       mstestlib.run_pytest(map, out_file, command, extra_args)

run_test.py:46: 
_ _ _ _ _ _ _ _ _ _ _ _ _ _ _ _ _ _ _ _ _ _ _ _ _ _ _ _ _ _ _ _ _ _ _ _ _

map = '/Users/gfabbian/projects/MapServer/msautotest/wxs/wms_mvt.map'
out_file = 'wms_mvt_filtered.mvt'
command = '[MAPSERV] QUERY_STRING="map=[MAPFILE]&amp;SERVICE=WMS&amp;VERSION=1.1.0&amp;REQUEST=GetMap&amp;SRS=EPSG:3857&amp;BBOX=-7514065.628545966,...e&gt;&lt;Literal&gt;67&lt;/Literal&gt;&lt;/PropertyIsEqualTo&gt;&lt;/Filter&gt;&amp;FORMAT=application/vnd.mapbox-vector-tile" &gt; [RESULT_DEVERSION]\n'
extra_args = &lt;_pytest.config.Config object at 0x10a4dfa10&gt;

    def run_pytest(map, out_file, command, extra_args):
    
        os.chdir(os.path.dirname(map))
    
        ret, msg = _run(map, out_file, command, extra_args)
&gt;       assert ret, msg
               ^^^
E       AssertionError: ("results don't match", '/Users/gfabbian/projects/MapServer/msautotest/wxs/wms_mvt.map', 'wms_mvt_filtered.mvt')

../pymod/mstestlib.py:882: AssertionError</failure></testcase><testcase classname="wxs.run_test" name="test[wms_mvt_wms_mvt_group_mvt]" time="0.634"><failure message="AssertionError: (&quot;results don't match&quot;, '/Users/gfabbian/projects/MapServer/msautotest/wxs/wms_mvt.map', 'wms_mvt_group.mvt')">map = '/Users/gfabbian/projects/MapServer/msautotest/wxs/wms_mvt.map'
out_file = 'wms_mvt_group.mvt'
command = '[MAPSERV] QUERY_STRING="map=[MAPFILE]&amp;SERVICE=WMS&amp;VERSION=1.1.0&amp;REQUEST=GetMap&amp;SRS=EPSG:3857&amp;BBOX=-7514065.628545966,...121639&amp;WIDTH=256&amp;HEIGHT=256&amp;STYLES=main&amp;LAYERS=road2&amp;FORMAT=application/vnd.mapbox-vector-tile" &gt; [RESULT_DEVERSION]\n'
extra_args = &lt;_pytest.config.Config object at 0x10a4dfa10&gt;

    @pytest.mark.parametrize(
        "map,out_file,command",
        mstestlib.get_pytests(os.path.dirname(os.path.abspath(__file__))),
    )
    def test(map, out_file, command, extra_args):
&gt;       mstestlib.run_pytest(map, out_file, command, extra_args)

run_test.py:46: 
_ _ _ _ _ _ _ _ _ _ _ _ _ _ _ _ _ _ _ _ _ _ _ _ _ _ _ _ _ _ _ _ _ _ _ _ _

map = '/Users/gfabbian/projects/MapServer/msautotest/wxs/wms_mvt.map'
out_file = 'wms_mvt_group.mvt'
command = '[MAPSERV] QUERY_STRING="map=[MAPFILE]&amp;SERVICE=WMS&amp;VERSION=1.1.0&amp;REQUEST=GetMap&amp;SRS=EPSG:3857&amp;BBOX=-7514065.628545966,...121639&amp;WIDTH=256&amp;HEIGHT=256&amp;STYLES=main&amp;LAYERS=road2&amp;FORMAT=application/vnd.mapbox-vector-tile" &gt; [RESULT_DEVERSION]\n'
extra_args = &lt;_pytest.config.Config object at 0x10a4dfa10&gt;

    def run_pytest(map, out_file, command, extra_args):
    
        os.chdir(os.path.dirname(map))
    
        ret, msg = _run(map, out_file, command, extra_args)
&gt;       assert ret, msg
               ^^^
E       AssertionError: ("results don't match", '/Users/gfabbian/projects/MapServer/msautotest/wxs/wms_mvt.map', 'wms_mvt_group.mvt')

../pymod/mstestlib.py:882: AssertionError</failure></testcase><testcase classname="wxs.run_test" name="test[wms_mvt_wms_mvt_defaultgroup_mvt]" time="0.503"><failure message="AssertionError: (&quot;results don't match&quot;, '/Users/gfabbian/projects/MapServer/msautotest/wxs/wms_mvt.map', 'wms_mvt_defaultgroup.mvt')">map = '/Users/gfabbian/projects/MapServer/msautotest/wxs/wms_mvt.map'
out_file = 'wms_mvt_defaultgroup.mvt'
command = '[MAPSERV] QUERY_STRING="map=[MAPFILE]&amp;SERVICE=WMS&amp;VERSION=1.1.0&amp;REQUEST=GetMap&amp;SRS=EPSG:3857&amp;BBOX=-7514065.628545966,....357121639&amp;WIDTH=256&amp;HEIGHT=256&amp;STYLES=&amp;LAYERS=road2&amp;FORMAT=application/vnd.mapbox-vector-tile" &gt; [RESULT_DEVERSION]\n'
extra_args = &lt;_pytest.config.Config object at 0x10a4dfa10&gt;

    @pytest.mark.parametrize(
        "map,out_file,command",
        mstestlib.get_pytests(os.path.dirname(os.path.abspath(__file__))),
    )
    def test(map, out_file, command, extra_args):
&gt;       mstestlib.run_pytest(map, out_file, command, extra_args)

run_test.py:46: 
_ _ _ _ _ _ _ _ _ _ _ _ _ _ _ _ _ _ _ _ _ _ _ _ _ _ _ _ _ _ _ _ _ _ _ _ _

map = '/Users/gfabbian/projects/MapServer/msautotest/wxs/wms_mvt.map'
out_file = 'wms_mvt_defaultgroup.mvt'
command = '[MAPSERV] QUERY_STRING="map=[MAPFILE]&amp;SERVICE=WMS&amp;VERSION=1.1.0&amp;REQUEST=GetMap&amp;SRS=EPSG:3857&amp;BBOX=-7514065.628545966,....357121639&amp;WIDTH=256&amp;HEIGHT=256&amp;STYLES=&amp;LAYERS=road2&amp;FORMAT=application/vnd.mapbox-vector-tile" &gt; [RESULT_DEVERSION]\n'
extra_args = &lt;_pytest.config.Config object at 0x10a4dfa10&gt;

    def run_pytest(map, out_file, command, extra_args):
    
        os.chdir(os.path.dirname(map))
    
        ret, msg = _run(map, out_file, command, extra_args)
&gt;       assert ret, msg
               ^^^
E       AssertionError: ("results don't match", '/Users/gfabbian/projects/MapServer/msautotest/wxs/wms_mvt.map', 'wms_mvt_defaultgroup.mvt')

../pymod/mstestlib.py:882: AssertionError</failure></testcase><testcase classname="wxs.run_test" name="test[ows_all_ows_all_wms_capabilities_xml]" time="0.505"><failure message="AssertionError: (&quot;results don't match&quot;, '/Users/gfabbian/projects/MapServer/msautotest/wxs/ows_all.map', 'ows_all_wms_capabilities.xml')">map = '/Users/gfabbian/projects/MapServer/msautotest/wxs/ows_all.map'
out_file = 'ows_all_wms_capabilities.xml'
command = '[MAPSERV] QUERY_STRING="map=[MAPFILE]&amp;SERVICE=WMS&amp;REQUEST=GetCapabilities" &gt; [RESULT_DEVERSION]\n'
extra_args = &lt;_pytest.config.Config object at 0x10a4dfa10&gt;

    @pytest.mark.parametrize(
        "map,out_file,command",
        mstestlib.get_pytests(os.path.dirname(os.path.abspath(__file__))),
    )
    def test(map, out_file, command, extra_args):
&gt;       mstestlib.run_pytest(map, out_file, command, extra_args)

run_test.py:46: 
_ _ _ _ _ _ _ _ _ _ _ _ _ _ _ _ _ _ _ _ _ _ _ _ _ _ _ _ _ _ _ _ _ _ _ _ _

map = '/Users/gfabbian/projects/MapServer/msautotest/wxs/ows_all.map'
out_file = 'ows_all_wms_capabilities.xml'
command = '[MAPSERV] QUERY_STRING="map=[MAPFILE]&amp;SERVICE=WMS&amp;REQUEST=GetCapabilities" &gt; [RESULT_DEVERSION]\n'
extra_args = &lt;_pytest.config.Config object at 0x10a4dfa10&gt;

    def run_pytest(map, out_file, command, extra_args):
    
        os.chdir(os.path.dirname(map))
    
        ret, msg = _run(map, out_file, command, extra_args)
&gt;       assert ret, msg
               ^^^
E       AssertionError: ("results don't match", '/Users/gfabbian/projects/MapServer/msautotest/wxs/ows_all.map', 'ows_all_wms_capabilities.xml')

../pymod/mstestlib.py:882: AssertionError</failure></testcase><testcase classname="wxs.run_test" name="test[ows_all_ows_all_wms_capabilities_post_xml]" time="0.534"><failure message="AssertionError: (&quot;results don't match&quot;, '/Users/gfabbian/projects/MapServer/msautotest/wxs/ows_all.map', 'ows_all_wms_capabilities_post.xml')">map = '/Users/gfabbian/projects/MapServer/msautotest/wxs/ows_all.map'
out_file = 'ows_all_wms_capabilities_post.xml'
command = '[MAPSERV] [POST]map=[MAPFILE]&amp;SERVICE=WMS&amp;REQUEST=GetCapabilities[/POST] &gt; [RESULT_DEVERSION]\n'
extra_args = &lt;_pytest.config.Config object at 0x10a4dfa10&gt;

    @pytest.mark.parametrize(
        "map,out_file,command",
        mstestlib.get_pytests(os.path.dirname(os.path.abspath(__file__))),
    )
    def test(map, out_file, command, extra_args):
&gt;       mstestlib.run_pytest(map, out_file, command, extra_args)

run_test.py:46: 
_ _ _ _ _ _ _ _ _ _ _ _ _ _ _ _ _ _ _ _ _ _ _ _ _ _ _ _ _ _ _ _ _ _ _ _ _

map = '/Users/gfabbian/projects/MapServer/msautotest/wxs/ows_all.map'
out_file = 'ows_all_wms_capabilities_post.xml'
command = '[MAPSERV] [POST]map=[MAPFILE]&amp;SERVICE=WMS&amp;REQUEST=GetCapabilities[/POST] &gt; [RESULT_DEVERSION]\n'
extra_args = &lt;_pytest.config.Config object at 0x10a4dfa10&gt;

    def run_pytest(map, out_file, command, extra_args):
    
        os.chdir(os.path.dirname(map))
    
        ret, msg = _run(map, out_file, command, extra_args)
&gt;       assert ret, msg
               ^^^
E       AssertionError: ("results don't match", '/Users/gfabbian/projects/MapServer/msautotest/wxs/ows_all.map', 'ows_all_wms_capabilities_post.xml')

../pymod/mstestlib.py:882: AssertionError</failure></testcase><testcase classname="wxs.run_test" name="test[ows_all_ows_all_wms_getfeatureinfo_xml]" time="0.456"><failure message="AssertionError: (&quot;results don't match&quot;, '/Users/gfabbian/projects/MapServer/msautotest/wxs/ows_all.map', 'ows_all_wms_getfeatureinfo.xml')">map = '/Users/gfabbian/projects/MapServer/msautotest/wxs/ows_all.map'
out_file = 'ows_all_wms_getfeatureinfo.xml'
command = '[MAPSERV] QUERY_STRING="map=[MAPFILE]&amp;SERVICE=WMS&amp;VERSION=1.3.0&amp;REQUEST=GetFeatureInfo&amp;CRS=EPSG%3A4326&amp;BBOX=35.187499...RENT=FALSE&amp;QUERY_LAYERS=road&amp;INFO_FORMAT=application%2Fvnd.ogc.gml&amp;I=483&amp;J=291&amp;FEATURE_COUNT=5" &gt; [RESULT_DEVERSION]\n'
extra_args = &lt;_pytest.config.Config object at 0x10a4dfa10&gt;

    @pytest.mark.parametrize(
        "map,out_file,command",
        mstestlib.get_pytests(os.path.dirname(os.path.abspath(__file__))),
    )
    def test(map, out_file, command, extra_args):
&gt;       mstestlib.run_pytest(map, out_file, command, extra_args)

run_test.py:46: 
_ _ _ _ _ _ _ _ _ _ _ _ _ _ _ _ _ _ _ _ _ _ _ _ _ _ _ _ _ _ _ _ _ _ _ _ _

map = '/Users/gfabbian/projects/MapServer/msautotest/wxs/ows_all.map'
out_file = 'ows_all_wms_getfeatureinfo.xml'
command = '[MAPSERV] QUERY_STRING="map=[MAPFILE]&amp;SERVICE=WMS&amp;VERSION=1.3.0&amp;REQUEST=GetFeatureInfo&amp;CRS=EPSG%3A4326&amp;BBOX=35.187499...RENT=FALSE&amp;QUERY_LAYERS=road&amp;INFO_FORMAT=application%2Fvnd.ogc.gml&amp;I=483&amp;J=291&amp;FEATURE_COUNT=5" &gt; [RESULT_DEVERSION]\n'
extra_args = &lt;_pytest.config.Config object at 0x10a4dfa10&gt;

    def run_pytest(map, out_file, command, extra_args):
    
        os.chdir(os.path.dirname(map))
    
        ret, msg = _run(map, out_file, command, extra_args)
&gt;       assert ret, msg
               ^^^
E       AssertionError: ("results don't match", '/Users/gfabbian/projects/MapServer/msautotest/wxs/ows_all.map', 'ows_all_wms_getfeatureinfo.xml')

../pymod/mstestlib.py:882: AssertionError</failure></testcase><testcase classname="wxs.run_test" name="test[ows_all_ows_all_wfs_capabilities_xml]" time="0.403" /><testcase classname="wxs.run_test" name="test[ows_all_ows_all_wfs_getfeature_xml]" time="0.407" /><testcase classname="wxs.run_test" name="test[contour_tileindex_wms_contour_inline_ti_png]" time="0.450" /><testcase classname="wxs.run_test" name="test[contour_tileindex_wms_contour_layer_ti_png]" time="0.457" /><testcase classname="wxs.run_test" name="test[contour_tileindex_wms_contour_inline_ti_getfeatureinfo_xml]" time="0.625"><failure message="AssertionError: (&quot;results don't match&quot;, '/Users/gfabbian/projects/MapServer/msautotest/wxs/contour_tileindex.map', 'wms_contour_inline_ti_getfeatureinfo.xml')">map = '/Users/gfabbian/projects/MapServer/msautotest/wxs/contour_tileindex.map'
out_file = 'wms_contour_inline_ti_getfeatureinfo.xml'
command = '[MAPSERV] QUERY_STRING="map=[MAPFILE]&amp;SERVICE=WMS&amp;VERSION=1.1.0&amp;REQUEST=GetFeatureInfo&amp;SRS=EPSG%3A4326&amp;BBOX=3.697829,...=&amp;FORMAT=image%2Fpng&amp;QUERY_LAYERS=contour_inline_ti&amp;I=2&amp;J=120&amp;INFO_FORMAT=application/vnd.ogc.gml" &gt; [RESULT_DEMIME]\n'
extra_args = &lt;_pytest.config.Config object at 0x10a4dfa10&gt;

    @pytest.mark.parametrize(
        "map,out_file,command",
        mstestlib.get_pytests(os.path.dirname(os.path.abspath(__file__))),
    )
    def test(map, out_file, command, extra_args):
&gt;       mstestlib.run_pytest(map, out_file, command, extra_args)

run_test.py:46: 
_ _ _ _ _ _ _ _ _ _ _ _ _ _ _ _ _ _ _ _ _ _ _ _ _ _ _ _ _ _ _ _ _ _ _ _ _

map = '/Users/gfabbian/projects/MapServer/msautotest/wxs/contour_tileindex.map'
out_file = 'wms_contour_inline_ti_getfeatureinfo.xml'
command = '[MAPSERV] QUERY_STRING="map=[MAPFILE]&amp;SERVICE=WMS&amp;VERSION=1.1.0&amp;REQUEST=GetFeatureInfo&amp;SRS=EPSG%3A4326&amp;BBOX=3.697829,...=&amp;FORMAT=image%2Fpng&amp;QUERY_LAYERS=contour_inline_ti&amp;I=2&amp;J=120&amp;INFO_FORMAT=application/vnd.ogc.gml" &gt; [RESULT_DEMIME]\n'
extra_args = &lt;_pytest.config.Config object at 0x10a4dfa10&gt;

    def run_pytest(map, out_file, command, extra_args):
    
        os.chdir(os.path.dirname(map))
    
        ret, msg = _run(map, out_file, command, extra_args)
&gt;       assert ret, msg
               ^^^
E       AssertionError: ("results don't match", '/Users/gfabbian/projects/MapServer/msautotest/wxs/contour_tileindex.map', 'wms_contour_inline_ti_getfeatureinfo.xml')

../pymod/mstestlib.py:882: AssertionError</failure></testcase><testcase classname="wxs.run_test" name="test[contour_tileindex_wms_contour_inline_ti_getfeatureinfo_empty_result_xml]" time="0.517"><failure message="AssertionError: (&quot;results don't match&quot;, '/Users/gfabbian/projects/MapServer/msautotest/wxs/contour_tileindex.map', 'wms_contour_inline_ti_getfeatureinfo_empty_result.xml')">map = '/Users/gfabbian/projects/MapServer/msautotest/wxs/contour_tileindex.map'
out_file = 'wms_contour_inline_ti_getfeatureinfo_empty_result.xml'
command = '[MAPSERV] QUERY_STRING="map=[MAPFILE]&amp;SERVICE=WMS&amp;VERSION=1.1.0&amp;REQUEST=GetFeatureInfo&amp;SRS=EPSG%3A4326&amp;BBOX=3.697829,...&amp;FORMAT=image%2Fpng&amp;QUERY_LAYERS=contour_inline_ti&amp;I=20&amp;J=120&amp;INFO_FORMAT=application/vnd.ogc.gml" &gt; [RESULT_DEMIME]\n'
extra_args = &lt;_pytest.config.Config object at 0x10a4dfa10&gt;

    @pytest.mark.parametrize(
        "map,out_file,command",
        mstestlib.get_pytests(os.path.dirname(os.path.abspath(__file__))),
    )
    def test(map, out_file, command, extra_args):
&gt;       mstestlib.run_pytest(map, out_file, command, extra_args)

run_test.py:46: 
_ _ _ _ _ _ _ _ _ _ _ _ _ _ _ _ _ _ _ _ _ _ _ _ _ _ _ _ _ _ _ _ _ _ _ _ _

map = '/Users/gfabbian/projects/MapServer/msautotest/wxs/contour_tileindex.map'
out_file = 'wms_contour_inline_ti_getfeatureinfo_empty_result.xml'
command = '[MAPSERV] QUERY_STRING="map=[MAPFILE]&amp;SERVICE=WMS&amp;VERSION=1.1.0&amp;REQUEST=GetFeatureInfo&amp;SRS=EPSG%3A4326&amp;BBOX=3.697829,...&amp;FORMAT=image%2Fpng&amp;QUERY_LAYERS=contour_inline_ti&amp;I=20&amp;J=120&amp;INFO_FORMAT=application/vnd.ogc.gml" &gt; [RESULT_DEMIME]\n'
extra_args = &lt;_pytest.config.Config object at 0x10a4dfa10&gt;

    def run_pytest(map, out_file, command, extra_args):
    
        os.chdir(os.path.dirname(map))
    
        ret, msg = _run(map, out_file, command, extra_args)
&gt;       assert ret, msg
               ^^^
E       AssertionError: ("results don't match", '/Users/gfabbian/projects/MapServer/msautotest/wxs/contour_tileindex.map', 'wms_contour_inline_ti_getfeatureinfo_empty_result.xml')

../pymod/mstestlib.py:882: AssertionError</failure></testcase><testcase classname="wxs.run_test" name="test[wfs_200_low_wfsmaxfeatures_wfs_200_low_wfsmaxfeatures_hits_xml]" time="0.580" /><testcase classname="wxs.run_test" name="test[wfs_200_inspire_wfs_200_insipire_caps_xml]" time="0.474" /><testcase classname="wxs.run_test" name="test[wfs_200_inspire_wfs_200_insipire_caps_fre_xml]" time="0.438" /><testcase classname="wxs.run_test" name="test[wfs_200_inspire_wfs_200_insipire_caps_eng_xml]" time="0.461" /><testcase classname="wxs.run_test" name="test[wfs_200_inspire_wfs_200_insipire_caps_unk_xml]" time="0.442" /><testcase classname="wxs.run_test" name="test[wcs_tileindexlayer_wcs_get_capabilities_indexlayers_xml]" time="0.431" /><testcase classname="wxs.run_test" name="test[wcs_tileindexlayer_wcs_describe_coverage_indexlayers_a_xml]" time="0.555" /><testcase classname="wxs.run_test" name="test[wcs_tileindexlayer_wcs_get_coverage_indexlayers_a_tif]" time="0.547" /><testcase classname="wxs.run_test" name="test[wcs_tileindexlayer_wcs_get_coverage_indexlayers_a_20200101_tif]" time="0.456" /><testcase classname="wxs.run_test" name="test[wms_north_polar_stereo_extent_wms_north_polar_stereo_extent_xml]" time="0.428"><failure message="AssertionError: (&quot;results don't match&quot;, '/Users/gfabbian/projects/MapServer/msautotest/wxs/wms_north_polar_stereo_extent.map', 'wms_north_polar_stereo_extent.xml')">map = '/Users/gfabbian/projects/MapServer/msautotest/wxs/wms_north_polar_stereo_extent.map'
out_file = 'wms_north_polar_stereo_extent.xml'
command = '[MAPSERV] QUERY_STRING="map=[MAPFILE]&amp;SERVICE=WMS&amp;VERSION=1.3.0&amp;REQUEST=GetCapabilities" &gt; [RESULT_DEVERSION]\n'
extra_args = &lt;_pytest.config.Config object at 0x10a4dfa10&gt;

    @pytest.mark.parametrize(
        "map,out_file,command",
        mstestlib.get_pytests(os.path.dirname(os.path.abspath(__file__))),
    )
    def test(map, out_file, command, extra_args):
&gt;       mstestlib.run_pytest(map, out_file, command, extra_args)

run_test.py:46: 
_ _ _ _ _ _ _ _ _ _ _ _ _ _ _ _ _ _ _ _ _ _ _ _ _ _ _ _ _ _ _ _ _ _ _ _ _

map = '/Users/gfabbian/projects/MapServer/msautotest/wxs/wms_north_polar_stereo_extent.map'
out_file = 'wms_north_polar_stereo_extent.xml'
command = '[MAPSERV] QUERY_STRING="map=[MAPFILE]&amp;SERVICE=WMS&amp;VERSION=1.3.0&amp;REQUEST=GetCapabilities" &gt; [RESULT_DEVERSION]\n'
extra_args = &lt;_pytest.config.Config object at 0x10a4dfa10&gt;

    def run_pytest(map, out_file, command, extra_args):
    
        os.chdir(os.path.dirname(map))
    
        ret, msg = _run(map, out_file, command, extra_args)
&gt;       assert ret, msg
               ^^^
E       AssertionError: ("results don't match", '/Users/gfabbian/projects/MapServer/msautotest/wxs/wms_north_polar_stereo_extent.map', 'wms_north_polar_stereo_extent.xml')

../pymod/mstestlib.py:882: AssertionError</failure></testcase><testcase classname="wxs.run_test" name="test[wms_inspire_scenario1_wms_inspire_scenario1_cap130_xml]" time="0.566"><failure message="AssertionError: (&quot;results don't match&quot;, '/Users/gfabbian/projects/MapServer/msautotest/wxs/wms_inspire_scenario1.map', 'wms_inspire_scenario1_cap130.xml')">map = '/Users/gfabbian/projects/MapServer/msautotest/wxs/wms_inspire_scenario1.map'
out_file = 'wms_inspire_scenario1_cap130.xml'
command = '[MAPSERV] QUERY_STRING="map=[MAPFILE]&amp;SERVICE=WMS&amp;VERSION=1.3.0&amp;REQUEST=GetCapabilities" &gt; [RESULT_DEVERSION] [RESULT_DEMIME]\n'
extra_args = &lt;_pytest.config.Config object at 0x10a4dfa10&gt;

    @pytest.mark.parametrize(
        "map,out_file,command",
        mstestlib.get_pytests(os.path.dirname(os.path.abspath(__file__))),
    )
    def test(map, out_file, command, extra_args):
&gt;       mstestlib.run_pytest(map, out_file, command, extra_args)

run_test.py:46: 
_ _ _ _ _ _ _ _ _ _ _ _ _ _ _ _ _ _ _ _ _ _ _ _ _ _ _ _ _ _ _ _ _ _ _ _ _

map = '/Users/gfabbian/projects/MapServer/msautotest/wxs/wms_inspire_scenario1.map'
out_file = 'wms_inspire_scenario1_cap130.xml'
command = '[MAPSERV] QUERY_STRING="map=[MAPFILE]&amp;SERVICE=WMS&amp;VERSION=1.3.0&amp;REQUEST=GetCapabilities" &gt; [RESULT_DEVERSION] [RESULT_DEMIME]\n'
extra_args = &lt;_pytest.config.Config object at 0x10a4dfa10&gt;

    def run_pytest(map, out_file, command, extra_args):
    
        os.chdir(os.path.dirname(map))
    
        ret, msg = _run(map, out_file, command, extra_args)
&gt;       assert ret, msg
               ^^^
E       AssertionError: ("results don't match", '/Users/gfabbian/projects/MapServer/msautotest/wxs/wms_inspire_scenario1.map', 'wms_inspire_scenario1_cap130.xml')

../pymod/mstestlib.py:882: AssertionError</failure></testcase><testcase classname="wxs.run_test" name="test[wms_inspire_scenario1_wms_inspire_scenario1_cap130_ger_xml]" time="0.600"><failure message="AssertionError: (&quot;results don't match&quot;, '/Users/gfabbian/projects/MapServer/msautotest/wxs/wms_inspire_scenario1.map', 'wms_inspire_scenario1_cap130_ger.xml')">map = '/Users/gfabbian/projects/MapServer/msautotest/wxs/wms_inspire_scenario1.map'
out_file = 'wms_inspire_scenario1_cap130_ger.xml'
command = '[MAPSERV] QUERY_STRING="map=[MAPFILE]&amp;SERVICE=WMS&amp;VERSION=1.3.0&amp;REQUEST=GetCapabilities&amp;LANGUAGE=ger" &gt; [RESULT_DEVERSION] [RESULT_DEMIME]\n'
extra_args = &lt;_pytest.config.Config object at 0x10a4dfa10&gt;

    @pytest.mark.parametrize(
        "map,out_file,command",
        mstestlib.get_pytests(os.path.dirname(os.path.abspath(__file__))),
    )
    def test(map, out_file, command, extra_args):
&gt;       mstestlib.run_pytest(map, out_file, command, extra_args)

run_test.py:46: 
_ _ _ _ _ _ _ _ _ _ _ _ _ _ _ _ _ _ _ _ _ _ _ _ _ _ _ _ _ _ _ _ _ _ _ _ _

map = '/Users/gfabbian/projects/MapServer/msautotest/wxs/wms_inspire_scenario1.map'
out_file = 'wms_inspire_scenario1_cap130_ger.xml'
command = '[MAPSERV] QUERY_STRING="map=[MAPFILE]&amp;SERVICE=WMS&amp;VERSION=1.3.0&amp;REQUEST=GetCapabilities&amp;LANGUAGE=ger" &gt; [RESULT_DEVERSION] [RESULT_DEMIME]\n'
extra_args = &lt;_pytest.config.Config object at 0x10a4dfa10&gt;

    def run_pytest(map, out_file, command, extra_args):
    
        os.chdir(os.path.dirname(map))
    
        ret, msg = _run(map, out_file, command, extra_args)
&gt;       assert ret, msg
               ^^^
E       AssertionError: ("results don't match", '/Users/gfabbian/projects/MapServer/msautotest/wxs/wms_inspire_scenario1.map', 'wms_inspire_scenario1_cap130_ger.xml')

../pymod/mstestlib.py:882: AssertionError</failure></testcase><testcase classname="wxs.run_test" name="test[wms_inspire_scenario1_wms_inspire_scenario1_cap130_eng_xml]" time="0.900"><failure message="AssertionError: (&quot;results don't match&quot;, '/Users/gfabbian/projects/MapServer/msautotest/wxs/wms_inspire_scenario1.map', 'wms_inspire_scenario1_cap130_eng.xml')">map = '/Users/gfabbian/projects/MapServer/msautotest/wxs/wms_inspire_scenario1.map'
out_file = 'wms_inspire_scenario1_cap130_eng.xml'
command = '[MAPSERV] QUERY_STRING="map=[MAPFILE]&amp;SERVICE=WMS&amp;VERSION=1.3.0&amp;REQUEST=GetCapabilities&amp;LANGUAGE=eng" &gt; [RESULT_DEVERSION] [RESULT_DEMIME]\n'
extra_args = &lt;_pytest.config.Config object at 0x10a4dfa10&gt;

    @pytest.mark.parametrize(
        "map,out_file,command",
        mstestlib.get_pytests(os.path.dirname(os.path.abspath(__file__))),
    )
    def test(map, out_file, command, extra_args):
&gt;       mstestlib.run_pytest(map, out_file, command, extra_args)

run_test.py:46: 
_ _ _ _ _ _ _ _ _ _ _ _ _ _ _ _ _ _ _ _ _ _ _ _ _ _ _ _ _ _ _ _ _ _ _ _ _

map = '/Users/gfabbian/projects/MapServer/msautotest/wxs/wms_inspire_scenario1.map'
out_file = 'wms_inspire_scenario1_cap130_eng.xml'
command = '[MAPSERV] QUERY_STRING="map=[MAPFILE]&amp;SERVICE=WMS&amp;VERSION=1.3.0&amp;REQUEST=GetCapabilities&amp;LANGUAGE=eng" &gt; [RESULT_DEVERSION] [RESULT_DEMIME]\n'
extra_args = &lt;_pytest.config.Config object at 0x10a4dfa10&gt;

    def run_pytest(map, out_file, command, extra_args):
    
        os.chdir(os.path.dirname(map))
    
        ret, msg = _run(map, out_file, command, extra_args)
&gt;       assert ret, msg
               ^^^
E       AssertionError: ("results don't match", '/Users/gfabbian/projects/MapServer/msautotest/wxs/wms_inspire_scenario1.map', 'wms_inspire_scenario1_cap130_eng.xml')

../pymod/mstestlib.py:882: AssertionError</failure></testcase><testcase classname="wxs.run_test" name="test[wms_inspire_scenario1_wms_inspire_scenario1_describe130_roadarea_xml]" time="0.423" /><testcase classname="wxs.run_test" name="test[wms_inspire_scenario1_wms_inspire_scenario1_describe130_roadlink_xml]" time="0.410" /><testcase classname="wxs.run_test" name="test[wms_inspire_scenario1_wms_inspire_scenario1_describe130_transportlink_xml]" time="0.424" /><testcase classname="wxs.run_test" name="test[wms_inspire_scenario1_wms_inspire_scenario1_describe130_airlink_xml]" time="0.417" /><testcase classname="wxs.run_test" name="test[wms_inspire_scenario1_wms_inspire_scenario1_styles130_roadarea_xml]" time="0.411" /><testcase classname="wxs.run_test" name="test[wms_inspire_scenario1_wms_inspire_scenario1_styles130_roadlink_xml]" time="0.405" /><testcase classname="wxs.run_test" name="test[wms_inspire_scenario1_wms_inspire_scenario1_styles130_transportlink_xml]" time="0.380" /><testcase classname="wxs.run_test" name="test[wms_inspire_scenario1_wms_inspire_scenario1_styles130_airlink_xml]" time="0.648" /><testcase classname="wxs.run_test" name="test[wms_inspire_scenario1_wms_inspire_scenario1_map130_roadarea_png]" time="0.545"><failure message="AssertionError: (&quot;results don't match&quot;, '/Users/gfabbian/projects/MapServer/msautotest/wxs/wms_inspire_scenario1.map', 'wms_inspire_scenario1_map130_roadarea.png')">map = '/Users/gfabbian/projects/MapServer/msautotest/wxs/wms_inspire_scenario1.map'
out_file = 'wms_inspire_scenario1_map130_roadarea.png'
command = '[MAPSERV] QUERY_STRING="map=[MAPFILE]&amp;SERVICE=WMS&amp;VERSION=1.3.0&amp;REQUEST=GetMap&amp;CRS=EPSG%3A4326&amp;BBOX=40,-70,50,-60&amp;WIDTH=200&amp;HEIGHT=200&amp;LAYERS=TN.RoadTransportNetwork.RoadArea&amp;STYLES=&amp;FORMAT=image%2Fpng" &gt; [RESULT_DEMIME]\n'
extra_args = &lt;_pytest.config.Config object at 0x10a4dfa10&gt;

    @pytest.mark.parametrize(
        "map,out_file,command",
        mstestlib.get_pytests(os.path.dirname(os.path.abspath(__file__))),
    )
    def test(map, out_file, command, extra_args):
&gt;       mstestlib.run_pytest(map, out_file, command, extra_args)

run_test.py:46: 
_ _ _ _ _ _ _ _ _ _ _ _ _ _ _ _ _ _ _ _ _ _ _ _ _ _ _ _ _ _ _ _ _ _ _ _ _

map = '/Users/gfabbian/projects/MapServer/msautotest/wxs/wms_inspire_scenario1.map'
out_file = 'wms_inspire_scenario1_map130_roadarea.png'
command = '[MAPSERV] QUERY_STRING="map=[MAPFILE]&amp;SERVICE=WMS&amp;VERSION=1.3.0&amp;REQUEST=GetMap&amp;CRS=EPSG%3A4326&amp;BBOX=40,-70,50,-60&amp;WIDTH=200&amp;HEIGHT=200&amp;LAYERS=TN.RoadTransportNetwork.RoadArea&amp;STYLES=&amp;FORMAT=image%2Fpng" &gt; [RESULT_DEMIME]\n'
extra_args = &lt;_pytest.config.Config object at 0x10a4dfa10&gt;

    def run_pytest(map, out_file, command, extra_args):
    
        os.chdir(os.path.dirname(map))
    
        ret, msg = _run(map, out_file, command, extra_args)
&gt;       assert ret, msg
               ^^^
E       AssertionError: ("results don't match", '/Users/gfabbian/projects/MapServer/msautotest/wxs/wms_inspire_scenario1.map', 'wms_inspire_scenario1_map130_roadarea.png')

../pymod/mstestlib.py:882: AssertionError</failure></testcase><testcase classname="wxs.run_test" name="test[wms_inspire_scenario1_wms_inspire_scenario1_map130_roadlink_png]" time="0.486"><failure message="AssertionError: (&quot;results don't match&quot;, '/Users/gfabbian/projects/MapServer/msautotest/wxs/wms_inspire_scenario1.map', 'wms_inspire_scenario1_map130_roadlink.png')">map = '/Users/gfabbian/projects/MapServer/msautotest/wxs/wms_inspire_scenario1.map'
out_file = 'wms_inspire_scenario1_map130_roadlink.png'
command = '[MAPSERV] QUERY_STRING="map=[MAPFILE]&amp;SERVICE=WMS&amp;VERSION=1.3.0&amp;REQUEST=GetMap&amp;CRS=EPSG%3A4326&amp;BBOX=40,-70,50,-60&amp;WIDTH=200&amp;HEIGHT=200&amp;LAYERS=TN.RoadTransportNetwork.RoadLink&amp;STYLES=&amp;FORMAT=image%2Fpng" &gt; [RESULT_DEMIME]\n'
extra_args = &lt;_pytest.config.Config object at 0x10a4dfa10&gt;

    @pytest.mark.parametrize(
        "map,out_file,command",
        mstestlib.get_pytests(os.path.dirname(os.path.abspath(__file__))),
    )
    def test(map, out_file, command, extra_args):
&gt;       mstestlib.run_pytest(map, out_file, command, extra_args)

run_test.py:46: 
_ _ _ _ _ _ _ _ _ _ _ _ _ _ _ _ _ _ _ _ _ _ _ _ _ _ _ _ _ _ _ _ _ _ _ _ _

map = '/Users/gfabbian/projects/MapServer/msautotest/wxs/wms_inspire_scenario1.map'
out_file = 'wms_inspire_scenario1_map130_roadlink.png'
command = '[MAPSERV] QUERY_STRING="map=[MAPFILE]&amp;SERVICE=WMS&amp;VERSION=1.3.0&amp;REQUEST=GetMap&amp;CRS=EPSG%3A4326&amp;BBOX=40,-70,50,-60&amp;WIDTH=200&amp;HEIGHT=200&amp;LAYERS=TN.RoadTransportNetwork.RoadLink&amp;STYLES=&amp;FORMAT=image%2Fpng" &gt; [RESULT_DEMIME]\n'
extra_args = &lt;_pytest.config.Config object at 0x10a4dfa10&gt;

    def run_pytest(map, out_file, command, extra_args):
    
        os.chdir(os.path.dirname(map))
    
        ret, msg = _run(map, out_file, command, extra_args)
&gt;       assert ret, msg
               ^^^
E       AssertionError: ("results don't match", '/Users/gfabbian/projects/MapServer/msautotest/wxs/wms_inspire_scenario1.map', 'wms_inspire_scenario1_map130_roadlink.png')

../pymod/mstestlib.py:882: AssertionError</failure></testcase><testcase classname="wxs.run_test" name="test[wms_inspire_scenario1_wms_inspire_scenario1_map130_transportlink_png]" time="0.511"><failure message="AssertionError: (&quot;results don't match&quot;, '/Users/gfabbian/projects/MapServer/msautotest/wxs/wms_inspire_scenario1.map', 'wms_inspire_scenario1_map130_transportlink.png')">map = '/Users/gfabbian/projects/MapServer/msautotest/wxs/wms_inspire_scenario1.map'
out_file = 'wms_inspire_scenario1_map130_transportlink.png'
command = '[MAPSERV] QUERY_STRING="map=[MAPFILE]&amp;SERVICE=WMS&amp;VERSION=1.3.0&amp;REQUEST=GetMap&amp;CRS=EPSG%3A4326&amp;BBOX=40,-70,50,-60&amp;WIDTH=200&amp;HEIGHT=200&amp;LAYERS=TN.CommonTransportElements.TransportLink&amp;STYLES=&amp;FORMAT=image%2Fpng" &gt; [RESULT_DEMIME]\n'
extra_args = &lt;_pytest.config.Config object at 0x10a4dfa10&gt;

    @pytest.mark.parametrize(
        "map,out_file,command",
        mstestlib.get_pytests(os.path.dirname(os.path.abspath(__file__))),
    )
    def test(map, out_file, command, extra_args):
&gt;       mstestlib.run_pytest(map, out_file, command, extra_args)

run_test.py:46: 
_ _ _ _ _ _ _ _ _ _ _ _ _ _ _ _ _ _ _ _ _ _ _ _ _ _ _ _ _ _ _ _ _ _ _ _ _

map = '/Users/gfabbian/projects/MapServer/msautotest/wxs/wms_inspire_scenario1.map'
out_file = 'wms_inspire_scenario1_map130_transportlink.png'
command = '[MAPSERV] QUERY_STRING="map=[MAPFILE]&amp;SERVICE=WMS&amp;VERSION=1.3.0&amp;REQUEST=GetMap&amp;CRS=EPSG%3A4326&amp;BBOX=40,-70,50,-60&amp;WIDTH=200&amp;HEIGHT=200&amp;LAYERS=TN.CommonTransportElements.TransportLink&amp;STYLES=&amp;FORMAT=image%2Fpng" &gt; [RESULT_DEMIME]\n'
extra_args = &lt;_pytest.config.Config object at 0x10a4dfa10&gt;

    def run_pytest(map, out_file, command, extra_args):
    
        os.chdir(os.path.dirname(map))
    
        ret, msg = _run(map, out_file, command, extra_args)
&gt;       assert ret, msg
               ^^^
E       AssertionError: ("results don't match", '/Users/gfabbian/projects/MapServer/msautotest/wxs/wms_inspire_scenario1.map', 'wms_inspire_scenario1_map130_transportlink.png')

../pymod/mstestlib.py:882: AssertionError</failure></testcase><testcase classname="wxs.run_test" name="test[wms_inspire_scenario1_wms_inspire_scenario1_map130_airlink_png]" time="0.453"><failure message="AssertionError: (&quot;results don't match&quot;, '/Users/gfabbian/projects/MapServer/msautotest/wxs/wms_inspire_scenario1.map', 'wms_inspire_scenario1_map130_airlink.png')">map = '/Users/gfabbian/projects/MapServer/msautotest/wxs/wms_inspire_scenario1.map'
out_file = 'wms_inspire_scenario1_map130_airlink.png'
command = '[MAPSERV] QUERY_STRING="map=[MAPFILE]&amp;SERVICE=WMS&amp;VERSION=1.3.0&amp;REQUEST=GetMap&amp;CRS=EPSG%3A4326&amp;BBOX=40,-70,50,-60&amp;WIDTH=200&amp;HEIGHT=200&amp;LAYERS=TN.AirTransportNetwork.AirLink&amp;STYLES=&amp;FORMAT=image%2Fpng" &gt; [RESULT_DEMIME]\n'
extra_args = &lt;_pytest.config.Config object at 0x10a4dfa10&gt;

    @pytest.mark.parametrize(
        "map,out_file,command",
        mstestlib.get_pytests(os.path.dirname(os.path.abspath(__file__))),
    )
    def test(map, out_file, command, extra_args):
&gt;       mstestlib.run_pytest(map, out_file, command, extra_args)

run_test.py:46: 
_ _ _ _ _ _ _ _ _ _ _ _ _ _ _ _ _ _ _ _ _ _ _ _ _ _ _ _ _ _ _ _ _ _ _ _ _

map = '/Users/gfabbian/projects/MapServer/msautotest/wxs/wms_inspire_scenario1.map'
out_file = 'wms_inspire_scenario1_map130_airlink.png'
command = '[MAPSERV] QUERY_STRING="map=[MAPFILE]&amp;SERVICE=WMS&amp;VERSION=1.3.0&amp;REQUEST=GetMap&amp;CRS=EPSG%3A4326&amp;BBOX=40,-70,50,-60&amp;WIDTH=200&amp;HEIGHT=200&amp;LAYERS=TN.AirTransportNetwork.AirLink&amp;STYLES=&amp;FORMAT=image%2Fpng" &gt; [RESULT_DEMIME]\n'
extra_args = &lt;_pytest.config.Config object at 0x10a4dfa10&gt;

    def run_pytest(map, out_file, command, extra_args):
    
        os.chdir(os.path.dirname(map))
    
        ret, msg = _run(map, out_file, command, extra_args)
&gt;       assert ret, msg
               ^^^
E       AssertionError: ("results don't match", '/Users/gfabbian/projects/MapServer/msautotest/wxs/wms_inspire_scenario1.map', 'wms_inspire_scenario1_map130_airlink.png')

../pymod/mstestlib.py:882: AssertionError</failure></testcase><testcase classname="wxs.run_test" name="test[wms_inspire_scenario1_wms_inspire_scenario1_legendgraphic_roadarea_png]" time="0.428" /><testcase classname="wxs.run_test" name="test[wms_inspire_scenario1_wms_inspire_scenario1_legendgraphic_roadlink_png]" time="0.420" /><testcase classname="wxs.run_test" name="test[wms_inspire_scenario1_wms_inspire_scenario1_legendgraphic_transportlink_png]" time="0.395" /><testcase classname="wxs.run_test" name="test[wms_inspire_scenario1_wms_inspire_scenario1_legendgraphic_airlink_png]" time="0.408" /><testcase classname="wxs.run_test" name="test[wfs_time_postgis_wfs_time_postgis_getcaps_xml]" time="0.557" /><testcase classname="wxs.run_test" name="test[wfs_time_postgis_wfs_time_postgis_datetime_describe_xml]" time="0.458" /><testcase classname="wxs.run_test" name="test[wfs_time_postgis_wfs_time_postgis_datetime_getfeature_xml]" time="0.462" /><testcase classname="wxs.run_test" name="test[wfs_time_postgis_wfs_time_postgis_date_getfeature_xml]" time="0.456" /><testcase classname="wxs.run_test" name="test[wfs_time_postgis_wfs_time_postgis_time_getfeature_xml]" time="0.457" /><testcase classname="wxs.run_test" name="test[wfs_time_postgis_wfs_time_postgis_datetime_during_filter_match_features_xml]" time="0.450" /><testcase classname="wxs.run_test" name="test[wfs_time_postgis_wfs_time_postgis_datetime_post_during_filter_match_features_xml]" time="0.450" /><testcase classname="wxs.run_test" name="test[wfs_time_postgis_wfs_time_postgis_datetime_during_filter_match_no_feature_xml]" time="0.454" /><testcase classname="wxs.run_test" name="test[wfs_time_postgis_wfs_time_postgis_datetime_during_filter_and_other_clause_xml]" time="0.459" /><testcase classname="wxs.run_test" name="test[wfs_time_postgis_wfs_time_postgis_datetime_or_two_during_filter_xml]" time="0.465" /><testcase classname="wxs.run_test" name="test[wfs_time_postgis_wfs_time_postgis_datetime_lessthan_xml]" time="0.464" /><testcase classname="wxs.run_test" name="test[wfs_time_postgis_wfs_time_postgis_datetime_between_xml]" time="0.461" /><testcase classname="wxs.run_test" name="test[wfs_time_postgis_wfs_time_postgis_datetime_sortby_xml]" time="0.654" /><testcase classname="wxs.run_test" name="test[wfs_ogr_tileindex_of_shp_wfs_ogr_tileindex_of_shp_bbox_filter_xml]" time="0.540" /><testcase classname="wxs.run_test" name="test[wms_simple_strict_compliance_wms_getmap130_png]" time="0.555"><failure message="AssertionError: (&quot;results don't match&quot;, '/Users/gfabbian/projects/MapServer/msautotest/wxs/wms_simple_strict_compliance.map', 'wms_getmap130.png')">map = '/Users/gfabbian/projects/MapServer/msautotest/wxs/wms_simple_strict_compliance.map'
out_file = 'wms_getmap130.png'
command = '[MAPSERV] QUERY_STRING="map=[MAPFILE]&amp;SERVICE=WMS&amp;VERSION=1.3.0&amp;REQUEST=GetMap&amp;CRS=EPSG%3A4326&amp;BBOX=35.18749999863387...=350&amp;LAYERS=road&amp;STYLES=&amp;FORMAT=image%2Fpng&amp;BGCOLOR=0xFFFFFF&amp;TRANSPARENT=FALSE&amp;EXCEPTIONS=INIMAGE" &gt; [RESULT_DEMIME]\n'
extra_args = &lt;_pytest.config.Config object at 0x10a4dfa10&gt;

    @pytest.mark.parametrize(
        "map,out_file,command",
        mstestlib.get_pytests(os.path.dirname(os.path.abspath(__file__))),
    )
    def test(map, out_file, command, extra_args):
&gt;       mstestlib.run_pytest(map, out_file, command, extra_args)

run_test.py:46: 
_ _ _ _ _ _ _ _ _ _ _ _ _ _ _ _ _ _ _ _ _ _ _ _ _ _ _ _ _ _ _ _ _ _ _ _ _

map = '/Users/gfabbian/projects/MapServer/msautotest/wxs/wms_simple_strict_compliance.map'
out_file = 'wms_getmap130.png'
command = '[MAPSERV] QUERY_STRING="map=[MAPFILE]&amp;SERVICE=WMS&amp;VERSION=1.3.0&amp;REQUEST=GetMap&amp;CRS=EPSG%3A4326&amp;BBOX=35.18749999863387...=350&amp;LAYERS=road&amp;STYLES=&amp;FORMAT=image%2Fpng&amp;BGCOLOR=0xFFFFFF&amp;TRANSPARENT=FALSE&amp;EXCEPTIONS=INIMAGE" &gt; [RESULT_DEMIME]\n'
extra_args = &lt;_pytest.config.Config object at 0x10a4dfa10&gt;

    def run_pytest(map, out_file, command, extra_args):
    
        os.chdir(os.path.dirname(map))
    
        ret, msg = _run(map, out_file, command, extra_args)
&gt;       assert ret, msg
               ^^^
E       AssertionError: ("results don't match", '/Users/gfabbian/projects/MapServer/msautotest/wxs/wms_simple_strict_compliance.map', 'wms_getmap130.png')

../pymod/mstestlib.py:882: AssertionError</failure></testcase><testcase classname="wxs.run_test" name="test[wms_simple_strict_compliance_wms_getmap130transparentinvalidexception_xml0]" time="0.452" /><testcase classname="wxs.run_test" name="test[wms_simple_strict_compliance_wms_getmap130transparentinvalidexception_xml1]" time="0.438" /><testcase classname="wxs.run_test" name="test[wfs_time_ogr_wfs_time_ogr_describe_xml]" time="0.410" /><testcase classname="wxs.run_test" name="test[wfs_time_ogr_wfs_time_ogr_getfeature_xml]" time="0.589" /><testcase classname="wxs.run_test" name="test[wfs_time_ogr_wfs_time_ogr_during_filter_match_features_xml]" time="0.477" /><testcase classname="wxs.run_test" name="test[wfs_time_ogr_wfs_post_time_ogr_during_filter_match_features_xml]" time="0.479" /><testcase classname="wxs.run_test" name="test[wfs_time_ogr_wfs_time_ogr_during_filter_match_no_feature_xml]" time="0.586" /><testcase classname="wxs.run_test" name="test[wfs_time_ogr_wfs_time_ogr_during_filter_and_other_clause_xml]" time="0.456" /><testcase classname="wxs.run_test" name="test[wfs_time_ogr_wfs_time_ogr_or_two_during_filter_xml]" time="0.580" /><testcase classname="wxs.run_test" name="test[wfs_filter_projmeter_wfs_filter_projmeter_bbox_xml]" time="0.540" /><testcase classname="wxs.run_test" name="test[wfs_filter_projmeter_wfs_filter_projmeter_intersects_xml]" time="0.437" /><testcase classname="wxs.run_test" name="test[wfs_filter_projmeter_wfs_filter_projmeter_dwithin_xml]" time="0.432" /><testcase classname="wxs.run_test" name="test[wfs_filter_projmeter_wfs_filter_projmeter_beyond_xml]" time="0.541" /><testcase classname="wxs.run_test" name="test[wfs_filter_projmeter_wfs_filter_projmeter_equals_xml]" time="0.440" /><testcase classname="wxs.run_test" name="test[wfs_filter_projmeter_wfs_filter_projmeter_overlaps_xml]" time="0.443" /><testcase classname="wxs.run_test" name="test[wfs_filter_projmeter_wfs_filter_projmeter_within_xml]" time="0.652" /><testcase classname="wxs.run_test" name="test[wfs_filter_projmeter_wfs_filter_projmeter_contains_xml]" time="0.448" /><testcase classname="wxs.run_test" name="test[wfs_filter_projmeter_wfs_filter_projmeter_crosses_xml]" time="0.432" /><testcase classname="wxs.run_test" name="test[wfs_filter_projmeter_wfs_filter_projmeter_touches_xml]" time="0.453" /><testcase classname="wxs.run_test" name="test[wfs_filter_projmeter_wfs_filter_projmeter_equals_poly_xml]" time="0.421" /><testcase classname="wxs.run_test" name="test[wfs_filter_projmeter_wfs_filter_projmeter_disjoint_xml]" time="0.434"><failure message="AssertionError: (&quot;results don't match&quot;, '/Users/gfabbian/projects/MapServer/msautotest/wxs/wfs_filter_projmeter.map', 'wfs_filter_projmeter_disjoint.xml')">map = '/Users/gfabbian/projects/MapServer/msautotest/wxs/wfs_filter_projmeter.map'
out_file = 'wfs_filter_projmeter_disjoint.xml'
command = '[MAPSERV] QUERY_STRING="map=[MAPFILE]&amp;SERVICE=WFS&amp;VERSION=1.0.0&amp;REQUEST=GetFeature&amp;TYPENAME=province&amp;FILTER=&lt;Filter&gt;&lt;... -67.01,47.13&lt;/gml:coordinates&gt;&lt;/gml:LinearRing&gt;&lt;/gml:outerBoundaryIs&gt;&lt;/gml:Polygon&gt;&lt;/Disjoint&gt;&lt;/Filter&gt;" &gt; [RESULT]\n'
extra_args = &lt;_pytest.config.Config object at 0x10a4dfa10&gt;

    @pytest.mark.parametrize(
        "map,out_file,command",
        mstestlib.get_pytests(os.path.dirname(os.path.abspath(__file__))),
    )
    def test(map, out_file, command, extra_args):
&gt;       mstestlib.run_pytest(map, out_file, command, extra_args)

run_test.py:46: 
_ _ _ _ _ _ _ _ _ _ _ _ _ _ _ _ _ _ _ _ _ _ _ _ _ _ _ _ _ _ _ _ _ _ _ _ _

map = '/Users/gfabbian/projects/MapServer/msautotest/wxs/wfs_filter_projmeter.map'
out_file = 'wfs_filter_projmeter_disjoint.xml'
command = '[MAPSERV] QUERY_STRING="map=[MAPFILE]&amp;SERVICE=WFS&amp;VERSION=1.0.0&amp;REQUEST=GetFeature&amp;TYPENAME=province&amp;FILTER=&lt;Filter&gt;&lt;... -67.01,47.13&lt;/gml:coordinates&gt;&lt;/gml:LinearRing&gt;&lt;/gml:outerBoundaryIs&gt;&lt;/gml:Polygon&gt;&lt;/Disjoint&gt;&lt;/Filter&gt;" &gt; [RESULT]\n'
extra_args = &lt;_pytest.config.Config object at 0x10a4dfa10&gt;

    def run_pytest(map, out_file, command, extra_args):
    
        os.chdir(os.path.dirname(map))
    
        ret, msg = _run(map, out_file, command, extra_args)
&gt;       assert ret, msg
               ^^^
E       AssertionError: ("results don't match", '/Users/gfabbian/projects/MapServer/msautotest/wxs/wfs_filter_projmeter.map', 'wfs_filter_projmeter_disjoint.xml')

../pymod/mstestlib.py:882: AssertionError</failure></testcase><testcase classname="wxs.run_test" name="test[wfs_filter_projmeter_wfs_filter_projmeter_intersects_line_xml]" time="0.520" /><testcase classname="wxs.run_test" name="test[ows_wfs_ows_wfs_capabilities_xml]" time="0.405" /><testcase classname="wxs.run_test" name="test[ows_wfs_ows_wfs_getfeature_xml]" time="0.468"><failure message="AssertionError: (&quot;results don't match&quot;, '/Users/gfabbian/projects/MapServer/msautotest/wxs/ows_wfs.map', 'ows_wfs_getfeature.xml')">map = '/Users/gfabbian/projects/MapServer/msautotest/wxs/ows_wfs.map'
out_file = 'ows_wfs_getfeature.xml'
command = '[MAPSERV] QUERY_STRING="map=[MAPFILE]&amp;SERVICE=WFS&amp;VERSION=1.0.0&amp;REQUEST=GetFeature&amp;TYPENAME=province" &gt; [RESULT_DEVERSION]\n'
extra_args = &lt;_pytest.config.Config object at 0x10a4dfa10&gt;

    @pytest.mark.parametrize(
        "map,out_file,command",
        mstestlib.get_pytests(os.path.dirname(os.path.abspath(__file__))),
    )
    def test(map, out_file, command, extra_args):
&gt;       mstestlib.run_pytest(map, out_file, command, extra_args)

run_test.py:46: 
_ _ _ _ _ _ _ _ _ _ _ _ _ _ _ _ _ _ _ _ _ _ _ _ _ _ _ _ _ _ _ _ _ _ _ _ _

map = '/Users/gfabbian/projects/MapServer/msautotest/wxs/ows_wfs.map'
out_file = 'ows_wfs_getfeature.xml'
command = '[MAPSERV] QUERY_STRING="map=[MAPFILE]&amp;SERVICE=WFS&amp;VERSION=1.0.0&amp;REQUEST=GetFeature&amp;TYPENAME=province" &gt; [RESULT_DEVERSION]\n'
extra_args = &lt;_pytest.config.Config object at 0x10a4dfa10&gt;

    def run_pytest(map, out_file, command, extra_args):
    
        os.chdir(os.path.dirname(map))
    
        ret, msg = _run(map, out_file, command, extra_args)
&gt;       assert ret, msg
               ^^^
E       AssertionError: ("results don't match", '/Users/gfabbian/projects/MapServer/msautotest/wxs/ows_wfs.map', 'ows_wfs_getfeature.xml')

../pymod/mstestlib.py:882: AssertionError</failure></testcase><testcase classname="wxs.run_test" name="test[ows_wfs_ows_wfs_describefeaturetype_xml]" time="0.403" /><testcase classname="wxs.run_test" name="test[wcs_tileindexmixedsrs_wcs_get_capabilities_tileindexmixedsrs_26711_xml]" time="0.520" /><testcase classname="wxs.run_test" name="test[wcs_tileindexmixedsrs_wcs_describe_coverage_tileindexmixedsrs_26711_xml]" time="0.432" /><testcase classname="wxs.run_test" name="test[wcs_tileindexmixedsrs_wcs_get_coverage_tileindexmixedsrs_26711_tif]" time="0.607"><failure message="AssertionError: (&quot;results don't match&quot;, '/Users/gfabbian/projects/MapServer/msautotest/wxs/wcs_tileindexmixedsrs.map', 'wcs_get_coverage_tileindexmixedsrs_26711.tif')">map = '/Users/gfabbian/projects/MapServer/msautotest/wxs/wcs_tileindexmixedsrs.map'
out_file = 'wcs_get_coverage_tileindexmixedsrs_26711.tif'
command = '[MAPSERV] QUERY_STRING="map=[MAPFILE]&amp;SERVICE=WCS&amp;VERSION=1.0.0&amp;REQUEST=GetCoverage&amp;WIDTH=100&amp;HEIGHT=100&amp;FORMAT=image/tiff&amp;BBOX=440720.000,3745320.000,446720.000,3751320.000&amp;COVERAGE=grey_26711&amp;CRS=EPSG:26711" &gt; [RESULT_DEMIME]\n'
extra_args = &lt;_pytest.config.Config object at 0x10a4dfa10&gt;

    @pytest.mark.parametrize(
        "map,out_file,command",
        mstestlib.get_pytests(os.path.dirname(os.path.abspath(__file__))),
    )
    def test(map, out_file, command, extra_args):
&gt;       mstestlib.run_pytest(map, out_file, command, extra_args)

run_test.py:46: 
_ _ _ _ _ _ _ _ _ _ _ _ _ _ _ _ _ _ _ _ _ _ _ _ _ _ _ _ _ _ _ _ _ _ _ _ _

map = '/Users/gfabbian/projects/MapServer/msautotest/wxs/wcs_tileindexmixedsrs.map'
out_file = 'wcs_get_coverage_tileindexmixedsrs_26711.tif'
command = '[MAPSERV] QUERY_STRING="map=[MAPFILE]&amp;SERVICE=WCS&amp;VERSION=1.0.0&amp;REQUEST=GetCoverage&amp;WIDTH=100&amp;HEIGHT=100&amp;FORMAT=image/tiff&amp;BBOX=440720.000,3745320.000,446720.000,3751320.000&amp;COVERAGE=grey_26711&amp;CRS=EPSG:26711" &gt; [RESULT_DEMIME]\n'
extra_args = &lt;_pytest.config.Config object at 0x10a4dfa10&gt;

    def run_pytest(map, out_file, command, extra_args):
    
        os.chdir(os.path.dirname(map))
    
        ret, msg = _run(map, out_file, command, extra_args)
&gt;       assert ret, msg
               ^^^
E       AssertionError: ("results don't match", '/Users/gfabbian/projects/MapServer/msautotest/wxs/wcs_tileindexmixedsrs.map', 'wcs_get_coverage_tileindexmixedsrs_26711.tif')

[...]
out_file = 'wfs_group_get_feature_area.xml'
command = '[MAPSERV] QUERY_STRING="map=[MAPFILE]&amp;SERVICE=WFS&amp;VERSION=2.0.0&amp;REQUEST=GetFeature&amp;TYPENAME=province&amp;PROPERTYNAME=AREA" &gt; [RESULT_DEVERSION]\n'
extra_args = &lt;_pytest.config.Config object at 0x10a4dfa10&gt;

    @pytest.mark.parametrize(
        "map,out_file,command",
        mstestlib.get_pytests(os.path.dirname(os.path.abspath(__file__))),
    )
    def test(map, out_file, command, extra_args):
&gt;       mstestlib.run_pytest(map, out_file, command, extra_args)

run_test.py:46: 
_ _ _ _ _ _ _ _ _ _ _ _ _ _ _ _ _ _ _ _ _ _ _ _ _ _ _ _ _ _ _ _ _ _ 

map = '/Users/gfabbian/projects/MapServer/msautotest/wxs/wfs_group.map'
out_file = 'wfs_group_get_feature_area.xml'
command = '[MAPSERV] QUERY_STRING="map=[MAPFILE]&amp;SERVICE=WFS&amp;VERSION=2.0.0&amp;REQUEST=GetFeature&amp;TYPENAME=province&amp;PROPERTYNAME=AREA" &gt; [RESULT_DEVERSION]\n'
extra_args = &lt;_pytest.config.Config object at 0x10a4dfa10&gt;

    def run_pytest(map, out_file, command, extra_args):
    
        os.chdir(os.path.dirname(map))
    
        ret, msg = _run(map, out_file, command, extra_args)
&gt;       assert ret, msg
               ^^^
E       AssertionError: ("results don't match", '/Users/gfabbian/projects/MapServer/msautotest/wxs/wfs_group.map', 'wfs_group_get_feature_area.xml')

../pymod/mstestlib.py:882: AssertionError</failure></testcase><testcase classname="wxs.run_test" name="test[wfs_group_wfs_group_get_feature_namegroup_xml]" time="0.445"><failure message="AssertionError: (&quot;results don't match&quot;, '/Users/gfabbian/projects/MapServer/msautotest/wxs/wfs_group.map', 'wfs_group_get_feature_namegroup.xml')">map = '/Users/gfabbian/projects/MapServer/msautotest/wxs/wfs_group.map'
out_file = 'wfs_group_get_feature_namegroup.xml'
command = '[MAPSERV] QUERY_STRING="map=[MAPFILE]&amp;SERVICE=WFS&amp;VERSION=2.0.0&amp;REQUEST=GetFeature&amp;TYPENAME=province&amp;PROPERTYNAME=namegroup" &gt; [RESULT_DEVERSION]\n'
extra_args = &lt;_pytest.config.Config object at 0x10a4dfa10&gt;

    @pytest.mark.parametrize(
        "map,out_file,command",
        mstestlib.get_pytests(os.path.dirname(os.path.abspath(__file__))),
    )
    def test(map, out_file, command, extra_args):
&gt;       mstestlib.run_pytest(map, out_file, command, extra_args)

run_test.py:46: 
_ _ _ _ _ _ _ _ _ _ _ _ _ _ _ _ _ _ _ _ _ _ _ _ _ _ _ _ _ _ _ _ _ _ 

map = '/Users/gfabbian/projects/MapServer/msautotest/wxs/wfs_group.map'
out_file = 'wfs_group_get_feature_namegroup.xml'
command = '[MAPSERV] QUERY_STRING="map=[MAPFILE]&amp;SERVICE=WFS&amp;VERSION=2.0.0&amp;REQUEST=GetFeature&amp;TYPENAME=province&amp;PROPERTYNAME=namegroup" &gt; [RESULT_DEVERSION]\n'
extra_args = &lt;_pytest.config.Config object at 0x10a4dfa10&gt;

    def run_pytest(map, out_file, command, extra_args):
    
        os.chdir(os.path.dirname(map))
    
        ret, msg = _run(map, out_file, command, extra_args)
&gt;       assert ret, msg
               ^^^
E       AssertionError: ("results don't match", '/Users/gfabbian/projects/MapServer/msautotest/wxs/wfs_group.map', 'wfs_group_get_feature_namegroup.xml')

../pymod/mstestlib.py:882: AssertionError</failure></testcase><testcase classname="wxs.run_test" name="test[wfs_group_wfs_group_get_feature_alias_xml]" time="0.507"><failure message="AssertionError: (&quot;results don't match&quot;, '/Users/gfabbian/projects/MapServer/msautotest/wxs/wfs_group.map', 'wfs_group_get_feature_alias.xml')">map = '/Users/gfabbian/projects/MapServer/msautotest/wxs/wfs_group.map'
out_file = 'wfs_group_get_feature_alias.xml'
command = '[MAPSERV] QUERY_STRING="map=[MAPFILE]&amp;SERVICE=WFS&amp;VERSION=2.0.0&amp;REQUEST=GetFeature&amp;TYPENAME=province&amp;PROPERTYNAME=namegroup/NomFrancais" &gt; [RESULT_DEVERSION]\n'
extra_args = &lt;_pytest.config.Config object at 0x10a4dfa10&gt;

    @pytest.mark.parametrize(
        "map,out_file,command",
        mstestlib.get_pytests(os.path.dirname(os.path.abspath(__file__))),
    )
    def test(map, out_file, command, extra_args):
&gt;       mstestlib.run_pytest(map, out_file, command, extra_args)

run_test.py:46: 
_ _ _ _ _ _ _ _ _ _ _ _ _ _ _ _ _ _ _ _ _ _ _ _ _ _ _ _ _ _ _ _ _ _ 

map = '/Users/gfabbian/projects/MapServer/msautotest/wxs/wfs_group.map'
out_file = 'wfs_group_get_feature_alias.xml'
command = '[MAPSERV] QUERY_STRING="map=[MAPFILE]&amp;SERVICE=WFS&amp;VERSION=2.0.0&amp;REQUEST=GetFeature&amp;TYPENAME=province&amp;PROPERTYNAME=namegroup/NomFrancais" &gt; [RESULT_DEVERSION]\n'
extra_args = &lt;_pytest.config.Config object at 0x10a4dfa10&gt;

    def run_pytest(map, out_file, command, extra_args):
    
        os.chdir(os.path.dirname(map))
    
        ret, msg = _run(map, out_file, command, extra_args)
&gt;       assert ret, msg
               ^^^
E       AssertionError: ("results don't match", '/Users/gfabbian/projects/MapServer/msautotest/wxs/wfs_group.map', 'wfs_group_get_feature_alias.xml')

../pymod/mstestlib.py:882: AssertionError</failure></testcase><testcase classname="wxs.run_test" name="test[wfs_group_wfs_group_get_feature_two_in_group_xml]" time="0.482"><failure message="AssertionError: (&quot;results don't match&quot;, '/Users/gfabbian/projects/MapServer/msautotest/wxs/wfs_group.map', 'wfs_group_get_feature_two_in_group.xml')">map = '/Users/gfabbian/projects/MapServer/msautotest/wxs/wfs_group.map'
out_file = 'wfs_group_get_feature_two_in_group.xml'
command = '[MAPSERV] QUERY_STRING="map=[MAPFILE]&amp;SERVICE=WFS&amp;VERSION=2.0.0&amp;REQUEST=GetFeature&amp;TYPENAME=province&amp;PROPERTYNAME=namegroup/NAME,namegroup/NomFrancais" &gt; [RESULT_DEVERSION]\n'
extra_args = &lt;_pytest.config.Config object at 0x10a4dfa10&gt;

    @pytest.mark.parametrize(
        "map,out_file,command",
        mstestlib.get_pytests(os.path.dirname(os.path.abspath(__file__))),
    )
    def test(map, out_file, command, extra_args):
&gt;       mstestlib.run_pytest(map, out_file, command, extra_args)

run_test.py:46: 
_ _ _ _ _ _ _ _ _ _ _ _ _ _ _ _ _ _ _ _ _ _ _ _ _ _ _ _ _ _ _ _ _ _ 

map = '/Users/gfabbian/projects/MapServer/msautotest/wxs/wfs_group.map'
out_file = 'wfs_group_get_feature_two_in_group.xml'
command = '[MAPSERV] QUERY_STRING="map=[MAPFILE]&amp;SERVICE=WFS&amp;VERSION=2.0.0&amp;REQUEST=GetFeature&amp;TYPENAME=province&amp;PROPERTYNAME=namegroup/NAME,namegroup/NomFrancais" &gt; [RESULT_DEVERSION]\n'
extra_args = &lt;_pytest.config.Config object at 0x10a4dfa10&gt;

    def run_pytest(map, out_file, command, extra_args):
    
        os.chdir(os.path.dirname(map))
    
        ret, msg = _run(map, out_file, command, extra_args)
&gt;       assert ret, msg
               ^^^
E       AssertionError: ("results don't match", '/Users/gfabbian/projects/MapServer/msautotest/wxs/wfs_group.map', 'wfs_group_get_feature_two_in_group.xml')

../pymod/mstestlib.py:882: AssertionError</failure></testcase><testcase classname="wxs.run_test" name="test[wfs_group_wfs_group_get_feature_two_in_group_with_ns_xml]" time="0.455"><failure message="AssertionError: (&quot;results don't match&quot;, '/Users/gfabbian/projects/MapServer/msautotest/wxs/wfs_group.map', 'wfs_group_get_feature_two_in_group_with_ns.xml')">map = '/Users/gfabbian/projects/MapServer/msautotest/wxs/wfs_group.map'
out_file = 'wfs_group_get_feature_two_in_group_with_ns.xml'
command = '[MAPSERV] QUERY_STRING="map=[MAPFILE]&amp;SERVICE=WFS&amp;VERSION=2.0.0&amp;REQUEST=GetFeature&amp;TYPENAME=province&amp;PROPERTYNAME=ns:namegroup/ns:NAME,ns:namegroup/ns:NomFrancais" &gt; [RESULT_DEVERSION]\n'
extra_args = &lt;_pytest.config.Config object at 0x10a4dfa10&gt;

    @pytest.mark.parametrize(
        "map,out_file,command",
        mstestlib.get_pytests(os.path.dirname(os.path.abspath(__file__))),
    )
    def test(map, out_file, command, extra_args):
&gt;       mstestlib.run_pytest(map, out_file, command, extra_args)

run_test.py:46: 
_ _ _ _ _ _ _ _ _ _ _ _ _ _ _ _ _ _ _ _ _ _ _ _ _ _ _ _ _ _ _ _ _ _ 

map = '/Users/gfabbian/projects/MapServer/msautotest/wxs/wfs_group.map'
out_file = 'wfs_group_get_feature_two_in_group_with_ns.xml'
command = '[MAPSERV] QUERY_STRING="map=[MAPFILE]&amp;SERVICE=WFS&amp;VERSION=2.0.0&amp;REQUEST=GetFeature&amp;TYPENAME=province&amp;PROPERTYNAME=ns:namegroup/ns:NAME,ns:namegroup/ns:NomFrancais" &gt; [RESULT_DEVERSION]\n'
extra_args = &lt;_pytest.config.Config object at 0x10a4dfa10&gt;

    def run_pytest(map, out_file, command, extra_args):
    
        os.chdir(os.path.dirname(map))
    
        ret, msg = _run(map, out_file, command, extra_args)
&gt;       assert ret, msg
               ^^^
E       AssertionError: ("results don't match", '/Users/gfabbian/projects/MapServer/msautotest/wxs/wfs_group.map', 'wfs_group_get_feature_two_in_group_with_ns.xml')

../pymod/mstestlib.py:882: AssertionError</failure></testcase><testcase classname="wxs.run_test" name="test[wfs_group_wfs_group_get_feature_filter_xml]" time="0.470" /><testcase classname="wxs.run_test" name="test[wfs_group_wfs_group_get_feature_filter_no_ns_xml]" time="0.458" /><testcase classname="wxs.run_test" name="test[wfs_group_wfs_group_getpropertyvalue_namegroup_xml]" time="0.452" /><testcase classname="wxs.run_test" name="test[wfs_group_wfs_group_getpropertyvalue_alias_xml]" time="0.460" /><testcase classname="wxs.run_test" name="test[wfs_group_wfs_group_getpropertyvalue_ns_xml]" time="0.480" /><testcase classname="wxs.run_test" name="test[wfs_group_wfs_group_getpropertyvalue_other_prop_xml]" time="0.486" /><testcase classname="wxs.run_test" name="test[ows_no_service_strict_compliance_ows_no_service_strict_compliance_xml]" time="0.401" /><testcase classname="wxs.run_test" name="test[ows_no_service_strict_compliance_ows_invalid_service_strict_compliance_xml0]" time="0.438" /><testcase classname="wxs.run_test" name="test[ows_no_service_strict_compliance_ows_invalid_service_strict_compliance_xml1]" time="0.410" /><testcase classname="wxs.run_test" name="test[wms_sld_validation_wms_get_map_symbol_no_external_graphic_validation_png]" time="0.509" /><testcase classname="wxs.run_test" name="test[wfs_filter_postgis_wfs_filter_postgis_property_is_equal_xml]" time="0.454" /><testcase classname="wxs.run_test" name="test[wfs_filter_postgis_wfs_filter_postgis_property_is_equal_no_matching_xml]" time="0.472" /><testcase classname="wxs.run_test" name="test[wfs_filter_postgis_wfs_filter_postgis_property_is_equal_case_insensitive_xml]" time="0.453" /><testcase classname="wxs.run_test" name="test[wfs_filter_postgis_wfs_filter_postgis_property_is_equal_empty_xml]" time="0.447" /><testcase classname="wxs.run_test" name="test[wfs_filter_postgis_wfs_filter_postgis_property_is_null_zero_result_xml]" time="0.456" /><testcase classname="wxs.run_test" name="test[wfs_filter_postgis_wfs_filter_postgis_property_is_null_result_xml]" time="0.454" /><testcase classname="wxs.run_test" name="test[wfs_filter_postgis_wfs_filter_postgis_property_is_equal_quote1_xml]" time="0.476" /><testcase classname="wxs.run_test" name="test[wfs_filter_postgis_wfs_filter_postgis_property_is_equal_quote2_xml]" time="0.468" /><testcase classname="wxs.run_test" name="test[wfs_filter_postgis_wfs_filter_postgis_property_is_equal_quote3_xml]" time="0.458" /><testcase classname="wxs.run_test" name="test[wfs_filter_postgis_wfs_filter_postgis_property_is_equal_quote4_xml]" time="0.446" /><testcase classname="wxs.run_test" name="test[wfs_filter_postgis_wfs_filter_postgis_property_is_equal_quote5_xml]" time="0.465" /><testcase classname="wxs.run_test" name="test[wfs_filter_postgis_wfs_filter_postgis_property_is_equal_quote6_xml]" time="0.444" /><testcase classname="wxs.run_test" name="test[wfs_filter_postgis_wfs_filter_postgis_is_not_equal_xml]" time="0.458" /><testcase classname="wxs.run_test" name="test[wfs_filter_postgis_wfs_filter_postgis_isless_than_xml]" time="0.456" /><testcase classname="wxs.run_test" name="test[wfs_filter_postgis_wfs_filter_postgis_isgreater_than_xml]" time="0.460" /><testcase classname="wxs.run_test" name="test[wfs_filter_postgis_wfs_filter_postgis_isless_than_or_equalto_xml]" time="0.465" /><testcase classname="wxs.run_test" name="test[wfs_filter_postgis_wfs_filter_postgis_greater_than_or_equalto_xml]" time="0.457" /><testcase classname="wxs.run_test" name="test[wfs_filter_postgis_wfs_filter_postgis_isbetween_xml]" time="0.780" /><testcase classname="wxs.run_test" name="test[wfs_filter_postgis_wfs_filter_postgis_islike_xml]" time="0.561" /><testcase classname="wxs.run_test" name="test[wfs_filter_postgis_wfs_filter_postgis_islike_no_ending_wildcard_empty_resultset_xml]" time="0.677" /><testcase classname="wxs.run_test" name="test[wfs_filter_postgis_wfs_filter_postgis_islike_no_ending_wildcard_non_empty_resultset_xml]" time="0.494" /><testcase classname="wxs.run_test" name="test[wfs_filter_postgis_wfs_filter_postgis_islike_logical_xml]" time="0.444" /><testcase classname="wxs.run_test" name="test[wfs_filter_postgis_wfs_filter_postgis_isbetween_or_isequalto_xml]" time="0.462" /><testcase classname="wxs.run_test" name="test[wfs_filter_postgis_wfs_filter_postgis_isbetween_and_isequalto_xml]" time="0.511" /><testcase classname="wxs.run_test" name="test[wfs_filter_postgis_wfs_filter_postgis_isbetween_and_not_isequalto_xml]" time="0.660" /><testcase classname="wxs.run_test" name="test[wfs_filter_postgis_wfs_filter_postgis_isequalto_or_isequalto_xml]" time="0.453" /><testcase classname="wxs.run_test" name="test[wfs_filter_postgis_wfs_filter_postgis_isequalto_or_isequalto_reverse_xml]" time="0.461" /><testcase classname="wxs.run_test" name="test[wfs_filter_postgis_wfs_filter_postgis_iseq_or_iseq_str1_xml]" time="0.455" /><testcase classname="wxs.run_test" name="test[wfs_filter_postgis_wfs_filter_postgis_iseq_or_iseq_str2_xml]" time="0.475" /><testcase classname="wxs.run_test" name="test[wfs_filter_postgis_wfs_filter_postgis_iseq_or_iseq_str3_xml]" time="0.490" /><testcase classname="wxs.run_test" name="test[wfs_filter_postgis_wfs_filter_postgis_iseq_or_iseq_str4_xml]" time="0.489" /><testcase classname="wxs.run_test" name="test[wfs_filter_postgis_wfs_filter_postgis_iseq_or_iseq_str5_xml]" time="0.454" /><testcase classname="wxs.run_test" name="test[wfs_filter_postgis_wfs_filter_postgis_isequalto_and_isequalto_xml]" time="0.460" /><testcase classname="wxs.run_test" name="test[wfs_filter_postgis_wfs_filter_postgis_isequalto_and_isequalto_reverse_xml]" time="0.452" /><testcase classname="wxs.run_test" name="test[wfs_filter_postgis_wfs_filter_postgis_not_isequalto_xml]" time="0.470" /><testcase classname="wxs.run_test" name="test[wfs_filter_postgis_wfs_filter_postgis_bbox_xml]" time="0.480" /><testcase classname="wxs.run_test" name="test[wfs_filter_postgis_wfs_filter_postgis_bbox_no_propertyname_xml]" time="0.453" /><testcase classname="wxs.run_test" name="test[wfs_filter_postgis_wfs_filter_postgis_intersects_xml]" time="0.543" /><testcase classname="wxs.run_test" name="test[wfs_filter_postgis_wfs_filter_postgis_intersects_good_extent_xml]" time="0.527" /><testcase classname="wxs.run_test" name="test[wfs_filter_postgis_wfs_filter_postgis_intersects_bad_extent_xml]" time="0.463" /><testcase classname="wxs.run_test" name="test[wfs_filter_postgis_wfs_filter_postgis_dwithin_xml]" time="0.589" /><testcase classname="wxs.run_test" name="test[wfs_filter_postgis_wfs_filter_postgis_dwithin_units_xml]" time="0.571" /><testcase classname="wxs.run_test" name="test[wfs_filter_postgis_wfs_filter_postgis_beyond_xml]" time="0.473" /><testcase classname="wxs.run_test" name="test[wfs_filter_postgis_wfs_filter_postgis_equals_xml]" time="0.458" /><testcase classname="wxs.run_test" name="test[wfs_filter_postgis_wfs_filter_postgis_overlaps_xml]" time="0.454" /><testcase classname="wxs.run_test" name="test[wfs_filter_postgis_wfs_filter_postgis_within_xml]" time="0.660" /><testcase classname="wxs.run_test" name="test[wfs_filter_postgis_wfs_filter_postgis_contains_xml]" time="0.492" /><testcase classname="wxs.run_test" name="test[wfs_filter_postgis_wfs_filter_postgis_crosses_xml]" time="0.856" /><testcase classname="wxs.run_test" name="test[wfs_filter_postgis_wfs_filter_postgis_touches_xml]" time="0.572" /><testcase classname="wxs.run_test" name="test[wfs_filter_postgis_wfs_filter_postgis_equals_poly_xml]" time="0.544" /><testcase classname="wxs.run_test" name="test[wfs_filter_postgis_wfs_filter_postgis_disjoint_xml]" time="0.485" /><testcase classname="wxs.run_test" name="test[wfs_filter_postgis_wfs_filter_postgis_intersects_line_xml]" time="0.458" /><testcase classname="wxs.run_test" name="test[wfs_filter_postgis_wfs_filter_postgis_startindex_xml]" time="0.458" /><testcase classname="wxs.run_test" name="test[wfs_filter_postgis_wfs_filter_postgis_startindex2_xml]" time="0.449" /><testcase classname="wxs.run_test" name="test[wfs_filter_postgis_wfs_filter_postgis_property_is_equal_hits_xml]" time="0.452" /><testcase classname="wxs.run_test" name="test[wfs_filter_postgis_wfs_filter_postgis_bbox_hits_xml]" time="0.459" /><testcase classname="wxs.run_test" name="test[wfs_filter_postgis_wfs_filter_postgis_filter_item_hits_xml]" time="0.464" /><testcase classname="wxs.run_test" name="test[wfs_filter_postgis_wfs_filter_postgis_filter_item_hits_start_index_xml]" time="0.457" /><testcase classname="wxs.run_test" name="test[wfs_filter_postgis_wfs_filter_postgis_filter_item_hits_no_extent_xml]" time="0.477" /><testcase classname="wxs.run_test" name="test[wms_postgis_boxtoken_wms_get_map_polygon_postgis_boxtoken_png]" time="0.478"><failure message="AssertionError: (&quot;results don't match&quot;, '/Users/gfabbian/projects/MapServer/msautotest/wxs/wms_postgis_boxtoken.map', 'wms_get_map_polygon_postgis_boxtoken.png')">map = '/Users/gfabbian/projects/MapServer/msautotest/wxs/wms_postgis_boxtoken.map'
out_file = 'wms_get_map_polygon_postgis_boxtoken.png'
command = '[MAPSERV] QUERY_STRING="map=[MAPFILE]&amp;SERVICE=WMS&amp;VERSION=1.1.0&amp;REQUEST=GetMap&amp;SRS=EPSG:4326&amp;BBOX=-67.5725,42.3683,-58.9275,48.13&amp;FORMAT=image/png;%20mode=8bit&amp;WIDTH=300&amp;HEIGHT=200&amp;STYLES=&amp;LAYERS=road" &gt; [RESULT_DEMIME]\n'
extra_args = &lt;_pytest.config.Config object at 0x10a4dfa10&gt;

    @pytest.mark.parametrize(
        "map,out_file,command",
        mstestlib.get_pytests(os.path.dirname(os.path.abspath(__file__))),
    )
    def test(map, out_file, command, extra_args):
&gt;       mstestlib.run_pytest(map, out_file, command, extra_args)

run_test.py:46: 
_ _ _ _ _ _ _ _ _ _ _ _ _ _ _ _ _ _ _ _ _ _ _ _ _ _ _ _ _ _ _ _ _ _ 

map = '/Users/gfabbian/projects/MapServer/msautotest/wxs/wms_postgis_boxtoken.map'
out_file = 'wms_get_map_polygon_postgis_boxtoken.png'
command = '[MAPSERV] QUERY_STRING="map=[MAPFILE]&amp;SERVICE=WMS&amp;VERSION=1.1.0&amp;REQUEST=GetMap&amp;SRS=EPSG:4326&amp;BBOX=-67.5725,42.3683,-58.9275,48.13&amp;FORMAT=image/png;%20mode=8bit&amp;WIDTH=300&amp;HEIGHT=200&amp;STYLES=&amp;LAYERS=road" &gt; [RESULT_DEMIME]\n'
extra_args = &lt;_pytest.config.Config object at 0x10a4dfa10&gt;

    def run_pytest(map, out_file, command, extra_args):
    
        os.chdir(os.path.dirname(map))
    
        ret, msg = _run(map, out_file, command, extra_args)
&gt;       assert ret, msg
               ^^^
E       AssertionError: ("results don't match", '/Users/gfabbian/projects/MapServer/msautotest/wxs/wms_postgis_boxtoken.map', 'wms_get_map_polygon_postgis_boxtoken.png')

../pymod/mstestlib.py:882: AssertionError</failure></testcase><testcase classname="wxs.run_test" name="test[wms_ogr_native_sql_wms_ogr_native_png]" time="0.427" /><testcase classname="wxs.run_test" name="test[wms_ogr_native_sql_wms_ogr_native_sql_data_png]" time="0.468" /></testsuite></testsuites>